 Abaqus/Standard 3DEXPERIENCE R2018x                  DATE 23-Mar-2022 TIME 14:58:25
 SUMMARY OF JOB INFORMATION:
 MONITOR NODE:       3  INSTANCE: PART-1-1    DOF:  1
 STEP  INC ATT SEVERE EQUIL TOTAL  TOTAL      STEP       INC OF       DOF    IF
               DISCON ITERS ITERS  TIME/    TIME/LPF    TIME/LPF    MONITOR RIKS
               ITERS               FREQ
   1     1   1     0     1     1  5.00       5.00       5.000       0.00100  
   1     2   1     0     1     1  10.0       10.0       5.000       0.00200  
   1     3   1     0     1     1  15.0       15.0       5.000       0.00300  
   1     4   1     0     1     1  20.0       20.0       5.000       0.00400  
   1     5   1     0     1     1  25.0       25.0       5.000       0.00500  
   1     6   1     0     1     1  30.0       30.0       5.000       0.00600  
   1     7   1     0     1     1  35.0       35.0       5.000       0.00700  
   1     8   1     0     1     1  40.0       40.0       5.000       0.00800  
   1     9   1     0     1     1  45.0       45.0       5.000       0.00900  
   1    10   1     0     1     1  50.0       50.0       5.000       0.0100   
   1    11   1     0     1     1  55.0       55.0       5.000       0.0110   
   1    12   1     0     1     1  60.0       60.0       5.000       0.0120   
   1    13   1     0     1     1  65.0       65.0       5.000       0.0130   
   1    14   1     0     1     1  70.0       70.0       5.000       0.0140   
   1    15   1     0     1     1  75.0       75.0       5.000       0.0150   
   1    16   1     0     1     1  80.0       80.0       5.000       0.0160   
   1    17   1     0     1     1  85.0       85.0       5.000       0.0170   
   1    18   1     0     1     1  90.0       90.0       5.000       0.0180   
   1    19   1     0     1     1  95.0       95.0       5.000       0.0190   
   1    20   1     0     1     1  100.       100.       5.000       0.0200   
   1    21   1     0     1     1  105.       105.       5.000       0.0210   
   1    22   1     0     1     1  110.       110.       5.000       0.0220   
   1    23   1     0     1     1  115.       115.       5.000       0.0230   
   1    24   1     0     1     1  120.       120.       5.000       0.0240   
   1    25   1     0     1     1  125.       125.       5.000       0.0250   
   1    26   1     0     1     1  130.       130.       5.000       0.0260   
   1    27   1     0     1     1  135.       135.       5.000       0.0270   
   1    28   1     0     1     1  140.       140.       5.000       0.0280   
   1    29   1     0     1     1  145.       145.       5.000       0.0290   
   1    30   1     0     1     1  150.       150.       5.000       0.0300   
   1    31   1     0     1     1  155.       155.       5.000       0.0290   
   1    32   1     0     1     1  160.       160.       5.000       0.0280   
   1    33   1     0     1     1  165.       165.       5.000       0.0270   
   1    34   1     0     1     1  170.       170.       5.000       0.0260   
   1    35   1     0     1     1  175.       175.       5.000       0.0250   
   1    36   1     0     1     1  180.       180.       5.000       0.0240   
   1    37   1     0     1     1  185.       185.       5.000       0.0230   
   1    38   1     0     1     1  190.       190.       5.000       0.0220   
   1    39   1     0     1     1  195.       195.       5.000       0.0210   
   1    40   1     0     1     1  200.       200.       5.000       0.0200   
   1    41   1     0     1     1  205.       205.       5.000       0.0190   
   1    42   1     0     1     1  210.       210.       5.000       0.0180   
   1    43   1     0     1     1  215.       215.       5.000       0.0170   
   1    44   1     0     1     1  220.       220.       5.000       0.0160   
   1    45   1     0     1     1  225.       225.       5.000       0.0150   
   1    46   1     0     1     1  230.       230.       5.000       0.0140   
   1    47   1     0     1     1  235.       235.       5.000       0.0130   
   1    48   1     0     1     1  240.       240.       5.000       0.0120   
   1    49   1     0     1     1  245.       245.       5.000       0.0110   
   1    50   1     0     1     1  250.       250.       5.000       0.0100   
   1    51   1     0     1     1  255.       255.       5.000       0.00900  
   1    52   1     0     1     1  260.       260.       5.000       0.00800  
   1    53   1     0     1     1  265.       265.       5.000       0.00700  
   1    54   1     0     1     1  270.       270.       5.000       0.00600  
   1    55   1     0     1     1  275.       275.       5.000       0.00500  
   1    56   1     0     1     1  280.       280.       5.000       0.00400  
   1    57   1     0     1     1  285.       285.       5.000       0.00300  
   1    58   1     0     1     1  290.       290.       5.000       0.00200  
   1    59   1     0     1     1  295.       295.       5.000       0.00100  
   1    60   1     0     1     1  300.       300.       5.000       0.00     
   1    61   1     0     1     1  305.       305.       5.000      -0.00100  
   1    62   1     0     1     1  310.       310.       5.000      -0.00200  
   1    63   1     0     1     1  315.       315.       5.000      -0.00300  
   1    64   1     0     1     1  320.       320.       5.000      -0.00400  
   1    65   1     0     1     1  325.       325.       5.000      -0.00500  
   1    66   1     0     1     1  330.       330.       5.000      -0.00600  
   1    67   1     0     1     1  335.       335.       5.000      -0.00700  
   1    68   1     0     1     1  340.       340.       5.000      -0.00800  
   1    69   1     0     1     1  345.       345.       5.000      -0.00900  
   1    70   1     0     1     1  350.       350.       5.000      -0.0100   
   1    71   1     0     1     1  355.       355.       5.000      -0.0110   
   1    72   1     0     1     1  360.       360.       5.000      -0.0120   
   1    73   1     0     1     1  365.       365.       5.000      -0.0130   
   1    74   1     0     1     1  370.       370.       5.000      -0.0140   
   1    75   1     0     1     1  375.       375.       5.000      -0.0150   
   1    76   1     0     1     1  380.       380.       5.000      -0.0160   
   1    77   1     0     1     1  385.       385.       5.000      -0.0170   
   1    78   1     0     1     1  390.       390.       5.000      -0.0180   
   1    79   1     0     1     1  395.       395.       5.000      -0.0190   
   1    80   1     0     1     1  400.       400.       5.000      -0.0200   
   1    81   1     0     1     1  405.       405.       5.000      -0.0210   
   1    82   1     0     1     1  410.       410.       5.000      -0.0220   
   1    83   1     0     1     1  415.       415.       5.000      -0.0230   
   1    84   1     0     1     1  420.       420.       5.000      -0.0240   
   1    85   1     0     1     1  425.       425.       5.000      -0.0250   
   1    86   1     0     1     1  430.       430.       5.000      -0.0260   
   1    87   1     0     1     1  435.       435.       5.000      -0.0270   
   1    88   1     0     1     1  440.       440.       5.000      -0.0280   
   1    89   1     0     1     1  445.       445.       5.000      -0.0290   
   1    90   1     0     1     1  450.       450.       5.000      -0.0300   
   1    91   1     0     1     1  455.       455.       5.000      -0.0290   
   1    92   1     0     1     1  460.       460.       5.000      -0.0280   
   1    93   1     0     1     1  465.       465.       5.000      -0.0270   
   1    94   1     0     1     1  470.       470.       5.000      -0.0260   
   1    95   1     0     1     1  475.       475.       5.000      -0.0250   
   1    96   1     0     1     1  480.       480.       5.000      -0.0240   
   1    97   1     0     1     1  485.       485.       5.000      -0.0230   
   1    98   1     0     1     1  490.       490.       5.000      -0.0220   
   1    99   1     0     1     1  495.       495.       5.000      -0.0210   
   1   100   1     0     1     1  500.       500.       5.000      -0.0200   
   1   101   1     0     1     1  505.       505.       5.000      -0.0190   
   1   102   1     0     1     1  510.       510.       5.000      -0.0180   
   1   103   1     0     1     1  515.       515.       5.000      -0.0170   
   1   104   1     0     1     1  520.       520.       5.000      -0.0160   
   1   105   1     0     1     1  525.       525.       5.000      -0.0150   
   1   106   1     0     1     1  530.       530.       5.000      -0.0140   
   1   107   1     0     1     1  535.       535.       5.000      -0.0130   
   1   108   1     0     1     1  540.       540.       5.000      -0.0120   
   1   109   1     0     1     1  545.       545.       5.000      -0.0110   
   1   110   1     0     1     1  550.       550.       5.000      -0.0100   
   1   111   1     0     1     1  555.       555.       5.000      -0.00900  
   1   112   1     0     1     1  560.       560.       5.000      -0.00800  
   1   113   1     0     1     1  565.       565.       5.000      -0.00700  
   1   114   1     0     1     1  570.       570.       5.000      -0.00600  
   1   115   1     0     1     1  575.       575.       5.000      -0.00500  
   1   116   1     0     1     1  580.       580.       5.000      -0.00400  
   1   117   1     0     1     1  585.       585.       5.000      -0.00300  
   1   118   1     0     1     1  590.       590.       5.000      -0.00200  
   1   119   1     0     1     1  595.       595.       5.000      -0.00100  
   1   120   1     0     1     1  600.       600.       5.000       0.00     
   1   121   1     0     1     1  605.       605.       5.000       0.00100  
   1   122   1     0     1     1  610.       610.       5.000       0.00200  
   1   123   1     0     1     1  615.       615.       5.000       0.00300  
   1   124   1     0     1     1  620.       620.       5.000       0.00400  
   1   125   1     0     1     1  625.       625.       5.000       0.00500  
   1   126   1     0     1     1  630.       630.       5.000       0.00600  
   1   127   1     0     1     1  635.       635.       5.000       0.00700  
   1   128   1     0     1     1  640.       640.       5.000       0.00800  
   1   129   1     0     1     1  645.       645.       5.000       0.00900  
   1   130   1     0     1     1  650.       650.       5.000       0.0100   
   1   131   1     0     1     1  655.       655.       5.000       0.0110   
   1   132   1     0     1     1  660.       660.       5.000       0.0120   
   1   133   1     0     1     1  665.       665.       5.000       0.0130   
   1   134   1     0     1     1  670.       670.       5.000       0.0140   
   1   135   1     0     1     1  675.       675.       5.000       0.0150   
   1   136   1     0     1     1  680.       680.       5.000       0.0160   
   1   137   1     0     1     1  685.       685.       5.000       0.0170   
   1   138   1     0     1     1  690.       690.       5.000       0.0180   
   1   139   1     0     1     1  695.       695.       5.000       0.0190   
   1   140   1     0     1     1  700.       700.       5.000       0.0200   
   1   141   1     0     1     1  705.       705.       5.000       0.0210   
   1   142   1     0     1     1  710.       710.       5.000       0.0220   
   1   143   1     0     1     1  715.       715.       5.000       0.0230   
   1   144   1     0     1     1  720.       720.       5.000       0.0240   
   1   145   1     0     1     1  725.       725.       5.000       0.0250   
   1   146   1     0     1     1  730.       730.       5.000       0.0260   
   1   147   1     0     1     1  735.       735.       5.000       0.0270   
   1   148   1     0     1     1  740.       740.       5.000       0.0280   
   1   149   1     0     1     1  745.       745.       5.000       0.0290   
   1   150   1     0     1     1  750.       750.       5.000       0.0300   
   1   151   1     0     1     1  755.       755.       5.000       0.0290   
   1   152   1     0     1     1  760.       760.       5.000       0.0280   
   1   153   1     0     1     1  765.       765.       5.000       0.0270   
   1   154   1     0     1     1  770.       770.       5.000       0.0260   
   1   155   1     0     1     1  775.       775.       5.000       0.0250   
   1   156   1     0     1     1  780.       780.       5.000       0.0240   
   1   157   1     0     1     1  785.       785.       5.000       0.0230   
   1   158   1     0     1     1  790.       790.       5.000       0.0220   
   1   159   1     0     1     1  795.       795.       5.000       0.0210   
   1   160   1     0     1     1  800.       800.       5.000       0.0200   
   1   161   1     0     1     1  805.       805.       5.000       0.0190   
   1   162   1     0     1     1  810.       810.       5.000       0.0180   
   1   163   1     0     1     1  815.       815.       5.000       0.0170   
   1   164   1     0     1     1  820.       820.       5.000       0.0160   
   1   165   1     0     1     1  825.       825.       5.000       0.0150   
   1   166   1     0     1     1  830.       830.       5.000       0.0140   
   1   167   1     0     1     1  835.       835.       5.000       0.0130   
   1   168   1     0     1     1  840.       840.       5.000       0.0120   
   1   169   1     0     1     1  845.       845.       5.000       0.0110   
   1   170   1     0     1     1  850.       850.       5.000       0.0100   
   1   171   1     0     1     1  855.       855.       5.000       0.00900  
   1   172   1     0     1     1  860.       860.       5.000       0.00800  
   1   173   1     0     1     1  865.       865.       5.000       0.00700  
   1   174   1     0     1     1  870.       870.       5.000       0.00600  
   1   175   1     0     1     1  875.       875.       5.000       0.00500  
   1   176   1     0     1     1  880.       880.       5.000       0.00400  
   1   177   1     0     1     1  885.       885.       5.000       0.00300  
   1   178   1     0     1     1  890.       890.       5.000       0.00200  
   1   179   1     0     1     1  895.       895.       5.000       0.00100  
   1   180   1     0     1     1  900.       900.       5.000       0.00     
                          
 THE ANALYSIS HAS COMPLETED SUCCESSFULLY
