0
1
0
Assembly-1
1
PART-1-1
PART-1
1
PART-1-1
20
1
2
3
4
5
6
7
8
9
10
11
12
13
14
15
16
17
18
19
20
0
1
PART-1-1
12
1
2
3
4
5
6
7
8
9
10
11
12
0
0
1
PART-1-1
5
CYL
0
1
12
1 2 3 4 5 6 7 8 9 10 11 12 
0
0
RADIALVARIATION
0
1
4
9 10 11 12 
0
0
SET-1
0
1
12
1 2 3 4 5 6 7 8 9 10 11 12 
0
0
SYMM_BC1
0
1
4
9 10 11 12 
0
0
SYMM_BC2
0
1
4
1 2 3 4 
0
0
0
0
1
PART-1-1
5
CYLINDER_RADIALNODES
1
1
1
1
5
20 19 18 17 16 
INNERSURFACE_S2
0
1
4
5 10 15 20 
0
0
SET-1
0
1
20
1 2 3 4 5 6 7 8 9 10 11 12 13 14 15 16 17 18 19 20 
0
0
SYMM_BC1
0
1
5
16 17 18 19 20 
0
0
SYMM_BC2
0
1
5
1 2 3 4 5 
0
0
0
0
0
