 Abaqus/Standard 3DEXPERIENCE R2018x                  DATE 23-Mar-2022 TIME 14:33:58
 SUMMARY OF JOB INFORMATION:
 MONITOR NODE:       3  INSTANCE: PART-1-1    DOF:  1
 STEP  INC ATT SEVERE EQUIL TOTAL  TOTAL      STEP       INC OF       DOF    IF
               DISCON ITERS ITERS  TIME/    TIME/LPF    TIME/LPF    MONITOR RIKS
               ITERS               FREQ
   1     1   1     0     1     1  5.00       5.00       5.000       0.00100  
   1     2   1     0     1     1  10.0       10.0       5.000       0.00200  
   1     3   1     0     1     1  15.0       15.0       5.000       0.00300  
   1     4   1     0     1     1  20.0       20.0       5.000       0.00400  
   1     5   1     0     1     1  25.0       25.0       5.000       0.00500  
   1     6   1     0     1     1  30.0       30.0       5.000       0.00600  
   1     7   1     0     1     1  35.0       35.0       5.000       0.00700  
   1     8   1     0     1     1  40.0       40.0       5.000       0.00800  
   1     9   1     0     1     1  45.0       45.0       5.000       0.00900  
   1    10   1     0     1     1  50.0       50.0       5.000       0.0100   
   1    11   1     0     1     1  55.0       55.0       5.000       0.0110   
   1    12   1     0     1     1  60.0       60.0       5.000       0.0120   
   1    13   1     0     1     1  65.0       65.0       5.000       0.0130   
   1    14   1     0     1     1  70.0       70.0       5.000       0.0140   
   1    15   1     0     1     1  75.0       75.0       5.000       0.0150   
   1    16   1     0     1     1  80.0       80.0       5.000       0.0160   
   1    17   1     0     1     1  85.0       85.0       5.000       0.0170   
   1    18   1     0     1     1  90.0       90.0       5.000       0.0180   
   1    19   1     0     1     1  95.0       95.0       5.000       0.0190   
   1    20   1     0     1     1  100.       100.       5.000       0.0200   
   1    21   1     0     1     1  105.       105.       5.000       0.0210   
   1    22   1     0     1     1  110.       110.       5.000       0.0220   
   1    23   1     0     1     1  115.       115.       5.000       0.0230   
   1    24   1     0     1     1  120.       120.       5.000       0.0240   
   1    25   1     0     1     1  125.       125.       5.000       0.0250   
   1    26   1     0     1     1  130.       130.       5.000       0.0260   
   1    27   1     0     1     1  135.       135.       5.000       0.0270   
   1    28   1     0     1     1  140.       140.       5.000       0.0280   
   1    29   1     0     1     1  145.       145.       5.000       0.0290   
   1    30   1     0     1     1  150.       150.       5.000       0.0300   
                          
 THE ANALYSIS HAS COMPLETED SUCCESSFULLY
