1
0
1
ASSEMBLY
1
PART-1-1
PART-1
1
PART-1-1
20
1 1
2 2
3 3
4 4
5 5
6 6
7 7
8 8
9 9
10 10
11 11
12 12
13 13
14 14
15 15
16 16
17 17
18 18
19 19
20 20
1 1
2 2
3 3
4 4
5 5
6 6
7 7
8 8
9 9
10 10
11 11
12 12
13 13
14 14
15 15
16 16
17 17
18 18
19 19
20 20
0
1
PART-1-1
12
1 1
2 2
3 3
4 4
5 5
6 6
7 7
8 8
9 9
10 10
11 11
12 12
1 1
2 2
3 3
4 4
5 5
6 6
7 7
8 8
9 9
10 10
11 11
12 12
0
6
RADIALVARIATION
0
1
0
1
PART-1-1
4
9 10 11 12 
0
SET-1
0
1
0
1
PART-1-1
4
9 10 11 12 
0
SET-2
0
1
0
1
PART-1-1
4
1 2 3 4 
0
SYMM_BC1
0
1
0
1
PART-1-1
4
9 10 11 12 
0
SYMM_BC2
0
1
0
1
PART-1-1
4
1 2 3 4 
0
_INNERSURFACE_S2
0
2
0
1
PART-1-1
3
4 8 12 
0
1
PART-1-1
3
Edge Seeds-1
0
1
3
1 5 9 
0
0
Edge Seeds-2
0
1
4
1 2 3 4 
0
0
SET-1
0
1
12
1 2 3 4 5 6 7 8 9 10 11 12 
0
0
0
4
SET-1
0
1
0
1
PART-1-1
5
16 17 18 19 20 
0
SET-2
0
1
0
1
PART-1-1
5
1 2 3 4 5 
0
SYMM_BC1
0
1
0
1
PART-1-1
5
16 17 18 19 20 
0
SYMM_BC2
0
1
0
1
PART-1-1
5
1 2 3 4 5 
0
1
PART-1-1
4
CYLINDER_RADIALNODES
1
1
1
1
5
20 19 18 17 16 
Edge Seeds-1
0
1
4
1 6 11 16 
0
0
Edge Seeds-2
0
1
5
1 2 3 4 5 
0
0
SET-1
0
1
20
1 2 3 4 5 6 7 8 9 10 11 12 13 14 15 16 17 18 19 20 
0
0
0
0
1
INNERSURFACE
0
0
0
1
PART-1-1
0
0
1
S2
3
4 8 12 
