 Abaqus/Standard 3DEXPERIENCE R2018x                  DATE 23-Mar-2022 TIME 14:32:38
 SUMMARY OF JOB INFORMATION:
 MONITOR NODE:       3  INSTANCE: PART-1-1    DOF:  1
 STEP  INC ATT SEVERE EQUIL TOTAL  TOTAL      STEP       INC OF       DOF    IF
               DISCON ITERS ITERS  TIME/    TIME/LPF    TIME/LPF    MONITOR RIKS
               ITERS               FREQ
   1     1   1     0     1     1  10.0       10.0       10.00       0.00200  
   1     2   1     0     1     1  20.0       20.0       10.00       0.00400  
   1     3   1     0     1     1  30.0       30.0       10.00       0.00600  
   1     4   1     0     1     1  40.0       40.0       10.00       0.00800  
   1     5   1     0     1     1  50.0       50.0       10.00       0.0100   
   1     6   1     0     1     1  60.0       60.0       10.00       0.0120   
   1     7   1     0     1     1  70.0       70.0       10.00       0.0140   
   1     8   1     0     1     1  80.0       80.0       10.00       0.0160   
   1     9   1     0     1     1  90.0       90.0       10.00       0.0180   
   1    10   1     0     1     1  100.       100.       10.00       0.0200   
   1    11   1     0     1     1  110.       110.       10.00       0.0220   
   1    12   1     0     1     1  120.       120.       10.00       0.0240   
   1    13   1     0     1     1  130.       130.       10.00       0.0260   
   1    14   1     0     1     1  140.       140.       10.00       0.0280   
   1    15   1     0     1     1  150.       150.       10.00       0.0300   
                          
 THE ANALYSIS HAS COMPLETED SUCCESSFULLY
