 Abaqus/Standard 3DEXPERIENCE R2018x                  DATE 19-Mar-2022 TIME 23:04:31
 SUMMARY OF JOB INFORMATION:
 MONITOR NODE:       3  INSTANCE: PART-1-1    DOF:  1
 STEP  INC ATT SEVERE EQUIL TOTAL  TOTAL      STEP       INC OF       DOF    IF
               DISCON ITERS ITERS  TIME/    TIME/LPF    TIME/LPF    MONITOR RIKS
               ITERS               FREQ
   1     1   1     0     1     1  0.100      0.100      0.1000      0.000667 
   1     2   1     0     1     1  0.200      0.200      0.1000      0.00133  
   1     3   1     0     1     1  0.300      0.300      0.1000      0.00200  
   1     4   1     0     1     1  0.400      0.400      0.1000      0.00267  
   1     5   1     0     1     1  0.500      0.500      0.1000      0.00333  
   1     6   1     0     1     1  0.600      0.600      0.1000      0.00400  
   1     7   1     0     1     1  0.700      0.700      0.1000      0.00466  
   1     8   1     0     1     1  0.800      0.800      0.1000      0.00533  
   1     9   1     0     1     1  0.900      0.900      0.1000      0.00599  
   1    10   1     0     1     1  1.00       1.00       0.1000      0.00666  
   1    11   1     0     1     1  1.10       1.10       0.1000      0.00733  
   1    12   1     0     1     1  1.20       1.20       0.1000      0.00800  
   1    13   1     0     1     1  1.30       1.30       0.1000      0.00868  
   1    14   1     0     1     1  1.40       1.40       0.1000      0.00935  
   1    15   1     0     2     2  1.50       1.50       0.1000      0.0101   
   1    16   1     0     2     2  1.60       1.60       0.1000      0.0120   
   1    17   1     0     2     2  1.70       1.70       0.1000      0.0140   
   1    18   1     0     2     2  1.80       1.80       0.1000      0.0159   
   1    19   1     0     2     2  1.90       1.90       0.1000      0.0178   
   1    20   1     0     2     2  2.00       2.00       0.1000      0.0198   
   1    21   1     0     1     1  2.10       2.10       0.1000      0.0190   
   1    22   1     0     1     1  2.20       2.20       0.1000      0.0181   
   1    23   1     0     1     1  2.30       2.30       0.1000      0.0173   
   1    24   1     0     1     1  2.40       2.40       0.1000      0.0165   
   1    25   1     0     1     1  2.50       2.50       0.1000      0.0156   
   1    26   1     0     1     1  2.60       2.60       0.1000      0.0148   
   1    27   1     0     1     1  2.70       2.70       0.1000      0.0140   
   1    28   1     0     1     1  2.80       2.80       0.1000      0.0131   
   1    29   1     0     1     1  2.90       2.90       0.1000      0.0123   
   1    30   1     0     1     1  3.00       3.00       0.1000      0.0115   
                          
 THE ANALYSIS HAS COMPLETED SUCCESSFULLY
