 Abaqus/Standard 3DEXPERIENCE R2018x                  DATE 23-Mar-2022 TIME 14:29:00
 SUMMARY OF JOB INFORMATION:
 MONITOR NODE:       3  INSTANCE: PART-1-1    DOF:  1
 STEP  INC ATT SEVERE EQUIL TOTAL  TOTAL      STEP       INC OF       DOF    IF
               DISCON ITERS ITERS  TIME/    TIME/LPF    TIME/LPF    MONITOR RIKS
               ITERS               FREQ
   1     1   1     0     1     1  0.100      0.100      0.1000      0.000500 
   1     2   1     0     1     1  0.200      0.200      0.1000      0.00100  
   1     3   1     0     1     1  0.300      0.300      0.1000      0.00150  
   1     4   1     0     1     1  0.400      0.400      0.1000      0.00200  
   1     5   1     0     1     1  0.500      0.500      0.1000      0.00250  
   1     6   1     0     1     1  0.600      0.600      0.1000      0.00300  
   1     7   1     0     1     1  0.700      0.700      0.1000      0.00350  
   1     8   1     0     1     1  0.800      0.800      0.1000      0.00400  
   1     9   1     0     1     1  0.900      0.900      0.1000      0.00450  
   1    10   1     0     1     1  1.00       1.00       0.1000      0.00500  
   1    11   1     0     1     1  1.10       1.10       0.1000      0.00550  
   1    12   1     0     1     1  1.20       1.20       0.1000      0.00600  
   1    13   1     0     1     1  1.30       1.30       0.1000      0.00650  
   1    14   1     0     1     1  1.40       1.40       0.1000      0.00700  
   1    15   1     0     1     1  1.50       1.50       0.1000      0.00750  
   1    16   1     0     1     1  1.60       1.60       0.1000      0.00800  
   1    17   1     0     1     1  1.70       1.70       0.1000      0.00850  
   1    18   1     0     1     1  1.80       1.80       0.1000      0.00900  
   1    19   1     0     1     1  1.90       1.90       0.1000      0.00950  
   1    20   1     0     1     1  2.00       2.00       0.1000      0.0100   
   1    21   1     0     1     1  2.10       2.10       0.1000      0.0105   
   1    22   1     0     1     1  2.20       2.20       0.1000      0.0110   
   1    23   1     0     1     1  2.30       2.30       0.1000      0.0115   
   1    24   1     0     1     1  2.40       2.40       0.1000      0.0120   
   1    25   1     0     1     1  2.50       2.50       0.1000      0.0125   
   1    26   1     0     1     1  2.60       2.60       0.1000      0.0130   
   1    27   1     0     1     1  2.70       2.70       0.1000      0.0135   
   1    28   1     0     1     1  2.80       2.80       0.1000      0.0140   
   1    29   1     0     1     1  2.90       2.90       0.1000      0.0145   
   1    30   1     0     1     1  3.00       3.00       0.1000      0.0150   
   1    31   1     0     1     1  3.10       3.10       0.1000      0.0155   
   1    32   1     0     1     1  3.20       3.20       0.1000      0.0160   
   1    33   1     0     1     1  3.30       3.30       0.1000      0.0165   
   1    34   1     0     1     1  3.40       3.40       0.1000      0.0170   
   1    35   1     0     1     1  3.50       3.50       0.1000      0.0175   
   1    36   1     0     1     1  3.60       3.60       0.1000      0.0180   
   1    37   1     0     1     1  3.70       3.70       0.1000      0.0185   
   1    38   1     0     1     1  3.80       3.80       0.1000      0.0190   
   1    39   1     0     1     1  3.90       3.90       0.1000      0.0195   
   1    40   1     0     1     1  4.00       4.00       0.1000      0.0200   
   1    41   1     0     1     1  4.10       4.10       0.1000      0.0205   
   1    42   1     0     1     1  4.20       4.20       0.1000      0.0210   
   1    43   1     0     1     1  4.30       4.30       0.1000      0.0215   
   1    44   1     0     1     1  4.40       4.40       0.1000      0.0220   
   1    45   1     0     1     1  4.50       4.50       0.1000      0.0225   
   1    46   1     0     1     1  4.60       4.60       0.1000      0.0230   
   1    47   1     0     1     1  4.70       4.70       0.1000      0.0235   
   1    48   1     0     1     1  4.80       4.80       0.1000      0.0240   
   1    49   1     0     1     1  4.90       4.90       0.1000      0.0245   
   1    50   1     0     1     1  5.00       5.00       0.1000      0.0250   
   1    51   1     0     1     1  5.10       5.10       0.1000      0.0255   
   1    52   1     0     1     1  5.20       5.20       0.1000      0.0260   
   1    53   1     0     1     1  5.30       5.30       0.1000      0.0265   
   1    54   1     0     1     1  5.40       5.40       0.1000      0.0270   
   1    55   1     0     1     1  5.50       5.50       0.1000      0.0275   
   1    56   1     0     1     1  5.60       5.60       0.1000      0.0280   
   1    57   1     0     1     1  5.70       5.70       0.1000      0.0285   
   1    58   1     0     1     1  5.80       5.80       0.1000      0.0290   
   1    59   1     0     1     1  5.90       5.90       0.1000      0.0295   
   1    60   1     0     1     1  6.00       6.00       0.1000      0.0300   
                          
 THE ANALYSIS HAS COMPLETED SUCCESSFULLY
