Abaqus JOB abaqus
Abaqus 2018
Abaqus Site ID: 200000000020602
Abaqus is located in the directory C:\SIMULIA\CAE\2018 C:\SIMULIA\CAE\2018\win_b64 C:\SIMULIA\CAE\2018\win_b64\code C:\SIMULIA\CAE\2018\win_b64\code\bin C:\SIMULIA\CAE\2018\win_b64\code\bin\SMAExternal C:\SIMULIA\CAE\2018\win_b64\CAEresources C:\SIMULIA\CAE\2018\win_b64\SMA C:\Program Files\Dassault Systemes\SimulationServices\V6R2018x\win_b64
Abaqus solver stack is located in the directory C:\Program Files\Dassault Systemes\SimulationServices\V6R2018x\win_b64
Sequence Information:
    C:\SIMULIA\CAE\2018\win_b64: 2017_11_07-22.51.41 127140
    C:\Program Files\Dassault Systemes\SimulationServices\V6R2018x\win_b64: 2017_11_07-22.51.41 127140
The Abaqus information files are located in the directory C:\SIMULIA\CAE\2018\win_b64\SMA\info
# Current Abaqus environment file settings
# ----------------------------------------
abaquslm_license_file='27001@matlab.iitb.ac.in;27800@localhost'
academic=RESEARCH
admin=[]
compile_cpp='cl /c /W0 /MD /TP /EHsc /DNDEBUG /DWIN32 /DTP_IP /D_CONSOLE /DNTI /DFLT_LIC /DOL_DOC /D__LIB__ /DHKS_NT /D_WINDOWS_SOURCE /DFAR= /D_WINDOWS /DABQ_WIN86_64 %P /I%I /IC:\\SIMULIA\\CAE\\2018'
compile_fmu=['win64CmpWrp', '-m64', '-msvc9', 'cl', '/LD', '/D_WINDOWS', '/TC', '/W0', '/I%I', '/IC:\\SIMULIA\\CAE\\2018']
compile_fortran='ifort /Qmkl:sequential /free /c /DABQ_WIN86_64 /extend-source /fpp /iface:cref /recursive /Qauto-scalar /QxSSE3 /QaxAVX /heap-arrays:1 /include:%I /include:C:\\SIMULIA\\CAE\\2018 %P /names:lowercase'
doc_root='http://help.3ds.com'
license_server_type=FLEXNET
link_exe='LINK /nologo /INCREMENTAL:NO /subsystem:console /machine:AMD64 /STACK:20000000 /NODEFAULTLIB:LIBC.LIB /NODEFAULTLIB:LIBCMT.LIB /DEFAULTLIB:OLDNAMES.LIB /DEFAULTLIB:LIBIFCOREMD.LIB /DEFAULTLIB:LIBIFPORTMD.LIB /DEFAULTLIB:LIBMMD.LIB /DEFAULTLIB:kernel32.lib /DEFAULTLIB:user32.lib /DEFAULTLIB:advapi32.lib /FIXED:NO /LARGEADDRESSAWARE /out:%J %F %M %L %B %O oldnames.lib user32.lib ws2_32.lib netapi32.lib advapi32.lib msvcrt.lib vcruntime.lib ucrt.lib'
link_sl='LINK /nologo /NOENTRY /INCREMENTAL:NO /subsystem:console /machine:AMD64 /NODEFAULTLIB:LIBC.LIB /NODEFAULTLIB:LIBCMT.LIB /DEFAULTLIB:OLDNAMES.LIB /DEFAULTLIB:LIBIFCOREMD.LIB /DEFAULTLIB:LIBIFPORTMD.LIB /DEFAULTLIB:LIBMMD.LIB /DEFAULTLIB:kernel32.lib /DEFAULTLIB:user32.lib /DEFAULTLIB:advapi32.lib /FIXED:NO /dll /def:%E /out:%U %F %A %L %B oldnames.lib user32.lib ws2_32.lib netapi32.lib advapi32.lib msvcrt.lib vcruntime.lib ucrt.lib'
mp_environment_export=('ABAQUSLM_LICENSE_FILE', 'ABAQUS_CCI_DEBUG', 'ABAQUS_CSE_CURRCONFIGMAPPING', 'ABAQUS_CSE_RELTIMETOLERANCE', 'ABAQUS_LANG', 'ABAQUS_MPF_DIAGNOSTIC_LEVEL', 'ABA_ADM_ALIGNMENT', 'ABA_ADM_MINIMUMDECREASE', 'ABA_ADM_MINIMUMINCREASE', 'ABA_ALL_ADB_IN_TMPDIR', 'ABA_CM_BUFFERING', 'ABA_CM_BUFFERING_LIMIT', 'ABA_CUTOFF_SLAVEFACET_ANGLE', 'ABA_DMPSOLVER_BWDPARALLELOFF', 'ABA_ELP_SURFACE_SPLIT', 'ABA_ELP_SUSPEND', 'ABA_EXT_SIMOUTPUT', 'ABA_HOME', 'ABA_ITERATIVE_SOLVER_VERBOSE', 'ABA_MEMORY_MODE', 'ABA_MPI_MESSAGE_TRACKING', 'ABA_MPI_VERBOSE_LEVEL', 'ABA_NUM_INTEGRATION_POINTS_LINE3D', 'ABA_SHARED_SAVEDIR', 'ABA_PATH', 'ABA_PRE_DECOMPOSITION', 'ABA_RESOURCE_MONITOR', 'ABA_RESOURCE_USEMALLINFO', 'ABA_SYMBOLIC_GENERALCOLLAPSE', 'ABA_SYMBOLIC_GENERAL_MAXCLIQUERANK', 'ABA_TOSCA_PROTOTYPE', 'ABA_TOSCA_SEQFILES', 'ABA_UNIT_INDEPENDENT_CONTACT', 'ABQLMHANGLIMIT', 'ABQLMIMPL', 'ABQLMQUEUE', 'ABQLMUSER', 'ABQ_ACTIVATE_PTK', 'ABQ_CRTMALLOC', 'ABQ_DATACHECK', 'ABQ_DLALLOCATOR', 'ABQ_RECOVER', 'ABQ_RESTART', 'ABQ_SPLITFILE', 'ABQ_STD_ACCUM_CSLIP', 'ABQ_STD_ACTIVATE_BEAM_ROTATION', 'ABQ_STD_ALLOW_SURFACE_TO_BEAM', 'ABQ_XFEM_POREPRESSURE', 'ABQ_XPL_PARTITIONSIZE', 'ABQ_XPL_WINDOWDUMP', 'ACML_FAST_MALLOC', 'ACML_FAST_MALLOC_CHUNK_SIZE', 'ACML_FAST_MALLOC_DEBUG', 'ACML_FAST_MALLOC_MAX_CHUNKS', 'ADB_USE_OLDSLDB', 'ADB_USE_NEWSLDB', 'CCI_RENDEZVOUS', 'DOMAIN', 'DOMAIN_CPUS', 'DOUBLE_PRECISION', 'DSLS_CONFIG', 'FLEXLM_DIAGNOSTICS', 'FOR0006', 'FOR0064', 'FOR_DISABLE_DIAGNOSTIC_DISPLAY', 'FOR_IGNORE_EXCEPTIONS', 'IPATH_NO_CPUAFFINITY', 'LD_PRELOAD', 'MALLOC_MMAP_THRESHOLD_', 'MKL_DYNAMIC', 'MKL_NUM_THREADS', 'MPCCI_CODEID', 'MPCCI_DEBUG', 'MPCCI_JOBID', 'MPCCI_NETDEVICE', 'MPCCI_SERVER', 'MPCCI_TINFO', 'MPC_GANG', 'MPIEXEC_AFFINITY_TABLE', 'MPI_FLAGS', 'MPI_FLUSH_FCACHE', 'MPI_PROPAGATE_TSTP', 'MPI_RDMA_MSGSIZE', 'MPI_RDMA_NENVELOPE', 'MPI_SOCKBUFSIZE', 'MPI_USE_MALLOPT_MMAP_MAX', 'MPI_USE_MALLOPT_MMAP_THRESHOLD', 'MPI_USE_MALLOPT_SBRK_PROTECTION', 'MPI_WORKDIR', 'MP_NUMBER_OF_THREADS', 'MPICH_ND_ZCOPY_THRESHOLD', 'NCPUS', 'OMP_DYNAMIC', 'OMP_NUM_THREADS', 'OUTDIR', 'PAIDUP', 'PARALLEL_METHOD', 'RAIDEV_NDREG_LAZYMEM', 'SMA_PARENT', 'SMA_PLATFORM', 'SMA_WS', 'SIMULIA_COSIN_PATH')
mp_file_system=(DETECT, DETECT)
mp_mode=MPI
mp_mpi_implementation=NATIVE
mp_mpi_searchpath=['Microsoft MPI', 'Microsoft HPC Pack', 'Microsoft HPC Pack 2008 R2', 'Microsoft HPC Pack 2008', 'Microsoft HPC Pack 2008 SDK', 'Microsoft HPC Pack 2012']
mp_mpirun_path={MSSDK: 'C:\\Program Files\\Microsoft MPI', NATIVE: 'C:\\Program Files\\Microsoft MPI\\bin\\mpiexec.exe'}
mp_num_parallel_ftps=(4, 4)
mp_rsh_command='dummy %H -l %U -n %C'
onCaeGraphicsStartup=<function onCaeGraphicsStartup at 0x00000248F7393C18>
plugin_central_dir='C:\\SIMULIA\\CAE\\plugins\\2018'
standard_parallel=ALL


Running system configuration checks for Windows/x86-64.
Please wait until all necessary information has been gathered...

Current system configuration is:

Date:                 Fri Apr  1 23:56:01 2022
Hostname:             LAPTOP-BRO9FT16
Username:             lenovo (admin)
System Host ID:       0045e219363f
DSLS Target ID:       GBJ-41BA1045E219363F
IP Address:           192.168.0.108, 10.204.10.19
Processor:            Intel(R) Core(TM) i5-1035G1 CPU @ 1.00GHz
Number of CPUs:       8
Physical Memory:      7988 MB
Virtual Memory:       14102 Available / 26345 Total Mbytes
OS Version:           Windows 10 Home Single Language Home Edition  (Build
                      19043)
C++ Compiler:         Microsoft Visual C++ 14.31.31104.0
Linker Version:       Microsoft (R) Incremental Linker Version 14.31.31104.0
Fortran Compiler:     Intel Fortran Compiler 2021.5
MPI:                  MS-MPI 5.0.12435.6
Browser:              Brave Browser 99.1.36.122


Graphics Details:
Device Name:          Intel(R) UHD Graphics
Video Processor:      Intel(R) UHD Graphics Family
Adapter RAM:          1024.00 MB
Driver Date:          10/12/2020
Driver Version:       27.20.100.8729
State Flags:          PRIMARY_DEVICE
Horizontal Res:       1920 pixels in 344 mm => 5.581395 pix/mm
Vertical Res:         1080 pixels in 193 mm => 5.595855 pix/mm
Display Settings:     1920 x 1080 @ 0,0 - 32-bit - 60 Hz


Disk Space:
Drive     Available(Mbytes)       Total(Mbytes)
C:\                   42268              242920
D:\                  632839              953852

# MS Windows System Info output
# ------------------------------------------------------

Host Name:                 LAPTOP-BRO9FT16
OS Name:                   Microsoft Windows 10 Home Single Language
OS Version:                10.0.19043 N/A Build 19043
OS Manufacturer:           Microsoft Corporation
OS Configuration:          Standalone Workstation
OS Build Type:             Multiprocessor Free
Registered Owner:          prafullbhosale670@gmail.com
Registered Organization:   N/A
Product ID:                00327-35898-08428-AAOEM
Original Install Date:     17-10-2020, 6.24.15 AM
System Boot Time:          18-03-2022, 12.59.16 PM
System Manufacturer:       LENOVO
System Model:              81W8
System Type:               x64-based PC
Processor(s):              1 Processor(s) Installed.
                           [01]: Intel64 Family 6 Model 126 Stepping 5 GenuineIntel ~991 Mhz
BIOS Version:              LENOVO DKCN53WW, 31-05-2021
Windows Directory:         C:\Windows
System Directory:          C:\Windows\system32
Boot Device:               \Device\HarddiskVolume3
System Locale:             en-us;English (United States)
Input Locale:              00004009
Time Zone:                 (UTC+05:30) Chennai, Kolkata, Mumbai, New Delhi
Total Physical Memory:     7,987 MB
Available Physical Memory: 513 MB
Virtual Memory: Max Size:  26,344 MB
Virtual Memory: Available: 14,122 MB
Virtual Memory: In Use:    12,222 MB
Page File Location(s):     C:\pagefile.sys
Domain:                    WORKGROUP
Logon Server:              \\LAPTOP-BRO9FT16
Hotfix(s):                 16 Hotfix(s) Installed.
                           [01]: KB5009467
                           [02]: KB4534170
                           [03]: KB4537759
                           [04]: KB4542335
                           [05]: KB4545706
                           [06]: KB4560366
                           [07]: KB4577266
                           [08]: KB4577586
                           [09]: KB4580325
                           [10]: KB4598481
                           [11]: KB5000736
                           [12]: KB5011487
                           [13]: KB5006753
                           [14]: KB5007273
                           [15]: KB5011352
                           [16]: KB5005699
Network Card(s):           4 NIC(s) Installed.
                           [01]: Realtek 8822CE Wireless LAN 802.11ac PCI-E NIC
                                 Connection Name: Wi-Fi
                                 DHCP Enabled:    Yes
                                 DHCP Server:     192.168.0.1
                                 IP address(es)
                                 [01]: 192.168.0.108
                           [02]: Wintun Userspace Tunnel
                                 Connection Name: OpenVPN Wintun
                                 Status:          Media disconnected
                           [03]: TAP-Windows Adapter V9
                                 Connection Name: OpenVPN TAP-Windows6
                                 DHCP Enabled:    Yes
                                 DHCP Server:     10.204.0.0
                                 IP address(es)
                                 [01]: 10.204.10.19
                           [04]: TAP-ProtonVPN Windows Adapter V9
                                 Connection Name: Local Area Connection
                                 Status:          Media disconnected
Hyper-V Requirements:      VM Monitor Mode Extensions: Yes
                           Virtualization Enabled In Firmware: Yes
                           Second Level Address Translation: Yes
                           Data Execution Prevention Available: Yes

# Licensing Information
# ---------------------

# lmstat -c 27001@matlab.iitb.ac.in output.

# ------------------------------------------------------
lmstat - Copyright (c) 1989-2015 Flexera Software LLC. All Rights Reserved.
Flexible License Manager status on Fri 4/1/2022 23:56

[Detecting lmgrd processes...]
License server status: 27001@matlab.iitb.ac.in
    License file(s) on matlab.iitb.ac.in: /home/abaqus/flexnet/License/Abaqus-up-to-Aug-16-2022-5254001d98d6_ABQ19684_0006_1.LIC:

matlab.iitb.ac.in: license server UP (MASTER) v11.6

Vendor daemon status (on matlab.iitb.ac.in):

  ABAQUSLM: UP v11.6


# lmstat -c 27001@matlab.iitb.ac.in -S ABAQUSLM output.

# ------------------------------------------------------
lmstat - Copyright (c) 1989-2015 Flexera Software LLC. All Rights Reserved.
Flexible License Manager status on Fri 4/1/2022 23:56

[Detecting lmgrd processes...]
License server status: 27001@matlab.iitb.ac.in
    License file(s) on matlab.iitb.ac.in: /home/abaqus/flexnet/License/Abaqus-up-to-Aug-16-2022-5254001d98d6_ABQ19684_0006_1.LIC:

matlab.iitb.ac.in: license server UP (MASTER) v11.6

Vendor daemon status (on matlab.iitb.ac.in):

  ABAQUSLM: UP v11.6
Feature usage info:

Users of abaqus:  (Total of 25 licenses issued;  Total of 0 licenses in use)

Users of cae:  (Total of 5 licenses issued;  Total of 0 licenses in use)

Users of ams:  (Total of 1 license issued;  Total of 0 licenses in use)

Users of aqua:  (Total of 25 licenses issued;  Total of 0 licenses in use)

Users of cosim_acusolve:  (Total of 1 license issued;  Total of 0 licenses in use)

Users of cosim_direct:  (Total of 1 license issued;  Total of 0 licenses in use)

Users of cse:  (Total of 1 license issued;  Total of 0 licenses in use)

Users of design:  (Total of 25 licenses issued;  Total of 0 licenses in use)

Users of euler_lagrange:  (Total of 1 license issued;  Total of 0 licenses in use)

Users of gpgpu:  (Total of 1 license issued;  Total of 0 licenses in use)

Users of multiphysics:  (Total of 1 license issued;  Total of 0 licenses in use)

Users of parallel:  (Total of 16384 licenses issued;  Total of 0 licenses in use)

Users of pydriver:  (Total of 1 license issued;  Total of 0 licenses in use)

Users of cfd:  (Total of 25 licenses issued;  Total of 0 licenses in use)

Users of explicit:  (Total of 25 licenses issued;  Total of 0 licenses in use)

Users of foundation:  (Total of 25 licenses issued;  Total of 0 licenses in use)

Users of standard:  (Total of 25 licenses issued;  Total of 0 licenses in use)

Users of cse_token:  (Total of 25 licenses issued;  Total of 0 licenses in use)



# lmstat -c 27800@localhost output.

# ------------------------------------------------------
lmstat - Copyright (c) 1989-2015 Flexera Software LLC. All Rights Reserved.
Flexible License Manager status on Fri 4/1/2022 23:56

[Detecting lmgrd processes...]
License server status: 27800@localhost
    License file(s) on localhost: D:\SolidSQUAD_License_Servers\Licenses\lmgrd_SSQ.lic:

 localhost: license server UP v11.14.0

Vendor daemon status (on LAPTOP-BRO9FT16):

  ABAQUSLM: UP v11.6


# lmstat -c 27800@localhost -S ABAQUSLM output.

# ------------------------------------------------------
lmstat - Copyright (c) 1989-2015 Flexera Software LLC. All Rights Reserved.
Flexible License Manager status on Fri 4/1/2022 23:56

[Detecting lmgrd processes...]
License server status: 27800@localhost
    License file(s) on localhost: D:\SolidSQUAD_License_Servers\Licenses\lmgrd_SSQ.lic:

 localhost: license server UP v11.14.0

Vendor daemon status (on LAPTOP-BRO9FT16):

  ABAQUSLM: UP v11.6
Feature usage info:

Users of acp:  (Total of 1024 licenses issued;  Total of 0 licenses in use)

Users of adams:  (Total of 1024 licenses issued;  Total of 0 licenses in use)

Users of afcv5_structural:  (Total of 1024 licenses issued;  Total of 0 licenses in use)

Users of afcv5_thermal:  (Total of 1024 licenses issued;  Total of 0 licenses in use)

Users of ams:  (Total of 1024 licenses issued;  Total of 0 licenses in use)

Users of aqua:  (Total of 1024 licenses issued;  Total of 0 licenses in use)

Users of atom:  (Total of 1024 licenses issued;  Total of 0 licenses in use)

Users of atom_smooth:  (Total of 1024 licenses issued;  Total of 0 licenses in use)

Users of available:  (Total of 1024 licenses issued;  Total of 0 licenses in use)

Users of barrier_adv2k:  (Total of 1024 licenses issued;  Total of 0 licenses in use)

Users of barrier_aemdb_side:  (Total of 1024 licenses issued;  Total of 0 licenses in use)

Users of barrier_eevc:  (Total of 1024 licenses issued;  Total of 0 licenses in use)

Users of barrier_iihs:  (Total of 1024 licenses issued;  Total of 0 licenses in use)

Users of barrier_nhtsa:  (Total of 1024 licenses issued;  Total of 0 licenses in use)

Users of barrier_trl_fwdb_front:  (Total of 1024 licenses issued;  Total of 0 licenses in use)

Users of beamSectGen:  (Total of 1024 licenses issued;  Total of 0 licenses in use)

Users of biorid:  (Total of 1024 licenses issued;  Total of 0 licenses in use)

Users of cadporter_catia:  (Total of 1024 licenses issued;  Total of 0 licenses in use)

Users of cadporter_catiav5:  (Total of 1024 licenses issued;  Total of 0 licenses in use)

Users of cadporter_catiav6:  (Total of 1024 licenses issued;  Total of 0 licenses in use)

Users of cadporter_flow:  (Total of 1024 licenses issued;  Total of 0 licenses in use)

Users of cadporter_ideas:  (Total of 1024 licenses issued;  Total of 0 licenses in use)

Users of cadporter_parasolid:  (Total of 1024 licenses issued;  Total of 0 licenses in use)

Users of cadporter_proe:  (Total of 1024 licenses issued;  Total of 0 licenses in use)

Users of cae:  (Total of 1024 licenses issued;  Total of 0 licenses in use)

Users of cae_nogui:  (Total of 1024 licenses issued;  Total of 0 licenses in use)

Users of catiav5_assoc_import:  (Total of 1024 licenses issued;  Total of 0 licenses in use)

Users of catia_v6_assoc_import:  (Total of 1024 licenses issued;  Total of 0 licenses in use)

Users of catiav5_import:  (Total of 1024 licenses issued;  Total of 0 licenses in use)

Users of cel:  (Total of 1024 licenses issued;  Total of 0 licenses in use)

Users of cfd:  (Total of 1024 licenses issued;  Total of 0 licenses in use)

Users of cmold:  (Total of 1024 licenses issued;  Total of 0 licenses in use)

Users of cosim_abaqus:  (Total of 1024 licenses issued;  Total of 0 licenses in use)

Users of cosim_acusolve:  (Total of 1024 licenses issued;  Total of 0 licenses in use)

Users of cosim_direct:  (Total of 1024 licenses issued;  Total of 0 licenses in use)

Users of cosim_madymo:  (Total of 1024 licenses issued;  Total of 0 licenses in use)

Users of cosim_mpcci:  (Total of 1024 licenses issued;  Total of 0 licenses in use)

Users of cosim_user:  (Total of 1024 licenses issued;  Total of 0 licenses in use)

Users of cosimulation:  (Total of 1024 licenses issued;  Total of 0 licenses in use)

Users of cpus:  (Total of 1024 licenses issued;  Total of 0 licenses in use)

Users of cse:  (Total of 1024 licenses issued;  Total of 0 licenses in use)

Users of cse_token:  (Total of 1024 licenses issued;  Total of 0 licenses in use)

Users of debug:  (Total of 1024 licenses issued;  Total of 0 licenses in use)

Users of design:  (Total of 1024 licenses issued;  Total of 0 licenses in use)

Users of dummy_hmntcs_emhf:  (Total of 1024 licenses issued;  Total of 0 licenses in use)

Users of dummy_hmntcs_es2:  (Total of 1024 licenses issued;  Total of 0 licenses in use)

Users of dummy_hmntcs_es2re:  (Total of 1024 licenses issued;  Total of 0 licenses in use)

Users of dummy_hmntcs_flexpli:  (Total of 1024 licenses issued;  Total of 0 licenses in use)

Users of dummy_hmntcs_h305:  (Total of 1024 licenses issued;  Total of 0 licenses in use)

Users of dummy_hmntcs_h305_blst:  (Total of 1024 licenses issued;  Total of 0 licenses in use)

Users of dummy_hmntcs_h350:  (Total of 1024 licenses issued;  Total of 0 licenses in use)

Users of dummy_hmntcs_h350_blst:  (Total of 1024 licenses issued;  Total of 0 licenses in use)

Users of dummy_hmntcs_h395:  (Total of 1024 licenses issued;  Total of 0 licenses in use)

Users of dummy_hmntcs_h395_blst:  (Total of 1024 licenses issued;  Total of 0 licenses in use)

Users of dummy_hmntcs_q10:  (Total of 1024 licenses issued;  Total of 0 licenses in use)

Users of dummy_hmntcs_q6:  (Total of 1024 licenses issued;  Total of 0 licenses in use)

Users of dummy_hmntcs_sid2s_sblc:  (Total of 1024 licenses issued;  Total of 0 licenses in use)

Users of dummy_hmntcs_sid2s_sbld:  (Total of 1024 licenses issued;  Total of 0 licenses in use)

Users of euler_lagrange:  (Total of 1024 licenses issued;  Total of 0 licenses in use)

Users of explicit:  (Total of 1024 licenses issued;  Total of 0 licenses in use)

Users of foundation:  (Total of 1024 licenses issued;  Total of 0 licenses in use)

Users of geotech:  (Total of 1024 licenses issued;  Total of 0 licenses in use)

Users of gpgpu:  (Total of 1024 licenses issued;  Total of 0 licenses in use)

Users of gpus:  (Total of 1024 licenses issued;  Total of 0 licenses in use)

Users of heart_model:  (Total of 1024 licenses issued;  Total of 0 licenses in use)

Users of headform_peevc:  (Total of 1024 licenses issued;  Total of 0 licenses in use)

Users of iads:  (Total of 1024 licenses issued;  Total of 0 licenses in use)

Users of kwlic:  (Total of 1024 licenses issued;  Total of 0 licenses in use)

Users of location:  (Total of 1024 licenses issued;  Total of 0 licenses in use)

Users of madymo:  (Total of 1024 licenses issued;  Total of 0 licenses in use)

Users of moldflow:  (Total of 1024 licenses issued;  Total of 0 licenses in use)

Users of multiphysics:  (Total of 1024 licenses issued;  Total of 0 licenses in use)

Users of nx_assoc_import:  (Total of 1024 licenses issued;  Total of 0 licenses in use)

Users of noGUI:  (Total of 1024 licenses issued;  Total of 0 licenses in use)

Users of parallel:  (Total of 1024 licenses issued;  Total of 0 licenses in use)

Users of proe_assoc_import:  (Total of 1024 licenses issued;  Total of 0 licenses in use)

Users of safe:  (Total of 1024 licenses issued;  Total of 0 licenses in use)

Users of soliter:  (Total of 1024 licenses issued;  Total of 0 licenses in use)

Users of sph:  (Total of 1024 licenses issued;  Total of 0 licenses in use)

Users of standard:  (Total of 1024 licenses issued;  Total of 0 licenses in use)

Users of sw_assoc_import:  (Total of 1024 licenses issued;  Total of 0 licenses in use)

Users of sw_import:  (Total of 1024 licenses issued;  Total of 0 licenses in use)

Users of viewer:  (Total of 1024 licenses issued;  Total of 0 licenses in use)

Users of world_sid:  (Total of 1024 licenses issued;  Total of 0 licenses in use)

Users of edb:  (Total of 1024 licenses issued;  Total of 0 licenses in use)

Users of gateway:  (Total of 1024 licenses issued;  Total of 0 licenses in use)

Users of isight:  (Total of 1024 licenses issued;  Total of 0 licenses in use)

Users of products:  (Total of 1024 licenses issued;  Total of 0 licenses in use)

Users of rtgateway:  (Total of 1024 licenses issued;  Total of 0 licenses in use)

Users of see:  (Total of 1024 licenses issued;  Total of 0 licenses in use)

Users of simflow:  (Total of 1024 licenses issued;  Total of 0 licenses in use)

Users of simflowparallel:  (Total of 1024 licenses issued;  Total of 0 licenses in use)

Users of tomee:  (Total of 1024 licenses issued;  Total of 0 licenses in use)

Users of webuser:  (Total of 1024 licenses issued;  Total of 0 licenses in use)

Users of compst_m_cae:  (Total of 1024 licenses issued;  Total of 0 licenses in use)

Users of czone:  (Total of 1024 licenses issued;  Total of 0 licenses in use)

Users of FED_LIC_PICKPOINTS:  (Total of 1024 licenses issued;  Total of 0 licenses in use)

Users of TOSCA_CONVERT_ONF:  (Total of 1024 licenses issued;  Total of 0 licenses in use)

Users of TOSCA_CONVERT_STL:  (Total of 1024 licenses issued;  Total of 0 licenses in use)

Users of TOSCA_CONVERT_LSDYNA:  (Total of 1024 licenses issued;  Total of 0 licenses in use)

Users of TOSCA_CONVERT_ABQ:  (Total of 1024 licenses issued;  Total of 0 licenses in use)

Users of TOSCA_CONVERT_PAM:  (Total of 1024 licenses issued;  Total of 0 licenses in use)

Users of TOSCA_CONVERT_CORE:  (Total of 1024 licenses issued;  Total of 0 licenses in use)

Users of TOSCA_FLUID_SMOOTH:  (Total of 1024 licenses issued;  Total of 0 licenses in use)

Users of TOSCA_FLUID_POST:  (Total of 1024 licenses issued;  Total of 0 licenses in use)

Users of TOSCA_FLUID_PARALLEL:  (Total of 1024 licenses issued;  Total of 0 licenses in use)

Users of TOSCA_FLUID_CORE:  (Total of 1024 licenses issued;  Total of 0 licenses in use)

Users of TOSCA_FLUID_INT_OPEN:  (Total of 1024 licenses issued;  Total of 0 licenses in use)

Users of TOSCA_FLUID_INT_CCMP:  (Total of 1024 licenses issued;  Total of 0 licenses in use)

Users of TOSCA_FLUID_INT_FLUENT:  (Total of 1024 licenses issued;  Total of 0 licenses in use)

Users of TOSCA_FLUID_SHAPE_SENS:  (Total of 1024 licenses issued;  Total of 0 licenses in use)

Users of TOSCA_FLUID_TOPO_SENS:  (Total of 1024 licenses issued;  Total of 0 licenses in use)

Users of TOSCA_FLUID_TOPO_BASIC:  (Total of 1024 licenses issued;  Total of 0 licenses in use)

Users of TOSCA_ONF2VTF:  (Total of 1024 licenses issued;  Total of 0 licenses in use)

Users of TOSCA_SMOOTH:  (Total of 1024 licenses issued;  Total of 0 licenses in use)

Users of TOSCA_CORE:  (Total of 1024 licenses issued;  Total of 0 licenses in use)

Users of TOSCA_INT_ONF:  (Total of 1024 licenses issued;  Total of 0 licenses in use)

Users of TOSCA_INT_PERMAS:  (Total of 1024 licenses issued;  Total of 0 licenses in use)

Users of TOSCA_INT_MARC:  (Total of 1024 licenses issued;  Total of 0 licenses in use)

Users of TOSCA_INT_NXNASTRAN_DESKTOP:  (Total of 1024 licenses issued;  Total of 0 licenses in use)

Users of TOSCA_INT_NXNASTRAN:  (Total of 1024 licenses issued;  Total of 0 licenses in use)

Users of TOSCA_INT_MDDESKTOP:  (Total of 1024 licenses issued;  Total of 0 licenses in use)

Users of TOSCA_INT_NASTRAN:  (Total of 1024 licenses issued;  Total of 0 licenses in use)

Users of TOSCA_INT_ANSYS:  (Total of 1024 licenses issued;  Total of 0 licenses in use)

Users of TOSCA_INT_ABAQUS:  (Total of 1024 licenses issued;  Total of 0 licenses in use)

Users of TOSCA_SIZING:  (Total of 1024 licenses issued;  Total of 0 licenses in use)

Users of TOSCA_BEAD:  (Total of 1024 licenses issued;  Total of 0 licenses in use)

Users of TOSCA_SHAPE:  (Total of 1024 licenses issued;  Total of 0 licenses in use)

Users of TOSCA_TOPO:  (Total of 1024 licenses issued;  Total of 0 licenses in use)

Users of TOSCA_ADV_MORPH:  (Total of 1024 licenses issued;  Total of 0 licenses in use)

Users of TOSCA_ADV_TEMPERATURE:  (Total of 1024 licenses issued;  Total of 0 licenses in use)

Users of TOSCA_ADV_NVH:  (Total of 1024 licenses issued;  Total of 0 licenses in use)

Users of TOSCA_ADV_DURABILITY:  (Total of 1024 licenses issued;  Total of 0 licenses in use)

Users of TOSCA_ADV_NONLINEAR:  (Total of 1024 licenses issued;  Total of 0 licenses in use)

Users of TOSCA_FLUID_PRERELEASE:  (Total of 1024 licenses issued;  Total of 0 licenses in use)

Users of TOSCA_PRERELEASE:  (Total of 1024 licenses issued;  Total of 0 licenses in use)

Users of TOSCA_FLUID_DEV_PARTNER:  (Total of 1024 licenses issued;  Total of 0 licenses in use)

Users of FED_PRODUCT_NX:  (Total of 1024 licenses issued;  Total of 0 licenses in use)

Users of FED_PRODUCT_FEMAP:  (Total of 1024 licenses issued;  Total of 0 licenses in use)

Users of FED_PRODUCT_ATOM:  (Total of 1024 licenses issued;  Total of 0 licenses in use)

Users of FED_PRODUCT_TFLUID:  (Total of 1024 licenses issued;  Total of 0 licenses in use)

Users of FED_PRODUCT_TSTRUCT:  (Total of 1024 licenses issued;  Total of 0 licenses in use)

Users of TOSCA_REPORT:  (Total of 1024 licenses issued;  Total of 0 licenses in use)

Users of tfluid_topo:  (Total of 1024 licenses issued;  Total of 0 licenses in use)

Users of tfluid_int_ccmp:  (Total of 1024 licenses issued;  Total of 0 licenses in use)

Users of tfluid_int_fluent:  (Total of 1024 licenses issued;  Total of 0 licenses in use)

Users of tfluid_parallel:  (Total of 1024 licenses issued;  Total of 0 licenses in use)

Users of tfluid_smooth:  (Total of 1024 licenses issued;  Total of 0 licenses in use)

Users of safe_cmf:  (Total of 10240 licenses issued;  Total of 0 licenses in use)

Users of safe_comp:  (Total of 10240 licenses issued;  Total of 0 licenses in use)

Users of safe_fatigue:  (Total of 10240 licenses issued;  Total of 0 licenses in use)

Users of safe_rotate:  (Total of 10240 licenses issued;  Total of 0 licenses in use)

Users of safe_rubber:  (Total of 10240 licenses issued;  Total of 0 licenses in use)

Users of safe_tmf:  (Total of 10240 licenses issued;  Total of 0 licenses in use)

Users of safe_true:  (Total of 10240 licenses issued;  Total of 0 licenses in use)

Users of safe_turbo:  (Total of 10240 licenses issued;  Total of 0 licenses in use)

Users of safe_verity:  (Total of 10240 licenses issued;  Total of 0 licenses in use)

Users of analysis_engine:  (Total of 10240 licenses issued;  Total of 0 licenses in use)

Users of developer:  (Total of 10240 licenses issued;  Total of 0 licenses in use)

Users of DMP:  (Total of 10240 licenses issued;  Total of 0 licenses in use)

Users of Endurica_rubber:  (Total of 10240 licenses issued;  Total of 0 licenses in use)

Users of Extended:  (Total of 10240 licenses issued;  Total of 0 licenses in use)

Users of firehole_composites:  (Total of 10240 licenses issued;  Total of 0 licenses in use)

Users of gauge_fatigue:  (Total of 10240 licenses issued;  Total of 0 licenses in use)

Users of generic:  (Total of 10240 licenses issued;  Total of 0 licenses in use)

Users of licence_creator:  (Total of 10240 licenses issued;  Total of 0 licenses in use)

Users of material_manipula:  (Total of 10240 licenses issued;  Total of 0 licenses in use)

Users of plugins:  (Total of 10240 licenses issued;  Total of 0 licenses in use)

Users of PRODUCT_EXCITE_Fatigue:  (Total of 10240 licenses issued;  Total of 0 licenses in use)

Users of PRODUCT_fesafe:  (Total of 10240 licenses issued;  Total of 0 licenses in use)

Users of PRODUCT_safe4fatigue:  (Total of 10240 licenses issued;  Total of 0 licenses in use)

Users of Rotate:  (Total of 10240 licenses issued;  Total of 0 licenses in use)

Users of safe4fatigue:  (Total of 10240 licenses issued;  Total of 0 licenses in use)

Users of safe4mat:  (Total of 10240 licenses issued;  Total of 0 licenses in use)

Users of safe4materials:  (Total of 10240 licenses issued;  Total of 0 licenses in use)

Users of signal_manipulation:  (Total of 10240 licenses issued;  Total of 0 licenses in use)

Users of TMF:  (Total of 10240 licenses issued;  Total of 0 licenses in use)

Users of Token:  (Total of 10240 licenses issued;  Total of 0 licenses in use)

Users of TrueLoad:  (Total of 10240 licenses issued;  Total of 0 licenses in use)

Users of TURBOlife:  (Total of 10240 licenses issued;  Total of 0 licenses in use)

Users of uniaxial_fatigue:  (Total of 10240 licenses issued;  Total of 0 licenses in use)



# Detected 0 DSLS servers

# Current operating system environment variable settings
# ------------------------------------------------------
ABAQUSLM_LICENSE_FILE=27001@matlab.iitb.ac.in;27800@localhost
ABAQUS_LANG=English_United States.1252
ABAQUS_PY_TRANSLATION_DICTIONARY=Configuration/Xresources/en_US/en_US_PyDict.py
ABAQUS_TRANSLATION_DICTIONARY=Configuration/Xresources/en_US/en_US_Dict.py
ABA_BLA_LIBRARY_PATH=C:\SIMULIA\CAE\2018;C:\SIMULIA\CAE\2018\win_b64;C:\SIMULIA\CAE\2018\win_b64\code;C:\SIMULIA\CAE\2018\win_b64\code\bin;C:\SIMULIA\CAE\2018\win_b64\code\bin\SMAExternal;C:\SIMULIA\CAE\2018\win_b64\CAEresources;C:\SIMULIA\CAE\2018\win_b64\SMA;C:\SIMULIA\CAE\2018\win_b64\code\bin\SMAExternal\Interop;C:\SIMULIA\CAE\2018\win_b64\code\bin\SMAExternal\Elysium
ABA_COMMAND=abq2018.bat
ABA_COMMAND_FULL=C:\SIMULIA\Commands\abq2018.bat
ABA_HOME=C:\SIMULIA\CAE\2018\win_b64
ABA_LIBRARY_PATHNAME=PATH
ABA_MPI_LIBRARY_PATH=C:\SIMULIA\CAE\2018;C:\SIMULIA\CAE\2018\win_b64;C:\SIMULIA\CAE\2018\win_b64\code;C:\SIMULIA\CAE\2018\win_b64\code\bin;C:\SIMULIA\CAE\2018\win_b64\code\bin\SMAExternal;C:\SIMULIA\CAE\2018\win_b64\CAEresources;C:\SIMULIA\CAE\2018\win_b64\SMA;C:\SIMULIA\CAE\2018\win_b64\code\bin\SMAExternal\Interop;C:\SIMULIA\CAE\2018\win_b64\code\bin\SMAExternal\Elysium
ABA_PATH=C:\SIMULIA\CAE\2018;C:\SIMULIA\CAE\2018\win_b64;C:\SIMULIA\CAE\2018\win_b64\code;C:\SIMULIA\CAE\2018\win_b64\code\bin;C:\SIMULIA\CAE\2018\win_b64\code\bin\SMAExternal;C:\SIMULIA\CAE\2018\win_b64\CAEresources;C:\SIMULIA\CAE\2018\win_b64\SMA
ABA_PATH_BASE=C:\SIMULIA\CAE\2018\win_b64;
ABQLMHANGLIMIT=0
ABQLMIMPL=FLEXNET
ABQLMQUEUE=30
ABQLMUSER=lenovo
ABQ_DLALLOCATOR=1
ALLUSERSPROFILE=C:\ProgramData
ANSOFTD_LICENSE_FILE=1055@license.iitb.ac.in
ANSYS161_DIR=C:\Program Files\ANSYS Inc\v161\ANSYS
ANSYSLIC_DIR=C:\Program Files\ANSYS Inc\Shared Files\Licensing
ANSYS_SYSDIR=winx64
ANSYS_SYSDIR32=win32
ANS_OLD_ATTACH=1
APPDATA=C:\Users\prafu\AppData\Roaming
AWP_LOCALE161=en-us
AWP_ROOT161=C:\Program Files\ANSYS Inc\v161
BTK_PVTHEAP:9896=26310000
BTK_PVTHEAP_POOL:9896=26310890
BTK_PVTPGM_BLKQUEUES:9896=26319f40
BTK_PVTPGM_BUCKETS:9896=26317fe0
BTK_PVTPGM_PGPOOLS:9896=263161c0
BTK_WIN_TRACEBACK:9896=7ff8727d4ae0
CADOE_LIBDIR161=C:\Program Files\ANSYS Inc\v161\CommonFiles\Language\en-us
CATCOMMANDPATH=
CATDICTIONARYPATH=C:\SIMULIA\CAE\2018\win_b64\code\dictionary
CMAKE_PREFIX_PATH=C:\Program Files (x86)\Intel\oneAPI\compiler\2022.0.2\windows\IntelDPCPP;
CMPLR_ROOT=C:\Program Files (x86)\Intel\oneAPI\compiler\2022.0.2
COMMANDPROMPTTYPE=Native
COMMONPROGRAMFILES=C:\Program Files\Common Files
COMMONPROGRAMFILES(X86)=C:\Program Files (x86)\Common Files
COMMONPROGRAMW6432=C:\Program Files\Common Files
COMPUTERNAME=LAPTOP-BRO9FT16
COMSPEC=C:\Windows\system32\cmd.exe
CPATH=C:\Program Files (x86)\Intel\oneAPI\mkl\2022.0.2\include;C:\Program Files (x86)\Intel\oneAPI\compiler\2022.0.2\windows\include;C:\Program Files (x86)\Intel\oneAPI\compiler\2022.0.2\windows\compiler\include;C:\Program Files (x86)\Intel\oneAPI\compiler\2022.0.2\windows\compiler\include\intel64;
CUSTOMWORKSPACE=
DEVENVDIR=C:\Program Files (x86)\Microsoft Visual Studio\2022\BuildTools\Common7\IDE\
DRIVERDATA=C:\Windows\System32\Drivers\DriverData
DSY_TENANT=OnPremise
EXTENSIONSDKDIR=C:\Program Files (x86)\Microsoft SDKs\Windows Kits\10\ExtensionSDKs
FED_DSFLEX_LICENSE_CONFIG=27001@matlab.iitb.ac.in;27800@localhost
FED_DSLS_LICENSE_CONFIG=C:\ProgramData\DassaultSystemes\Licenses\DSLicSrv.txt
FED_LICENSE_SERVER_TYPE=DSFLEX
FPS_BROWSER_APP_PROFILE_STRING=Internet Explorer
FPS_BROWSER_USER_PROFILE_STRING=Default
FRAMEWORK40VERSION=v4.0
FRAMEWORKDIR=C:\Windows\Microsoft.NET\Framework64\
FRAMEWORKDIR64=C:\Windows\Microsoft.NET\Framework64\
FRAMEWORKVERSION=v4.0.30319
FRAMEWORKVERSION64=v4.0.30319
HOMEDRIVE=C:
HOMEPATH=\Users\prafu
IFORT_COMPILER21=C:\Program Files (x86)\Intel\oneAPI\compiler\2022.0.2\windows\
INCLUDE=C:\Program Files (x86)\Intel\oneAPI\mkl\2022.0.2\include;C:\Program Files (x86)\Intel\oneAPI\compiler\2022.0.2\windows\include;C:\Program Files (x86)\Intel\oneAPI\compiler\2022.0.2\windows\compiler\include;C:\Program Files (x86)\Intel\oneAPI\compiler\2022.0.2\windows\compiler\include\intel64;C:\Program Files (x86)\Microsoft Visual Studio\2022\BuildTools\VC\Tools\MSVC\14.31.31103\include;C:\Program Files (x86)\Windows Kits\10\include\10.0.19041.0\ucrt;C:\Program Files (x86)\Windows Kits\10\\include\10.0.19041.0\\shared;C:\Program Files (x86)\Windows Kits\10\\include\10.0.19041.0\\um;C:\Program Files (x86)\Windows Kits\10\\include\10.0.19041.0\\winrt;C:\Program Files (x86)\Windows Kits\10\\include\10.0.19041.0\\cppwinrt
INTEL_TARGET_ARCH=intel64
INTEL_TARGET_PLATFORM=windows
I_MPI_ONEAPI_ROOT=C:\Program Files (x86)\Intel\oneAPI\mpi\2021.5.1
LIB=C:\Program Files (x86)\Intel\oneAPI\mkl\2022.0.2\lib\intel64;C:\Program Files (x86)\Intel\oneAPI\compiler\2022.0.2\windows\compiler\lib;C:\Program Files (x86)\Intel\oneAPI\compiler\2022.0.2\windows\compiler\lib\intel64_win;C:\Program Files (x86)\Intel\oneAPI\compiler\2022.0.2\windows\lib;C:\Program Files (x86)\Intel\oneAPI\compiler\2022.0.2\windows\lib\x64;C:\Program Files (x86)\Microsoft Visual Studio\2022\BuildTools\VC\Tools\MSVC\14.31.31103\lib\x64;C:\Program Files (x86)\Windows Kits\10\lib\10.0.19041.0\ucrt\x64;C:\Program Files (x86)\Windows Kits\10\\lib\10.0.19041.0\\um\x64
LIBPATH=C:\Program Files (x86)\Microsoft Visual Studio\2022\BuildTools\VC\Tools\MSVC\14.31.31103\lib\x64;C:\Program Files (x86)\Microsoft Visual Studio\2022\BuildTools\VC\Tools\MSVC\14.31.31103\lib\x86\store\references;C:\Program Files (x86)\Windows Kits\10\UnionMetadata\10.0.19041.0;C:\Program Files (x86)\Windows Kits\10\References\10.0.19041.0;C:\Windows\Microsoft.NET\Framework64\v4.0.30319
LOCALAPPDATA=C:\Users\prafu\AppData\Local
LOGONSERVER=\\LAPTOP-BRO9FT16
LSTC_LICENSE=ANSYS
MAIN_THREAD_ENV=9896:13768
MKLROOT=C:\Program Files (x86)\Intel\oneAPI\mkl\2022.0.2
MSMPI_BIN=C:\Program Files\Microsoft MPI\Bin\
NLSPATH=C:\Program Files (x86)\Intel\oneAPI\mkl\2022.0.2\lib\intel64;
NUMBER_OF_PROCESSORS=8
OCL_ICD_FILENAMES=C:\Program Files (x86)\Intel\oneAPI\compiler\2022.0.2\windows\lib\x64\intelocl64_emu.dll;C:\Program Files (x86)\Intel\oneAPI\compiler\2022.0.2\windows\lib\x64\intelocl64.dll
ONEAPI_ROOT=C:\Program Files (x86)\Intel\oneAPI\
OS=Windows_NT
PATH=C:\SIMULIA\CAE\2018\win_b64\tools\SMApy\python2.7\lib\site-packages\pywin32_system32;C:\SIMULIA\CAE\2018;C:\SIMULIA\CAE\2018\win_b64;C:\SIMULIA\CAE\2018\win_b64\code;C:\SIMULIA\CAE\2018\win_b64\code\bin;C:\SIMULIA\CAE\2018\win_b64\code\bin\SMAExternal;C:\SIMULIA\CAE\2018\win_b64\CAEresources;C:\SIMULIA\CAE\2018\win_b64\SMA;C:\SIMULIA\CAE\2018\win_b64\code\bin\SMAExternal\Interop;C:\SIMULIA\CAE\2018\win_b64\code\bin\SMAExternal\Elysium;C:\Program Files (x86)\Intel\oneAPI\mkl\2022.0.2\redist\intel64;C:\Program Files (x86)\Intel\oneAPI\mkl\2022.0.2\bin\intel64;C:\Program Files (x86)\Intel\oneAPI\compiler\2022.0.2\windows\bin;C:\Program Files (x86)\Intel\oneAPI\compiler\2022.0.2\windows\lib;C:\Program Files (x86)\Intel\oneAPI\compiler\2022.0.2\windows\bin\intel64;C:\Program Files (x86)\Intel\oneAPI\compiler\2022.0.2\windows\redist\intel64_win\compiler;C:\Program Files (x86)\Microsoft Visual Studio\2022\BuildTools\VC\Tools\MSVC\14.31.31103\bin\HostX64\x64;C:\Program Files (x86)\Microsoft Visual Studio\2022\BuildTools\Common7\IDE\VC\VCPackages;C:\Program Files (x86)\Microsoft Visual Studio\2022\BuildTools\Common7\IDE\CommonExtensions\Microsoft\TestWindow;C:\Program Files (x86)\Microsoft Visual Studio\2022\BuildTools\Common7\IDE\CommonExtensions\Microsoft\TeamFoundation\Team Explorer;C:\Program Files (x86)\Microsoft Visual Studio\2022\BuildTools\MSBuild\Current\bin\Roslyn;C:\Program Files (x86)\Windows Kits\10\bin\10.0.19041.0\\x64;C:\Program Files (x86)\Windows Kits\10\bin\\x64;C:\Program Files (x86)\Microsoft Visual Studio\2022\BuildTools\\MSBuild\Current\Bin\amd64;C:\Windows\Microsoft.NET\Framework64\v4.0.30319;C:\Program Files (x86)\Microsoft Visual Studio\2022\BuildTools\Common7\IDE\;C:\Program Files (x86)\Microsoft Visual Studio\2022\BuildTools\Common7\Tools\;C:\Program Files (x86)\Intel\oneAPI\mpi\latest\bin\;C:\Program Files (x86)\Intel\oneAPI\mpi\latest\bin\release\;C:\Program Files (x86)\Intel\oneAPI\mpi\latest\libfabric\bin\;C:\Program Files (x86)\Intel\oneAPI\mpi\latest\libfabric\bin\utils\;C:\Program Files (x86)\Intel\oneAPI\compiler\latest\windows\redist\intel64_win\compiler;C:\Program Files (x86)\Intel\oneAPI\compiler\latest\windows\redist\ia32_win\compiler;C:\SIMULIA\Commands\;C:\Program Files\Microsoft MPI\Bin\;C:\Program Files (x86)\NVIDIA Corporation\PhysX\Common;C:\Windows\system32;C:\Windows\;C:\Windows\System32\Wbem;C:\Windows\System32\WindowsPowerShell\v1.0\;C:\Windows\System32\OpenSSH\;C:\PROGRA~1\MATLAB\R2020b\runtime\win64;C:\PROGRA~1\MATLAB\R2020b\bin;C:\Program Files\MATLAB\R2020b\runtime\win64;C:\Program Files\MATLAB\R2020b\bin;C:\Program Files\MSC.Software\Adams Student Edition\2019_2\bin;C:\Program Files\Microsoft SQL Server\Client SDK\ODBC\110\Tools\Binn\;C:\Program Files (x86)\Microsoft SQL Server\120\Tools\Binn\;C:\Program Files\Microsoft SQL Server\120\Tools\Binn\;C:\Program Files\Microsoft SQL Server\120\DTS\Binn\;C:\Program Files (x86)\Windows Kits\8.1\Windows Performance Toolkit\;C:\Program Files (x86)\Intel\oneAPI\compiler\latest\env\;C:\Program Files (x86)\Microsoft Visual Studio\2022\BuildTools\VC\Auxiliary\Build;C:\Users\prafu\scoop\shims;C:\Users\prafu\AppData\Local\Programs\Python\Python38\Scripts\;C:\Users\prafu\AppData\Local\Programs\Python\Python38\;C:\Users\prafu\AppData\Local\Microsoft\WindowsApps;;C:\Program Files (x86)\Microsoft Visual Studio\2022\BuildTools\Common7\IDE\CommonExtensions\Microsoft\CMake\CMake\bin;C:\Program Files (x86)\Microsoft Visual Studio\2022\BuildTools\Common7\IDE\CommonExtensions\Microsoft\CMake\Ninja;C:\Program Files (x86)\Microsoft Visual Studio\2022\BuildTools\Common7\IDE\VC\Linux\bin\ConnectionManagerExe
PATHEXT=.COM;.EXE;.BAT;.CMD;.VBS;.VBE;.JS;.JSE;.WSF;.WSH;.MSC
PKG_CONFIG_PATH=C:\Program Files (x86)\Intel\oneAPI\mkl\2022.0.2\lib\pkgconfig;C:\Program Files (x86)\Intel\oneAPI\compiler\2022.0.2\lib\pkgconfig;
PLATFORM=x64
PROCESSOR_ARCHITECTURE=AMD64
PROCESSOR_IDENTIFIER=Intel64 Family 6 Model 126 Stepping 5, GenuineIntel
PROCESSOR_LEVEL=6
PROCESSOR_REVISION=7e05
PROGRAMDATA=C:\ProgramData
PROGRAMFILES=C:\Program Files
PROGRAMFILES(X86)=C:\Program Files (x86)
PROGRAMW6432=C:\Program Files
PROMPT=$P$G
PSMODULEPATH=C:\Program Files\WindowsPowerShell\Modules;C:\Windows\system32\WindowsPowerShell\v1.0\Modules;C:\Program Files (x86)\Microsoft SQL Server\120\Tools\PowerShell\Modules\
PTC_D_LICENSE_FILE=C:\Softwares\PTC_creo_lic\PTC_D_SSQ.dat
PUBLIC=C:\Users\Public
PYTHON39=C:\Users\prafu\AppData\Local\Programs\Python\Python39\python.exe
PYTHONPATH=C:\SIMULIA\CAE\2018;C:\SIMULIA\CAE\2018\win_b64;C:\SIMULIA\CAE\2018\win_b64\code;C:\SIMULIA\CAE\2018\win_b64\code\bin;C:\SIMULIA\CAE\2018\win_b64\code\bin\SMAExternal;C:\SIMULIA\CAE\2018\win_b64\CAEresources;C:\SIMULIA\CAE\2018\win_b64\SMA;C:\SIMULIA\CAE\2018\win_b64\code\python2.7\lib;C:\SIMULIA\CAE\2018\win_b64\tools\SMApy\python2.7\lib;C:\SIMULIA\CAE\2018\win_b64\tools\SMApy\python2.7\lib\lib-tk;C:\SIMULIA\CAE\2018\win_b64\tools\SMApy\python2.7\lib\site-packages;C:\SIMULIA\CAE\2018\win_b64\tools\SMApy\python2.7\DLLs;.;C:\SIMULIA\CAE\2018;C:\SIMULIA\CAE\2018\win_b64;C:\SIMULIA\CAE\2018\win_b64\code;C:\SIMULIA\CAE\2018\win_b64\code\bin;C:\SIMULIA\CAE\2018\win_b64\code\bin\SMAExternal;C:\SIMULIA\CAE\2018\win_b64\CAEresources;C:\SIMULIA\CAE\2018\win_b64\SMA;C:\SIMULIA\CAE\2018\win_b64\code\python2.7\lib;C:\SIMULIA\CAE\2018\win_b64\tools\SMApy\python2.7\lib;C:\SIMULIA\CAE\2018\win_b64\tools\SMApy\python2.7\lib\lib-tk;C:\SIMULIA\CAE\2018\win_b64\tools\SMApy\python2.7\lib\site-packages;C:\SIMULIA\CAE\2018\win_b64\tools\SMApy\python2.7\DLLs;.
PYVERDIRNAME=python2.7
SCRIPT_NAME=vars.bat
SESSIONNAME=Console
SMASVT_ROOT_PATH=C:\SIMULIA\CAE\2018;C:\SIMULIA\CAE\2018\win_b64;C:\SIMULIA\CAE\2018\win_b64\code;C:\SIMULIA\CAE\2018\win_b64\code\bin;C:\SIMULIA\CAE\2018\win_b64\code\bin\SMAExternal;C:\SIMULIA\CAE\2018\win_b64\CAEresources;C:\SIMULIA\CAE\2018\win_b64\SMA
SOLVER_PATH_BASE=C:\Program Files\Dassault Systemes\SimulationServices\V6R2018x\win_b64
SW_SIM_HYDRA=C:\Program Files\Common Files\SolidWorks Shared\Simulation Worker Agent\
SW_SIM_MPIT=INTELMPI
SW_SIM_TEMP=C:\ProgramData\SOLIDWORKS\SW_net_sim_temp\
SYSTEMDRIVE=C:
SYSTEMROOT=C:\Windows
TARGET_VS_ARCH=amd64
TEMP=C:\Users\prafu\AppData\Local\Temp
TMP=C:\Users\prafu\AppData\Local\Temp
UCRTVERSION=10.0.19041.0
UNIVERSALCRTSDKDIR=C:\Program Files (x86)\Windows Kits\10\
USERDOMAIN=LAPTOP-BRO9FT16
USERDOMAIN_ROAMINGPROFILE=LAPTOP-BRO9FT16
USERNAME=lenovo
USERPROFILE=C:\Users\prafu
USE_INTEL_LLVM=0
VARSDIR=C:\Program Files (x86)\Intel\oneAPI\compiler\2022.0.2\env\
VCIDEINSTALLDIR=C:\Program Files (x86)\Microsoft Visual Studio\2022\BuildTools\Common7\IDE\VC\
VCINSTALLDIR=C:\Program Files (x86)\Microsoft Visual Studio\2022\BuildTools\VC\
VCTOOLSINSTALLDIR=C:\Program Files (x86)\Microsoft Visual Studio\2022\BuildTools\VC\Tools\MSVC\14.31.31103\
VCTOOLSREDISTDIR=C:\Program Files (x86)\Microsoft Visual Studio\2022\BuildTools\VC\Redist\MSVC\14.31.31103\
VCTOOLSVERSION=14.31.31103
VISUALSTUDIOVERSION=17.0
VS170COMNTOOLS=C:\Program Files (x86)\Microsoft Visual Studio\2022\BuildTools\Common7\Tools\
VS2019INSTALLDIR=C:\Program Files (x86)\Microsoft Visual Studio\2019\Community
VSCMD_ARG_APP_PLAT=Desktop
VSCMD_ARG_HOST_ARCH=x64
VSCMD_ARG_TGT_ARCH=x64
VSCMD_VER=17.1.0
VSINSTALLDIR=C:\Program Files (x86)\Microsoft Visual Studio\2022\BuildTools\
WINDIR=C:\Windows
WINDOWSLIBPATH=C:\Program Files (x86)\Windows Kits\10\UnionMetadata\10.0.19041.0;C:\Program Files (x86)\Windows Kits\10\References\10.0.19041.0
WINDOWSSDKBINPATH=C:\Program Files (x86)\Windows Kits\10\bin\
WINDOWSSDKDIR=C:\Program Files (x86)\Windows Kits\10\
WINDOWSSDKLIBVERSION=10.0.19041.0\
WINDOWSSDKVERBINPATH=C:\Program Files (x86)\Windows Kits\10\bin\10.0.19041.0\
WINDOWSSDKVERSION=10.0.19041.0\
_NT_SYMBOL_PATH=C:\SIMULIA\CAE\2018;C:\SIMULIA\CAE\2018\win_b64;C:\SIMULIA\CAE\2018\win_b64\code;C:\SIMULIA\CAE\2018\win_b64\code\bin;C:\SIMULIA\CAE\2018\win_b64\code\bin\SMAExternal;C:\SIMULIA\CAE\2018\win_b64\CAEresources;C:\SIMULIA\CAE\2018\win_b64\SMA;C:\SIMULIA\CAE\2018\win_b64\code\bin\SMAExternal\Interop;C:\SIMULIA\CAE\2018\win_b64\code\bin\SMAExternal\Elysium
__COMPAT_LAYER=HighDpiAware
__DOTNET_ADD_64BIT=1
__DOTNET_PREFERRED_BITNESS=64
__VSCMD_PREINIT_PATH=C:\Program Files (x86)\Intel\oneAPI\mpi\latest\bin\;C:\Program Files (x86)\Intel\oneAPI\mpi\latest\bin\release\;C:\Program Files (x86)\Intel\oneAPI\mpi\latest\libfabric\bin\;C:\Program Files (x86)\Intel\oneAPI\mpi\latest\libfabric\bin\utils\;C:\Program Files (x86)\Intel\oneAPI\compiler\latest\windows\redist\intel64_win\compiler;C:\Program Files (x86)\Intel\oneAPI\compiler\latest\windows\redist\ia32_win\compiler;C:\SIMULIA\Commands\;C:\Program Files\Microsoft MPI\Bin\;C:\Program Files (x86)\NVIDIA Corporation\PhysX\Common;C:\Windows\system32;C:\Windows\;C:\Windows\System32\Wbem;C:\Windows\System32\WindowsPowerShell\v1.0\;C:\Windows\System32\OpenSSH\;C:\PROGRA~1\MATLAB\R2020b\runtime\win64;C:\PROGRA~1\MATLAB\R2020b\bin;C:\Program Files\MATLAB\R2020b\runtime\win64;C:\Program Files\MATLAB\R2020b\bin;C:\Program Files\MSC.Software\Adams Student Edition\2019_2\bin;C:\Program Files\Microsoft SQL Server\Client SDK\ODBC\110\Tools\Binn\;C:\Program Files (x86)\Microsoft SQL Server\120\Tools\Binn\;C:\Program Files\Microsoft SQL Server\120\Tools\Binn\;C:\Program Files\Microsoft SQL Server\120\DTS\Binn\;C:\Program Files (x86)\Windows Kits\8.1\Windows Performance Toolkit\;C:\Program Files (x86)\Intel\oneAPI\compiler\latest\env\;C:\Program Files (x86)\Microsoft Visual Studio\2022\BuildTools\VC\Auxiliary\Build;C:\Users\prafu\scoop\shims;C:\Users\prafu\AppData\Local\Programs\Python\Python38\Scripts\;C:\Users\prafu\AppData\Local\Programs\Python\Python38\;C:\Users\prafu\AppData\Local\Microsoft\WindowsApps;D:\Learning\NeuralNetwork\neural-networks-and-deep-learning-master\neural-networks-and-deep-learning-master\src;D:\Softwares\cloudflared-stable-windows-amd64;

# Warnings/Errors from verify & install logs:
# ------------------------------------------------
From verify log: C:\SIMULIA\CAE\2018\InstallData\log\CODE\win_b64\SIMULIA_Abaqus_CAE.media-2021_06_11-130248+0530\tmp\verify.log
----------------
1 WARNINGS
0 ERRORS 

--- One or more ERRORS found in install logs.
From error log: C:\SIMULIA\CAE\2018\InstallData\log\CODE\win_b64\SIMULIA_Abaqus_CAE.media-2021_06_11-130248+0530\Errors.log
   Line count: 22 Word count: 136

Abaqus JOB abaqus COMPLETED
