 Abaqus/Standard 3DEXPERIENCE R2018x                  DATE 23-Mar-2022 TIME 15:31:09
 SUMMARY OF JOB INFORMATION:
 MONITOR NODE:       3  INSTANCE: PART-1-1    DOF:  1
 STEP  INC ATT SEVERE EQUIL TOTAL  TOTAL      STEP       INC OF       DOF    IF
               DISCON ITERS ITERS  TIME/    TIME/LPF    TIME/LPF    MONITOR RIKS
               ITERS               FREQ
   1     1   1     0     1     1  0.200      0.200      0.2000      0.00100  
   1     2   1     0     1     1  0.400      0.400      0.2000      0.00200  
   1     3   1     0     1     1  0.600      0.600      0.2000      0.00300  
   1     4   1     0     1     1  0.800      0.800      0.2000      0.00400  
   1     5   1     0     1     1  1.00       1.00       0.2000      0.00500  
   1     6   1     0     1     1  1.20       1.20       0.2000      0.00600  
   1     7   1     0     1     1  1.40       1.40       0.2000      0.00700  
   1     8   1     0     1     1  1.60       1.60       0.2000      0.00800  
   1     9   1     0     1     1  1.80       1.80       0.2000      0.00900  
   1    10   1     0     1     1  2.00       2.00       0.2000      0.0100   
   1    11   1     0     1     1  2.20       2.20       0.2000      0.0110   
   1    12   1     0     1     1  2.40       2.40       0.2000      0.0120   
   1    13   1     0     1     1  2.60       2.60       0.2000      0.0130   
   1    14   1     0     1     1  2.80       2.80       0.2000      0.0140   
   1    15   1     0     1     1  3.00       3.00       0.2000      0.0150   
   1    16   1     0     1     1  3.20       3.20       0.2000      0.0160   
   1    17   1     0     1     1  3.40       3.40       0.2000      0.0170   
   1    18   1     0     1     1  3.60       3.60       0.2000      0.0180   
   1    19   1     0     1     1  3.80       3.80       0.2000      0.0190   
   1    20   1     0     1     1  4.00       4.00       0.2000      0.0200   
   1    21   1     0     1     1  4.20       4.20       0.2000      0.0210   
   1    22   1     0     1     1  4.40       4.40       0.2000      0.0220   
   1    23   1     0     1     1  4.60       4.60       0.2000      0.0230   
   1    24   1     0     1     1  4.80       4.80       0.2000      0.0240   
   1    25   1     0     1     1  5.00       5.00       0.2000      0.0250   
   1    26   1     0     1     1  5.20       5.20       0.2000      0.0260   
   1    27   1     0     1     1  5.40       5.40       0.2000      0.0270   
   1    28   1     0     1     1  5.60       5.60       0.2000      0.0280   
   1    29   1     0     1     1  5.80       5.80       0.2000      0.0290   
   1    30   1     0     1     1  6.00       6.00       0.2000      0.0300   
   1    31   1     0     1     1  6.20       6.20       0.2000      0.0290   
   1    32   1     0     1     1  6.40       6.40       0.2000      0.0280   
   1    33   1     0     1     1  6.60       6.60       0.2000      0.0270   
   1    34   1     0     1     1  6.80       6.80       0.2000      0.0260   
   1    35   1     0     1     1  7.00       7.00       0.2000      0.0250   
   1    36   1     0     1     1  7.20       7.20       0.2000      0.0240   
   1    37   1     0     1     1  7.40       7.40       0.2000      0.0230   
   1    38   1     0     1     1  7.60       7.60       0.2000      0.0220   
   1    39   1     0     1     1  7.80       7.80       0.2000      0.0210   
   1    40   1     0     1     1  8.00       8.00       0.2000      0.0200   
   1    41   1     0     1     1  8.20       8.20       0.2000      0.0190   
   1    42   1     0     1     1  8.40       8.40       0.2000      0.0180   
   1    43   1     0     1     1  8.60       8.60       0.2000      0.0170   
   1    44   1     0     1     1  8.80       8.80       0.2000      0.0160   
   1    45   1     0     1     1  9.00       9.00       0.2000      0.0150   
   1    46   1     0     1     1  9.20       9.20       0.2000      0.0140   
   1    47   1     0     1     1  9.40       9.40       0.2000      0.0130   
   1    48   1     0     1     1  9.60       9.60       0.2000      0.0120   
   1    49   1     0     1     1  9.80       9.80       0.2000      0.0110   
   1    50   1     0     1     1  10.0       10.0       0.2000      0.0100   
   1    51   1     0     1     1  10.2       10.2       0.2000      0.00900  
   1    52   1     0     1     1  10.4       10.4       0.2000      0.00800  
   1    53   1     0     1     1  10.6       10.6       0.2000      0.00700  
   1    54   1     0     1     1  10.8       10.8       0.2000      0.00600  
   1    55   1     0     1     1  11.0       11.0       0.2000      0.00500  
   1    56   1     0     1     1  11.2       11.2       0.2000      0.00400  
   1    57   1     0     1     1  11.4       11.4       0.2000      0.00300  
   1    58   1     0     1     1  11.6       11.6       0.2000      0.00200  
   1    59   1     0     1     1  11.8       11.8       0.2000      0.00100  
   1    60   1     0     1     1  12.0       12.0       0.2000      5.33e-17 
   1    61   1     0     1     1  12.2       12.2       0.2000     -0.00100  
   1    62   1     0     1     1  12.4       12.4       0.2000     -0.00200  
   1    63   1     0     1     1  12.6       12.6       0.2000     -0.00300  
   1    64   1     0     1     1  12.8       12.8       0.2000     -0.00400  
   1    65   1     0     1     1  13.0       13.0       0.2000     -0.00500  
   1    66   1     0     1     1  13.2       13.2       0.2000     -0.00600  
   1    67   1     0     1     1  13.4       13.4       0.2000     -0.00700  
   1    68   1     0     1     1  13.6       13.6       0.2000     -0.00800  
   1    69   1     0     1     1  13.8       13.8       0.2000     -0.00900  
   1    70   1     0     1     1  14.0       14.0       0.2000     -0.0100   
   1    71   1     0     1     1  14.2       14.2       0.2000     -0.0110   
   1    72   1     0     1     1  14.4       14.4       0.2000     -0.0120   
   1    73   1     0     1     1  14.6       14.6       0.2000     -0.0130   
   1    74   1     0     1     1  14.8       14.8       0.2000     -0.0140   
   1    75   1     0     1     1  15.0       15.0       0.2000     -0.0150   
   1    76   1     0     1     1  15.2       15.2       0.2000     -0.0160   
   1    77   1     0     1     1  15.4       15.4       0.2000     -0.0170   
   1    78   1     0     1     1  15.6       15.6       0.2000     -0.0180   
   1    79   1     0     1     1  15.8       15.8       0.2000     -0.0190   
   1    80   1     0     1     1  16.0       16.0       0.2000     -0.0200   
   1    81   1     0     1     1  16.2       16.2       0.2000     -0.0210   
   1    82   1     0     1     1  16.4       16.4       0.2000     -0.0220   
   1    83   1     0     1     1  16.6       16.6       0.2000     -0.0230   
   1    84   1     0     1     1  16.8       16.8       0.2000     -0.0240   
   1    85   1     0     1     1  17.0       17.0       0.2000     -0.0250   
   1    86   1     0     1     1  17.2       17.2       0.2000     -0.0260   
   1    87   1     0     1     1  17.4       17.4       0.2000     -0.0270   
   1    88   1     0     1     1  17.6       17.6       0.2000     -0.0280   
   1    89   1     0     1     1  17.8       17.8       0.2000     -0.0290   
   1    90   1     0     1     1  18.0       18.0       0.2000     -0.0300   
   1    91   1     0     1     1  18.2       18.2       0.2000     -0.0290   
   1    92   1     0     1     1  18.4       18.4       0.2000     -0.0280   
   1    93   1     0     1     1  18.6       18.6       0.2000     -0.0270   
   1    94   1     0     1     1  18.8       18.8       0.2000     -0.0260   
   1    95   1     0     1     1  19.0       19.0       0.2000     -0.0250   
   1    96   1     0     1     1  19.2       19.2       0.2000     -0.0240   
   1    97   1     0     1     1  19.4       19.4       0.2000     -0.0230   
   1    98   1     0     1     1  19.6       19.6       0.2000     -0.0220   
   1    99   1     0     1     1  19.8       19.8       0.2000     -0.0210   
   1   100   1     0     1     1  20.0       20.0       0.2000     -0.0200   
   1   101   1     0     1     1  20.2       20.2       0.2000     -0.0190   
   1   102   1     0     1     1  20.4       20.4       0.2000     -0.0180   
   1   103   1     0     1     1  20.6       20.6       0.2000     -0.0170   
   1   104   1     0     1     1  20.8       20.8       0.2000     -0.0160   
   1   105   1     0     1     1  21.0       21.0       0.2000     -0.0150   
   1   106   1     0     1     1  21.2       21.2       0.2000     -0.0140   
   1   107   1     0     1     1  21.4       21.4       0.2000     -0.0130   
   1   108   1     0     1     1  21.6       21.6       0.2000     -0.0120   
   1   109   1     0     1     1  21.8       21.8       0.2000     -0.0110   
   1   110   1     0     1     1  22.0       22.0       0.2000     -0.0100   
   1   111   1     0     1     1  22.2       22.2       0.2000     -0.00900  
   1   112   1     0     1     1  22.4       22.4       0.2000     -0.00800  
   1   113   1     0     1     1  22.6       22.6       0.2000     -0.00700  
   1   114   1     0     1     1  22.8       22.8       0.2000     -0.00600  
   1   115   1     0     1     1  23.0       23.0       0.2000     -0.00500  
   1   116   1     0     1     1  23.2       23.2       0.2000     -0.00400  
   1   117   1     0     1     1  23.4       23.4       0.2000     -0.00300  
   1   118   1     0     1     1  23.6       23.6       0.2000     -0.00200  
   1   119   1     0     1     1  23.8       23.8       0.2000     -0.00100  
   1   120   1     0     1     1  24.0       24.0       0.2000     -2.66e-16 
   1   121   1     0     1     1  24.2       24.2       0.2000      0.00100  
   1   122   1     0     1     1  24.4       24.4       0.2000      0.00200  
   1   123   1     0     1     1  24.6       24.6       0.2000      0.00300  
   1   124   1     0     1     1  24.8       24.8       0.2000      0.00400  
   1   125   1     0     1     1  25.0       25.0       0.2000      0.00500  
   1   126   1     0     1     1  25.2       25.2       0.2000      0.00600  
   1   127   1     0     1     1  25.4       25.4       0.2000      0.00700  
   1   128   1     0     1     1  25.6       25.6       0.2000      0.00800  
   1   129   1     0     1     1  25.8       25.8       0.2000      0.00900  
   1   130   1     0     1     1  26.0       26.0       0.2000      0.0100   
   1   131   1     0     1     1  26.2       26.2       0.2000      0.0110   
   1   132   1     0     1     1  26.4       26.4       0.2000      0.0120   
   1   133   1     0     1     1  26.6       26.6       0.2000      0.0130   
   1   134   1     0     1     1  26.8       26.8       0.2000      0.0140   
   1   135   1     0     1     1  27.0       27.0       0.2000      0.0150   
   1   136   1     0     1     1  27.2       27.2       0.2000      0.0160   
   1   137   1     0     1     1  27.4       27.4       0.2000      0.0170   
   1   138   1     0     1     1  27.6       27.6       0.2000      0.0180   
   1   139   1     0     1     1  27.8       27.8       0.2000      0.0190   
   1   140   1     0     1     1  28.0       28.0       0.2000      0.0200   
   1   141   1     0     1     1  28.2       28.2       0.2000      0.0210   
   1   142   1     0     1     1  28.4       28.4       0.2000      0.0220   
   1   143   1     0     1     1  28.6       28.6       0.2000      0.0230   
   1   144   1     0     1     1  28.8       28.8       0.2000      0.0240   
   1   145   1     0     1     1  29.0       29.0       0.2000      0.0250   
   1   146   1     0     1     1  29.2       29.2       0.2000      0.0260   
   1   147   1     0     1     1  29.4       29.4       0.2000      0.0270   
   1   148   1     0     1     1  29.6       29.6       0.2000      0.0280   
   1   149   1     0     1     1  29.8       29.8       0.2000      0.0290   
   1   150   1     0     1     1  30.0       30.0       0.2000      0.0300   
   1   151   1     0     1     1  30.2       30.2       0.2000      0.0290   
   1   152   1     0     1     1  30.4       30.4       0.2000      0.0280   
   1   153   1     0     1     1  30.6       30.6       0.2000      0.0270   
   1   154   1     0     1     1  30.8       30.8       0.2000      0.0260   
   1   155   1     0     1     1  31.0       31.0       0.2000      0.0250   
   1   156   1     0     1     1  31.2       31.2       0.2000      0.0240   
   1   157   1     0     1     1  31.4       31.4       0.2000      0.0230   
   1   158   1     0     1     1  31.6       31.6       0.2000      0.0220   
   1   159   1     0     1     1  31.8       31.8       0.2000      0.0210   
   1   160   1     0     1     1  32.0       32.0       0.2000      0.0200   
   1   161   1     0     1     1  32.2       32.2       0.2000      0.0190   
   1   162   1     0     1     1  32.4       32.4       0.2000      0.0180   
   1   163   1     0     1     1  32.6       32.6       0.2000      0.0170   
   1   164   1     0     1     1  32.8       32.8       0.2000      0.0160   
   1   165   1     0     1     1  33.0       33.0       0.2000      0.0150   
   1   166   1     0     1     1  33.2       33.2       0.2000      0.0140   
   1   167   1     0     1     1  33.4       33.4       0.2000      0.0130   
   1   168   1     0     1     1  33.6       33.6       0.2000      0.0120   
   1   169   1     0     1     1  33.8       33.8       0.2000      0.0110   
   1   170   1     0     1     1  34.0       34.0       0.2000      0.0100   
   1   171   1     0     1     1  34.2       34.2       0.2000      0.00900  
   1   172   1     0     1     1  34.4       34.4       0.2000      0.00800  
   1   173   1     0     1     1  34.6       34.6       0.2000      0.00700  
   1   174   1     0     1     1  34.8       34.8       0.2000      0.00600  
   1   175   1     0     1     1  35.0       35.0       0.2000      0.00500  
   1   176   1     0     1     1  35.2       35.2       0.2000      0.00400  
   1   177   1     0     1     1  35.4       35.4       0.2000      0.00300  
   1   178   1     0     1     1  35.6       35.6       0.2000      0.00200  
   1   179   1     0     1     1  35.8       35.8       0.2000      0.00100  
   1   180   1     0     1     1  36.0       36.0       0.2000      1.42e-16 
                          
 THE ANALYSIS HAS COMPLETED SUCCESSFULLY
