 Abaqus/Standard 3DEXPERIENCE R2018x                  DATE 23-Mar-2022 TIME 14:23:19
 SUMMARY OF JOB INFORMATION:
 MONITOR NODE:       3  INSTANCE: PART-1-1    DOF:  1
 STEP  INC ATT SEVERE EQUIL TOTAL  TOTAL      STEP       INC OF       DOF    IF
               DISCON ITERS ITERS  TIME/    TIME/LPF    TIME/LPF    MONITOR RIKS
               ITERS               FREQ
   1     1   1     0     1     1  0.200      0.200      0.2000      0.00100  
   1     2   1     0     1     1  0.400      0.400      0.2000      0.00200  
   1     3   1     0     1     1  0.600      0.600      0.2000      0.00300  
   1     4   1     0     1     1  0.800      0.800      0.2000      0.00400  
   1     5   1     0     1     1  1.00       1.00       0.2000      0.00500  
   1     6   1     0     1     1  1.20       1.20       0.2000      0.00600  
   1     7   1     0     1     1  1.40       1.40       0.2000      0.00700  
   1     8   1     0     1     1  1.60       1.60       0.2000      0.00800  
   1     9   1     0     1     1  1.80       1.80       0.2000      0.00900  
   1    10   1     0     1     1  2.00       2.00       0.2000      0.0100   
   1    11   1     0     1     1  2.20       2.20       0.2000      0.0110   
   1    12   1     0     1     1  2.40       2.40       0.2000      0.0120   
   1    13   1     0     1     1  2.60       2.60       0.2000      0.0130   
   1    14   1     0     1     1  2.80       2.80       0.2000      0.0140   
   1    15   1     0     1     1  3.00       3.00       0.2000      0.0150   
   1    16   1     0     1     1  3.20       3.20       0.2000      0.0160   
   1    17   1     0     1     1  3.40       3.40       0.2000      0.0170   
   1    18   1     0     1     1  3.60       3.60       0.2000      0.0180   
   1    19   1     0     1     1  3.80       3.80       0.2000      0.0190   
   1    20   1     0     1     1  4.00       4.00       0.2000      0.0200   
   1    21   1     0     1     1  4.20       4.20       0.2000      0.0210   
   1    22   1     0     1     1  4.40       4.40       0.2000      0.0220   
   1    23   1     0     1     1  4.60       4.60       0.2000      0.0230   
   1    24   1     0     1     1  4.80       4.80       0.2000      0.0240   
   1    25   1     0     1     1  5.00       5.00       0.2000      0.0250   
   1    26   1     0     1     1  5.20       5.20       0.2000      0.0260   
   1    27   1     0     1     1  5.40       5.40       0.2000      0.0270   
   1    28   1     0     1     1  5.60       5.60       0.2000      0.0280   
   1    29   1     0     1     1  5.80       5.80       0.2000      0.0290   
   1    30   1     0     1     1  6.00       6.00       0.2000      0.0300   
                          
 THE ANALYSIS HAS COMPLETED SUCCESSFULLY
