Analysis initiated from SIMULIA established products
Abaqus JOB assign1_part_b_CPE4
Abaqus 3DEXPERIENCE R2018x
Abaqus License Manager checked out the following licenses:
Abaqus/Standard checked out 5 tokens from Flexnet server matlab.iitb.ac.in.
<20 out of 25 licenses remain available>.
Begin Analysis Input File Processor
2/21/2022 10:17:50 PM
Run pre.exe
2/21/2022 10:17:54 PM
End Analysis Input File Processor
Begin Abaqus/Standard Analysis
2/21/2022 10:17:54 PM
Run standard.exe
2/21/2022 10:17:57 PM
End Abaqus/Standard Analysis
Begin Convert MFS to SFS
2/21/2022 10:17:58 PM
Run SMASimUtility.exe
2/21/2022 10:17:58 PM
End Convert MFS to SFS
Abaqus JOB assign1_part_b_CPE4 COMPLETED
