Analysis initiated from SIMULIA established products
Abaqus JOB ME759_assign2_part_a_theta_0.5
Abaqus 3DEXPERIENCE R2018x
Abaqus License Manager checked out the following licenses:
Abaqus/Standard checked out 5 tokens from Flexnet server matlab.iitb.ac.in.
<15 out of 25 licenses remain available>.
Begin Compiling Abaqus/Standard User Subroutines
3/19/2022 11:22:10 PM
Intel(R) Fortran Intel(R) 64 Compiler Classic for applications running on Intel(R) 64, Version 2021.5.0 Build 20211109_000000
Copyright (C) 1985-2021 Intel Corporation.  All rights reserved.

End Compiling Abaqus/Standard User Subroutines
Begin Linking Abaqus/Standard User Subroutines
   Creating library standardU.lib and object standardU.exp
End Linking Abaqus/Standard User Subroutines
3/19/2022 11:22:10 PM
Begin Analysis Input File Processor
3/19/2022 11:22:10 PM
Run pre.exe
3/19/2022 11:22:13 PM
End Analysis Input File Processor
Begin Abaqus/Standard Analysis
3/19/2022 11:22:13 PM
Run standard.exe
3/19/2022 11:22:27 PM
End Abaqus/Standard Analysis
Begin Convert MFS to SFS
3/19/2022 11:22:28 PM
Run SMASimUtility.exe
3/19/2022 11:22:28 PM
End Convert MFS to SFS
Abaqus JOB ME759_assign2_part_a_theta_0.5 COMPLETED
