 Abaqus/Standard 3DEXPERIENCE R2018x                  DATE 19-Mar-2022 TIME 23:22:16
 SUMMARY OF JOB INFORMATION:
 MONITOR NODE:       3  INSTANCE: PART-1-1    DOF:  1
 STEP  INC ATT SEVERE EQUIL TOTAL  TOTAL      STEP       INC OF       DOF    IF
               DISCON ITERS ITERS  TIME/    TIME/LPF    TIME/LPF    MONITOR RIKS
               ITERS               FREQ
   1     1   1     0     1     1  0.100      0.100      0.1000      0.000100 
   1     2   1     0     1     1  0.200      0.200      0.1000      0.000200 
   1     3   1     0     1     1  0.300      0.300      0.1000      0.000300 
   1     4   1     0     1     1  0.400      0.400      0.1000      0.000400 
   1     5   1     0     1     1  0.500      0.500      0.1000      0.000500 
   1     6   1     0     1     1  0.600      0.600      0.1000      0.000601 
   1     7   1     0     1     1  0.700      0.700      0.1000      0.000701 
   1     8   1     0     1     1  0.800      0.800      0.1000      0.000801 
   1     9   1     0     1     1  0.900      0.900      0.1000      0.000901 
   1    10   1     0     1     1  1.00       1.00       0.1000      0.00101  
   1    11   1     0     1     1  1.10       1.10       0.1000      0.00152  
   1    12   1     0     1     1  1.20       1.20       0.1000      0.00202  
   1    13   1     0     1     1  1.30       1.30       0.1000      0.00253  
   1    14   1     0     1     1  1.40       1.40       0.1000      0.00304  
   1    15   1     0     1     1  1.50       1.50       0.1000      0.00355  
   1    16   1     0     1     1  1.60       1.60       0.1000      0.00406  
   1    17   1     0     1     1  1.70       1.70       0.1000      0.00457  
   1    18   1     0     1     1  1.80       1.80       0.1000      0.00508  
   1    19   1     0     1     1  1.90       1.90       0.1000      0.00560  
   1    20   1     0     1     1  2.00       2.00       0.1000      0.00611  
   1    21   1     0     1     1  2.10       2.10       0.1000      0.00731  
   1    22   1     0     1     1  2.20       2.20       0.1000      0.00852  
   1    23   1     0     1     1  2.30       2.30       0.1000      0.00973  
   1    24   1     0     1     1  2.40       2.40       0.1000      0.0109   
   1    25   1     0     1     1  2.50       2.50       0.1000      0.0122   
   1    26   1     0     1     1  2.60       2.60       0.1000      0.0134   
   1    27   1     0     1     1  2.70       2.70       0.1000      0.0146   
   1    28   1     0     1     1  2.80       2.80       0.1000      0.0158   
   1    29   1     0     1     1  2.90       2.90       0.1000      0.0171   
   1    30   1     0     1     1  3.00       3.00       0.1000      0.0183   
   1    31   1     0     1     1  3.10       3.10       0.1000      0.0196   
   1    32   1     0     1     1  3.20       3.20       0.1000      0.0208   
   1    33   1     0     1     1  3.30       3.30       0.1000      0.0221   
   1    34   1     0     1     1  3.40       3.40       0.1000      0.0233   
   1    35   1     0     1     1  3.50       3.50       0.1000      0.0246   
   1    36   1     0     1     1  3.60       3.60       0.1000      0.0259   
   1    37   1     0     1     1  3.70       3.70       0.1000      0.0271   
   1    38   1     0     1     1  3.80       3.80       0.1000      0.0284   
   1    39   1     0     1     1  3.90       3.90       0.1000      0.0297   
   1    40   1     0     1     1  4.00       4.00       0.1000      0.0310   
   1    41   1     0     1     1  4.10       4.10       0.1000      0.0323   
   1    42   1     0     1     1  4.20       4.20       0.1000      0.0336   
   1    43   1     0     1     1  4.30       4.30       0.1000      0.0349   
   1    44   1     0     1     1  4.40       4.40       0.1000      0.0362   
   1    45   1     0     1     1  4.50       4.50       0.1000      0.0375   
   1    46   1     0     1     1  4.60       4.60       0.1000      0.0388   
   1    47   1     0     1     1  4.70       4.70       0.1000      0.0402   
   1    48   1     0     1     1  4.80       4.80       0.1000      0.0415   
   1    49   1     0     1     1  4.90       4.90       0.1000      0.0428   
   1    50   1     0     1     1  5.00       5.00       0.1000      0.0442   
   1    51   1     0     2     2  5.10       5.10       0.1000      0.0441   
   1    52   1     0     1     1  5.20       5.20       0.1000      0.0441   
   1    53   1     0     1     1  5.30       5.30       0.1000      0.0441   
   1    54   1     0     1     1  5.40       5.40       0.1000      0.0441   
   1    55   1     0     1     1  5.50       5.50       0.1000      0.0441   
   1    56   1     0     1     1  5.60       5.60       0.1000      0.0441   
   1    57   1     0     1     1  5.70       5.70       0.1000      0.0441   
   1    58   1     0     1     1  5.80       5.80       0.1000      0.0441   
   1    59   1     0     1     1  5.90       5.90       0.1000      0.0441   
   1    60   1     0     1     1  6.00       6.00       0.1000      0.0440   
   1    61   1     0     1     1  6.10       6.10       0.1000      0.0434   
   1    62   1     0     1     1  6.20       6.20       0.1000      0.0428   
   1    63   1     0     1     1  6.30       6.30       0.1000      0.0421   
   1    64   1     0     1     1  6.40       6.40       0.1000      0.0415   
   1    65   1     0     1     1  6.50       6.50       0.1000      0.0408   
   1    66   1     0     1     1  6.60       6.60       0.1000      0.0402   
   1    67   1     0     1     1  6.70       6.70       0.1000      0.0395   
   1    68   1     0     1     1  6.80       6.80       0.1000      0.0389   
   1    69   1     0     1     1  6.90       6.90       0.1000      0.0383   
   1    70   1     0     1     1  7.00       7.00       0.1000      0.0372   
   1    71   1     0     1     1  7.10       7.10       0.1000      0.0351   
   1    72   1     0     1     1  7.20       7.20       0.1000      0.0330   
   1    73   1     0     1     1  7.30       7.30       0.1000      0.0309   
   1    74   1     0     1     1  7.40       7.40       0.1000      0.0288   
   1    75   1     0     1     1  7.50       7.50       0.1000      0.0268   
   1    76   1     0     1     1  7.60       7.60       0.1000      0.0247   
   1    77   1     0     1     1  7.70       7.70       0.1000      0.0227   
   1    78   1     0     1     1  7.80       7.80       0.1000      0.0206   
   1    79   1     0     1     1  7.90       7.90       0.1000      0.0186   
   1    80   1     0     1     1  8.00       8.00       0.1000      0.0166   
   1    81   1     0     2     2  8.10       8.10       0.1000      0.0166   
   1    82   1     0     1     1  8.20       8.20       0.1000      0.0166   
   1    83   1     0     1     1  8.30       8.30       0.1000      0.0167   
   1    84   1     0     1     1  8.40       8.40       0.1000      0.0167   
   1    85   1     0     1     1  8.50       8.50       0.1000      0.0167   
   1    86   1     0     1     1  8.60       8.60       0.1000      0.0167   
   1    87   1     0     1     1  8.70       8.70       0.1000      0.0167   
   1    88   1     0     1     1  8.80       8.80       0.1000      0.0167   
   1    89   1     0     1     1  8.90       8.90       0.1000      0.0167   
   1    90   1     0     1     1  9.00       9.00       0.1000      0.0167   
   1    91   1     0     1     1  9.10       9.10       0.1000      0.0175   
   1    92   1     0     1     1  9.20       9.20       0.1000      0.0184   
   1    93   1     0     1     1  9.30       9.30       0.1000      0.0192   
   1    94   1     0     1     1  9.40       9.40       0.1000      0.0200   
   1    95   1     0     1     1  9.50       9.50       0.1000      0.0208   
   1    96   1     0     1     1  9.60       9.60       0.1000      0.0217   
   1    97   1     0     1     1  9.70       9.70       0.1000      0.0225   
   1    98   1     0     1     1  9.80       9.80       0.1000      0.0233   
   1    99   1     0     1     1  9.90       9.90       0.1000      0.0241   
   1   100   1     0     1     1  10.0       10.0       0.1000      0.0250   
   1   101   1     0     1     1  10.1       10.1       0.1000      0.0264   
   1   102   1     0     1     1  10.2       10.2       0.1000      0.0286   
   1   103   1     0     1     1  10.3       10.3       0.1000      0.0308   
   1   104   1     0     1     1  10.4       10.4       0.1000      0.0331   
   1   105   1     0     1     1  10.5       10.5       0.1000      0.0353   
   1   106   1     0     1     1  10.6       10.6       0.1000      0.0376   
   1   107   1     0     1     1  10.7       10.7       0.1000      0.0399   
   1   108   1     0     1     1  10.8       10.8       0.1000      0.0422   
   1   109   1     0     1     1  10.9       10.9       0.1000      0.0446   
   1   110   1     0     1     1  11.0       11.0       0.1000      0.0469   
                          
 THE ANALYSIS HAS COMPLETED SUCCESSFULLY
