 Abaqus/Standard 3DEXPERIENCE R2018x                  DATE 23-Mar-2022 TIME 14:34:41
 SUMMARY OF JOB INFORMATION:
 MONITOR NODE:       3  INSTANCE: PART-1-1    DOF:  1
 STEP  INC ATT SEVERE EQUIL TOTAL  TOTAL      STEP       INC OF       DOF    IF
               DISCON ITERS ITERS  TIME/    TIME/LPF    TIME/LPF    MONITOR RIKS
               ITERS               FREQ
   1     1   1     0     1     1  2.50       2.50       2.500       0.000500 
   1     2   1     0     1     1  5.00       5.00       2.500       0.00100  
   1     3   1     0     1     1  7.50       7.50       2.500       0.00150  
   1     4   1     0     1     1  10.0       10.0       2.500       0.00200  
   1     5   1     0     1     1  12.5       12.5       2.500       0.00250  
   1     6   1     0     1     1  15.0       15.0       2.500       0.00300  
   1     7   1     0     1     1  17.5       17.5       2.500       0.00350  
   1     8   1     0     1     1  20.0       20.0       2.500       0.00400  
   1     9   1     0     1     1  22.5       22.5       2.500       0.00450  
   1    10   1     0     1     1  25.0       25.0       2.500       0.00500  
   1    11   1     0     1     1  27.5       27.5       2.500       0.00550  
   1    12   1     0     1     1  30.0       30.0       2.500       0.00600  
   1    13   1     0     1     1  32.5       32.5       2.500       0.00650  
   1    14   1     0     1     1  35.0       35.0       2.500       0.00700  
   1    15   1     0     1     1  37.5       37.5       2.500       0.00750  
   1    16   1     0     1     1  40.0       40.0       2.500       0.00800  
   1    17   1     0     1     1  42.5       42.5       2.500       0.00850  
   1    18   1     0     1     1  45.0       45.0       2.500       0.00900  
   1    19   1     0     1     1  47.5       47.5       2.500       0.00950  
   1    20   1     0     1     1  50.0       50.0       2.500       0.0100   
   1    21   1     0     1     1  52.5       52.5       2.500       0.0105   
   1    22   1     0     1     1  55.0       55.0       2.500       0.0110   
   1    23   1     0     1     1  57.5       57.5       2.500       0.0115   
   1    24   1     0     1     1  60.0       60.0       2.500       0.0120   
   1    25   1     0     1     1  62.5       62.5       2.500       0.0125   
   1    26   1     0     1     1  65.0       65.0       2.500       0.0130   
   1    27   1     0     1     1  67.5       67.5       2.500       0.0135   
   1    28   1     0     1     1  70.0       70.0       2.500       0.0140   
   1    29   1     0     1     1  72.5       72.5       2.500       0.0145   
   1    30   1     0     1     1  75.0       75.0       2.500       0.0150   
   1    31   1     0     1     1  77.5       77.5       2.500       0.0155   
   1    32   1     0     1     1  80.0       80.0       2.500       0.0160   
   1    33   1     0     1     1  82.5       82.5       2.500       0.0165   
   1    34   1     0     1     1  85.0       85.0       2.500       0.0170   
   1    35   1     0     1     1  87.5       87.5       2.500       0.0175   
   1    36   1     0     1     1  90.0       90.0       2.500       0.0180   
   1    37   1     0     1     1  92.5       92.5       2.500       0.0185   
   1    38   1     0     1     1  95.0       95.0       2.500       0.0190   
   1    39   1     0     1     1  97.5       97.5       2.500       0.0195   
   1    40   1     0     1     1  100.       100.       2.500       0.0200   
   1    41   1     0     1     1  103.       103.       2.500       0.0205   
   1    42   1     0     1     1  105.       105.       2.500       0.0210   
   1    43   1     0     1     1  108.       108.       2.500       0.0215   
   1    44   1     0     1     1  110.       110.       2.500       0.0220   
   1    45   1     0     1     1  113.       113.       2.500       0.0225   
   1    46   1     0     1     1  115.       115.       2.500       0.0230   
   1    47   1     0     1     1  118.       118.       2.500       0.0235   
   1    48   1     0     1     1  120.       120.       2.500       0.0240   
   1    49   1     0     1     1  123.       123.       2.500       0.0245   
   1    50   1     0     1     1  125.       125.       2.500       0.0250   
   1    51   1     0     1     1  128.       128.       2.500       0.0255   
   1    52   1     0     1     1  130.       130.       2.500       0.0260   
   1    53   1     0     1     1  133.       133.       2.500       0.0265   
   1    54   1     0     1     1  135.       135.       2.500       0.0270   
   1    55   1     0     1     1  138.       138.       2.500       0.0275   
   1    56   1     0     1     1  140.       140.       2.500       0.0280   
   1    57   1     0     1     1  143.       143.       2.500       0.0285   
   1    58   1     0     1     1  145.       145.       2.500       0.0290   
   1    59   1     0     1     1  148.       148.       2.500       0.0295   
   1    60   1     0     1     1  150.       150.       2.500       0.0300   
                          
 THE ANALYSIS HAS COMPLETED SUCCESSFULLY
