 Abaqus/Standard 3DEXPERIENCE R2018x                  DATE 05-Apr-2022 TIME 21:08:45
 SUMMARY OF JOB INFORMATION:
 MONITOR NODE:       3  INSTANCE: PART-1-1    DOF:  1
 STEP  INC ATT SEVERE EQUIL TOTAL  TOTAL      STEP       INC OF       DOF    IF
               DISCON ITERS ITERS  TIME/    TIME/LPF    TIME/LPF    MONITOR RIKS
               ITERS               FREQ
   1     1   1     0     1     1  0.0100     0.0100     0.01000     1.51e-05 
   1     2   1     0     1     1  0.0200     0.0200     0.01000     3.02e-05 
   1     3   1     0     1     1  0.0300     0.0300     0.01000     4.52e-05 
   1     4   1     0     1     1  0.0400     0.0400     0.01000     6.03e-05 
   1     5   1     0     1     1  0.0500     0.0500     0.01000     7.54e-05 
   1     6   1     0     1     1  0.0600     0.0600     0.01000     9.05e-05 
   1     7   1     0     1     1  0.0700     0.0700     0.01000     0.000106 
   1     8   1     0     1     1  0.0800     0.0800     0.01000     0.000121 
   1     9   1     0     1     1  0.0900     0.0900     0.01000     0.000136 
   1    10   1     0     1     1  0.100      0.100      0.01000     0.000151 
   1    11   1     0     1     1  0.110      0.110      0.01000     0.000166 
   1    12   1     0     1     1  0.120      0.120      0.01000     0.000181 
   1    13   1     0     1     1  0.130      0.130      0.01000     0.000196 
   1    14   1     0     1     1  0.140      0.140      0.01000     0.000211 
   1    15   1     0     1     1  0.150      0.150      0.01000     0.000226 
   1    16   1     0     1     1  0.160      0.160      0.01000     0.000241 
   1    17   1     0     1     1  0.170      0.170      0.01000     0.000256 
   1    18   1     0     1     1  0.180      0.180      0.01000     0.000271 
   1    19   1     0     1     1  0.190      0.190      0.01000     0.000287 
   1    20   1     0     1     1  0.200      0.200      0.01000     0.000302 
   1    21   1     0     1     1  0.210      0.210      0.01000     0.000317 
   1    22   1     0     1     1  0.220      0.220      0.01000     0.000332 
   1    23   1     0     1     1  0.230      0.230      0.01000     0.000347 
   1    24   1     0     1     1  0.240      0.240      0.01000     0.000362 
   1    25   1     0     1     1  0.250      0.250      0.01000     0.000377 
   1    26   1     0     1     1  0.260      0.260      0.01000     0.000392 
   1    27   1     0     1     1  0.270      0.270      0.01000     0.000407 
   1    28   1     0     1     1  0.280      0.280      0.01000     0.000422 
   1    29   1     0     1     1  0.290      0.290      0.01000     0.000437 
   1    30   1     0     1     1  0.300      0.300      0.01000     0.000452 
   1    31   1     0     1     1  0.310      0.310      0.01000     0.000467 
   1    32   1     0     1     1  0.320      0.320      0.01000     0.000483 
   1    33   1     0     1     1  0.330      0.330      0.01000     0.000498 
   1    34   1     0     1     1  0.340      0.340      0.01000     0.000513 
   1    35   1     0     1     1  0.350      0.350      0.01000     0.000528 
   1    36   1     0     1     1  0.360      0.360      0.01000     0.000543 
   1    37   1     0     1     1  0.370      0.370      0.01000     0.000558 
   1    38   1     0     1     1  0.380      0.380      0.01000     0.000573 
   1    39   1     0     1     1  0.390      0.390      0.01000     0.000588 
   1    40   1     0     1     1  0.400      0.400      0.01000     0.000603 
   1    41   1     0     1     1  0.410      0.410      0.01000     0.000618 
   1    42   1     0     1     1  0.420      0.420      0.01000     0.000633 
   1    43   1     0     1     1  0.430      0.430      0.01000     0.000648 
   1    44   1     0     1     1  0.440      0.440      0.01000     0.000664 
   1    45   1     0     1     1  0.450      0.450      0.01000     0.000679 
   1    46   1     0     1     1  0.460      0.460      0.01000     0.000694 
   1    47   1     0     1     1  0.470      0.470      0.01000     0.000709 
   1    48   1     0     1     1  0.480      0.480      0.01000     0.000724 
   1    49   1     0     1     1  0.490      0.490      0.01000     0.000739 
   1    50   1     0     1     1  0.500      0.500      0.01000     0.000754 
   1    51   1     0     1     1  0.510      0.510      0.01000     0.000769 
   1    52   1     0     1     1  0.520      0.520      0.01000     0.000784 
   1    53   1     0     1     1  0.530      0.530      0.01000     0.000799 
   1    54   1     0     1     1  0.540      0.540      0.01000     0.000814 
   1    55   1     0     1     1  0.550      0.550      0.01000     0.000829 
   1    56   1     0     1     1  0.560      0.560      0.01000     0.000844 
   1    57   1     0     1     1  0.570      0.570      0.01000     0.000860 
   1    58   1     0     1     1  0.580      0.580      0.01000     0.000875 
   1    59   1     0     1     1  0.590      0.590      0.01000     0.000890 
   1    60   1     0     1     1  0.600      0.600      0.01000     0.000905 
   1    61   1     0     1     1  0.610      0.610      0.01000     0.000920 
   1    62   1     0     1     1  0.620      0.620      0.01000     0.000935 
   1    63   1     0     1     1  0.630      0.630      0.01000     0.000950 
   1    64   1     0     1     1  0.640      0.640      0.01000     0.000965 
   1    65   1     0     1     1  0.650      0.650      0.01000     0.000980 
   1    66   1     0     1     1  0.660      0.660      0.01000     0.000995 
   1    67   1     0     1     1  0.670      0.670      0.01000     0.00101  
   1    68   1     0     1     1  0.680      0.680      0.01000     0.00103  
   1    69   1     0     1     1  0.690      0.690      0.01000     0.00104  
   1    70   1     0     1     1  0.700      0.700      0.01000     0.00106  
   1    71   1     0     1     1  0.710      0.710      0.01000     0.00107  
   1    72   1     0     1     1  0.720      0.720      0.01000     0.00109  
   1    73   1     0     1     1  0.730      0.730      0.01000     0.00110  
   1    74   1     0     1     1  0.740      0.740      0.01000     0.00112  
   1    75   1     0     1     1  0.750      0.750      0.01000     0.00113  
   1    76   1     0     1     1  0.760      0.760      0.01000     0.00115  
   1    77   1     0     1     1  0.770      0.770      0.01000     0.00116  
   1    78   1     0     1     1  0.780      0.780      0.01000     0.00118  
   1    79   1     0     1     1  0.790      0.790      0.01000     0.00119  
   1    80   1     0     1     1  0.800      0.800      0.01000     0.00121  
   1    81   1     0     1     1  0.810      0.810      0.01000     0.00122  
   1    82   1     0     1     1  0.820      0.820      0.01000     0.00124  
   1    83   1     0     1     1  0.830      0.830      0.01000     0.00125  
   1    84   1     0     1     1  0.840      0.840      0.01000     0.00127  
   1    85   1     0     1     1  0.850      0.850      0.01000     0.00128  
   1    86   1     0     1     1  0.860      0.860      0.01000     0.00130  
   1    87   1     0     1     1  0.870      0.870      0.01000     0.00131  
   1    88   1     0     1     1  0.880      0.880      0.01000     0.00133  
   1    89   1     0     1     1  0.890      0.890      0.01000     0.00134  
   1    90   1     0     1     1  0.900      0.900      0.01000     0.00136  
   1    91   1     0     1     1  0.910      0.910      0.01000     0.00137  
   1    92   1     0     1     1  0.920      0.920      0.01000     0.00139  
   1    93   1     0     1     1  0.930      0.930      0.01000     0.00140  
   1    94   1     0     1     1  0.940      0.940      0.01000     0.00142  
   1    95   1     0     1     1  0.950      0.950      0.01000     0.00143  
   1    96   1     0     1     1  0.960      0.960      0.01000     0.00145  
   1    97   1     0     1     1  0.970      0.970      0.01000     0.00146  
   1    98   1     0     1     1  0.980      0.980      0.01000     0.00148  
   1    99   1     0     1     1  0.990      0.990      0.01000     0.00149  
   1   100   1     0     2     2  1.00       1.00       0.01000     0.00158  
   1   101   1     0     1     1  1.01       1.01       0.01000     0.00164  
   1   102   1     0     1     1  1.02       1.02       0.01000     0.00171  
   1   103   1     0     1     1  1.03       1.03       0.01000     0.00177  
   1   104   1     0     1     1  1.04       1.04       0.01000     0.00184  
   1   105   1     0     1     1  1.05       1.05       0.01000     0.00190  
   1   106   1     0     1     1  1.06       1.06       0.01000     0.00197  
   1   107   1     0     1     1  1.07       1.07       0.01000     0.00203  
   1   108   1     0     1     1  1.08       1.08       0.01000     0.00210  
   1   109   1     0     1     1  1.09       1.09       0.01000     0.00216  
   1   110   1     0     1     1  1.10       1.10       0.01000     0.00223  
   1   111   1     0     1     1  1.11       1.11       0.01000     0.00229  
   1   112   1     0     1     1  1.12       1.12       0.01000     0.00236  
   1   113   1     0     1     1  1.13       1.13       0.01000     0.00242  
   1   114   1     0     1     1  1.14       1.14       0.01000     0.00249  
   1   115   1     0     1     1  1.15       1.15       0.01000     0.00255  
   1   116   1     0     1     1  1.16       1.16       0.01000     0.00262  
   1   117   1     0     1     1  1.17       1.17       0.01000     0.00268  
   1   118   1     0     1     1  1.18       1.18       0.01000     0.00275  
   1   119   1     0     1     1  1.19       1.19       0.01000     0.00281  
   1   120   1     0     1     1  1.20       1.20       0.01000     0.00288  
   1   121   1     0     1     1  1.21       1.21       0.01000     0.00294  
   1   122   1     0     1     1  1.22       1.22       0.01000     0.00301  
   1   123   1     0     1     1  1.23       1.23       0.01000     0.00308  
   1   124   1     0     1     1  1.24       1.24       0.01000     0.00314  
   1   125   1     0     1     1  1.25       1.25       0.01000     0.00321  
   1   126   1     0     1     1  1.26       1.26       0.01000     0.00327  
   1   127   1     0     1     1  1.27       1.27       0.01000     0.00334  
   1   128   1     0     1     1  1.28       1.28       0.01000     0.00340  
   1   129   1     0     1     1  1.29       1.29       0.01000     0.00347  
   1   130   1     0     1     1  1.30       1.30       0.01000     0.00353  
   1   131   1     0     1     1  1.31       1.31       0.01000     0.00360  
   1   132   1     0     1     1  1.32       1.32       0.01000     0.00366  
   1   133   1     0     1     1  1.33       1.33       0.01000     0.00373  
   1   134   1     0     1     1  1.34       1.34       0.01000     0.00379  
   1   135   1     0     1     1  1.35       1.35       0.01000     0.00386  
   1   136   1     0     1     1  1.36       1.36       0.01000     0.00392  
   1   137   1     0     1     1  1.37       1.37       0.01000     0.00399  
   1   138   1     0     1     1  1.38       1.38       0.01000     0.00405  
   1   139   1     0     1     1  1.39       1.39       0.01000     0.00412  
   1   140   1     0     1     1  1.40       1.40       0.01000     0.00418  
   1   141   1     0     1     1  1.41       1.41       0.01000     0.00425  
   1   142   1     0     1     1  1.42       1.42       0.01000     0.00431  
   1   143   1     0     1     1  1.43       1.43       0.01000     0.00438  
   1   144   1     0     1     1  1.44       1.44       0.01000     0.00444  
   1   145   1     0     1     1  1.45       1.45       0.01000     0.00451  
   1   146   1     0     1     1  1.46       1.46       0.01000     0.00457  
   1   147   1     0     1     1  1.47       1.47       0.01000     0.00464  
   1   148   1     0     1     1  1.48       1.48       0.01000     0.00470  
   1   149   1     0     1     1  1.49       1.49       0.01000     0.00477  
   1   150   1     0     1     1  1.50       1.50       0.01000     0.00483  
   1   151   1     0     1     1  1.51       1.51       0.01000     0.00490  
   1   152   1     0     1     1  1.52       1.52       0.01000     0.00496  
   1   153   1     0     1     1  1.53       1.53       0.01000     0.00503  
   1   154   1     0     1     1  1.54       1.54       0.01000     0.00509  
   1   155   1     0     1     1  1.55       1.55       0.01000     0.00516  
   1   156   1     0     1     1  1.56       1.56       0.01000     0.00522  
   1   157   1     0     1     1  1.57       1.57       0.01000     0.00529  
   1   158   1     0     1     1  1.58       1.58       0.01000     0.00535  
   1   159   1     0     1     1  1.59       1.59       0.01000     0.00542  
   1   160   1     0     1     1  1.60       1.60       0.01000     0.00548  
   1   161   1     0     1     1  1.61       1.61       0.01000     0.00555  
   1   162   1     0     1     1  1.62       1.62       0.01000     0.00561  
   1   163   1     0     1     1  1.63       1.63       0.01000     0.00568  
   1   164   1     0     1     1  1.64       1.64       0.01000     0.00574  
   1   165   1     0     1     1  1.65       1.65       0.01000     0.00581  
   1   166   1     0     1     1  1.66       1.66       0.01000     0.00587  
   1   167   1     0     1     1  1.67       1.67       0.01000     0.00594  
   1   168   1     0     1     1  1.68       1.68       0.01000     0.00600  
   1   169   1     0     1     1  1.69       1.69       0.01000     0.00607  
   1   170   1     0     1     1  1.70       1.70       0.01000     0.00613  
   1   171   1     0     1     1  1.71       1.71       0.01000     0.00620  
   1   172   1     0     1     1  1.72       1.72       0.01000     0.00626  
   1   173   1     0     1     1  1.73       1.73       0.01000     0.00633  
   1   174   1     0     1     1  1.74       1.74       0.01000     0.00639  
   1   175   1     0     1     1  1.75       1.75       0.01000     0.00646  
   1   176   1     0     1     1  1.76       1.76       0.01000     0.00652  
   1   177   1     0     1     1  1.77       1.77       0.01000     0.00659  
   1   178   1     0     1     1  1.78       1.78       0.01000     0.00665  
   1   179   1     0     1     1  1.79       1.79       0.01000     0.00672  
   1   180   1     0     1     1  1.80       1.80       0.01000     0.00678  
   1   181   1     0     1     1  1.81       1.81       0.01000     0.00685  
   1   182   1     0     1     1  1.82       1.82       0.01000     0.00691  
   1   183   1     0     1     1  1.83       1.83       0.01000     0.00698  
   1   184   1     0     1     1  1.84       1.84       0.01000     0.00704  
   1   185   1     0     1     1  1.85       1.85       0.01000     0.00711  
   1   186   1     0     1     1  1.86       1.86       0.01000     0.00717  
   1   187   1     0     1     1  1.87       1.87       0.01000     0.00724  
   1   188   1     0     1     1  1.88       1.88       0.01000     0.00730  
   1   189   1     0     1     1  1.89       1.89       0.01000     0.00737  
   1   190   1     0     1     1  1.90       1.90       0.01000     0.00743  
   1   191   1     0     1     1  1.91       1.91       0.01000     0.00750  
   1   192   1     0     1     1  1.92       1.92       0.01000     0.00756  
   1   193   1     0     1     1  1.93       1.93       0.01000     0.00763  
   1   194   1     0     1     1  1.94       1.94       0.01000     0.00769  
   1   195   1     0     1     1  1.95       1.95       0.01000     0.00776  
   1   196   1     0     1     1  1.96       1.96       0.01000     0.00782  
   1   197   1     0     1     1  1.97       1.97       0.01000     0.00789  
   1   198   1     0     1     1  1.98       1.98       0.01000     0.00795  
   1   199   1     0     1     1  1.99       1.99       0.01000     0.00802  
   1   200   1     0     1     1  2.00       2.00       0.01000     0.00808  
   1   201   1     0     1     1  2.01       2.01       0.01000     0.00820  
   1   202   1     0     1     1  2.02       2.02       0.01000     0.00832  
   1   203   1     0     1     1  2.03       2.03       0.01000     0.00844  
   1   204   1     0     1     1  2.04       2.04       0.01000     0.00855  
   1   205   1     0     1     1  2.05       2.05       0.01000     0.00867  
   1   206   1     0     1     1  2.06       2.06       0.01000     0.00879  
   1   207   1     0     1     1  2.07       2.07       0.01000     0.00891  
   1   208   1     0     1     1  2.08       2.08       0.01000     0.00903  
   1   209   1     0     1     1  2.09       2.09       0.01000     0.00915  
   1   210   1     0     1     1  2.10       2.10       0.01000     0.00926  
   1   211   1     0     1     1  2.11       2.11       0.01000     0.00938  
   1   212   1     0     1     1  2.12       2.12       0.01000     0.00950  
   1   213   1     0     1     1  2.13       2.13       0.01000     0.00962  
   1   214   1     0     1     1  2.14       2.14       0.01000     0.00974  
   1   215   1     0     1     1  2.15       2.15       0.01000     0.00986  
   1   216   1     0     1     1  2.16       2.16       0.01000     0.00997  
   1   217   1     0     1     1  2.17       2.17       0.01000     0.0101   
   1   218   1     0     1     1  2.18       2.18       0.01000     0.0102   
   1   219   1     0     1     1  2.19       2.19       0.01000     0.0103   
   1   220   1     0     1     1  2.20       2.20       0.01000     0.0104   
   1   221   1     0     1     1  2.21       2.21       0.01000     0.0106   
   1   222   1     0     1     1  2.22       2.22       0.01000     0.0107   
   1   223   1     0     1     1  2.23       2.23       0.01000     0.0108   
   1   224   1     0     1     1  2.24       2.24       0.01000     0.0109   
   1   225   1     0     1     1  2.25       2.25       0.01000     0.0110   
   1   226   1     0     1     1  2.26       2.26       0.01000     0.0112   
   1   227   1     0     1     1  2.27       2.27       0.01000     0.0113   
   1   228   1     0     1     1  2.28       2.28       0.01000     0.0114   
   1   229   1     0     1     1  2.29       2.29       0.01000     0.0115   
   1   230   1     0     1     1  2.30       2.30       0.01000     0.0116   
   1   231   1     0     1     1  2.31       2.31       0.01000     0.0117   
   1   232   1     0     1     1  2.32       2.32       0.01000     0.0119   
   1   233   1     0     1     1  2.33       2.33       0.01000     0.0120   
   1   234   1     0     1     1  2.34       2.34       0.01000     0.0121   
   1   235   1     0     1     1  2.35       2.35       0.01000     0.0122   
   1   236   1     0     1     1  2.36       2.36       0.01000     0.0123   
   1   237   1     0     1     1  2.37       2.37       0.01000     0.0125   
   1   238   1     0     1     1  2.38       2.38       0.01000     0.0126   
   1   239   1     0     1     1  2.39       2.39       0.01000     0.0127   
   1   240   1     0     1     1  2.40       2.40       0.01000     0.0128   
   1   241   1     0     1     1  2.41       2.41       0.01000     0.0129   
   1   242   1     0     1     1  2.42       2.42       0.01000     0.0130   
   1   243   1     0     1     1  2.43       2.43       0.01000     0.0132   
   1   244   1     0     1     1  2.44       2.44       0.01000     0.0133   
   1   245   1     0     1     1  2.45       2.45       0.01000     0.0134   
   1   246   1     0     1     1  2.46       2.46       0.01000     0.0135   
   1   247   1     0     1     1  2.47       2.47       0.01000     0.0136   
   1   248   1     0     1     1  2.48       2.48       0.01000     0.0138   
   1   249   1     0     1     1  2.49       2.49       0.01000     0.0139   
   1   250   1     0     1     1  2.50       2.50       0.01000     0.0140   
   1   251   1     0     1     1  2.51       2.51       0.01000     0.0141   
   1   252   1     0     1     1  2.52       2.52       0.01000     0.0142   
   1   253   1     0     1     1  2.53       2.53       0.01000     0.0143   
   1   254   1     0     1     1  2.54       2.54       0.01000     0.0145   
   1   255   1     0     1     1  2.55       2.55       0.01000     0.0146   
   1   256   1     0     1     1  2.56       2.56       0.01000     0.0147   
   1   257   1     0     1     1  2.57       2.57       0.01000     0.0148   
   1   258   1     0     1     1  2.58       2.58       0.01000     0.0149   
   1   259   1     0     1     1  2.59       2.59       0.01000     0.0151   
   1   260   1     0     1     1  2.60       2.60       0.01000     0.0152   
   1   261   1     0     1     1  2.61       2.61       0.01000     0.0153   
   1   262   1     0     1     1  2.62       2.62       0.01000     0.0154   
   1   263   1     0     1     1  2.63       2.63       0.01000     0.0155   
   1   264   1     0     1     1  2.64       2.64       0.01000     0.0156   
   1   265   1     0     1     1  2.65       2.65       0.01000     0.0158   
   1   266   1     0     1     1  2.66       2.66       0.01000     0.0159   
   1   267   1     0     1     1  2.67       2.67       0.01000     0.0160   
   1   268   1     0     1     1  2.68       2.68       0.01000     0.0161   
   1   269   1     0     1     1  2.69       2.69       0.01000     0.0162   
   1   270   1     0     1     1  2.70       2.70       0.01000     0.0164   
   1   271   1     0     1     1  2.71       2.71       0.01000     0.0165   
   1   272   1     0     1     1  2.72       2.72       0.01000     0.0166   
   1   273   1     0     1     1  2.73       2.73       0.01000     0.0167   
   1   274   1     0     1     1  2.74       2.74       0.01000     0.0168   
   1   275   1     0     1     1  2.75       2.75       0.01000     0.0169   
   1   276   1     0     1     1  2.76       2.76       0.01000     0.0171   
   1   277   1     0     1     1  2.77       2.77       0.01000     0.0172   
   1   278   1     0     1     1  2.78       2.78       0.01000     0.0173   
   1   279   1     0     1     1  2.79       2.79       0.01000     0.0174   
   1   280   1     0     1     1  2.80       2.80       0.01000     0.0175   
   1   281   1     0     1     1  2.81       2.81       0.01000     0.0177   
   1   282   1     0     1     1  2.82       2.82       0.01000     0.0178   
   1   283   1     0     1     1  2.83       2.83       0.01000     0.0179   
   1   284   1     0     1     1  2.84       2.84       0.01000     0.0180   
   1   285   1     0     1     1  2.85       2.85       0.01000     0.0181   
   1   286   1     0     1     1  2.86       2.86       0.01000     0.0182   
   1   287   1     0     1     1  2.87       2.87       0.01000     0.0184   
   1   288   1     0     1     1  2.88       2.88       0.01000     0.0185   
   1   289   1     0     1     1  2.89       2.89       0.01000     0.0186   
   1   290   1     0     1     1  2.90       2.90       0.01000     0.0187   
   1   291   1     0     1     1  2.91       2.91       0.01000     0.0188   
   1   292   1     0     1     1  2.92       2.92       0.01000     0.0190   
   1   293   1     0     1     1  2.93       2.93       0.01000     0.0191   
   1   294   1     0     1     1  2.94       2.94       0.01000     0.0192   
   1   295   1     0     1     1  2.95       2.95       0.01000     0.0193   
   1   296   1     0     1     1  2.96       2.96       0.01000     0.0194   
   1   297   1     0     1     1  2.97       2.97       0.01000     0.0195   
   1   298   1     0     1     1  2.98       2.98       0.01000     0.0197   
   1   299   1     0     1     1  2.99       2.99       0.01000     0.0198   
   1   300   1     0     1     1  3.00       3.00       0.01000     0.0199   
   1   301   1     0     1     1  3.01       3.01       0.01000     0.0200   
   1   302   1     0     1     1  3.02       3.02       0.01000     0.0201   
   1   303   1     0     1     1  3.03       3.03       0.01000     0.0203   
   1   304   1     0     1     1  3.04       3.04       0.01000     0.0204   
   1   305   1     0     1     1  3.05       3.05       0.01000     0.0205   
   1   306   1     0     1     1  3.06       3.06       0.01000     0.0206   
   1   307   1     0     1     1  3.07       3.07       0.01000     0.0207   
   1   308   1     0     1     1  3.08       3.08       0.01000     0.0209   
   1   309   1     0     1     1  3.09       3.09       0.01000     0.0210   
   1   310   1     0     1     1  3.10       3.10       0.01000     0.0211   
   1   311   1     0     1     1  3.11       3.11       0.01000     0.0212   
   1   312   1     0     1     1  3.12       3.12       0.01000     0.0213   
   1   313   1     0     1     1  3.13       3.13       0.01000     0.0214   
   1   314   1     0     1     1  3.14       3.14       0.01000     0.0216   
   1   315   1     0     1     1  3.15       3.15       0.01000     0.0217   
   1   316   1     0     1     1  3.16       3.16       0.01000     0.0218   
   1   317   1     0     1     1  3.17       3.17       0.01000     0.0219   
   1   318   1     0     1     1  3.18       3.18       0.01000     0.0220   
   1   319   1     0     1     1  3.19       3.19       0.01000     0.0222   
   1   320   1     0     1     1  3.20       3.20       0.01000     0.0223   
   1   321   1     0     1     1  3.21       3.21       0.01000     0.0224   
   1   322   1     0     1     1  3.22       3.22       0.01000     0.0225   
   1   323   1     0     1     1  3.23       3.23       0.01000     0.0226   
   1   324   1     0     1     1  3.24       3.24       0.01000     0.0227   
   1   325   1     0     1     1  3.25       3.25       0.01000     0.0229   
   1   326   1     0     1     1  3.26       3.26       0.01000     0.0230   
   1   327   1     0     1     1  3.27       3.27       0.01000     0.0231   
   1   328   1     0     1     1  3.28       3.28       0.01000     0.0232   
   1   329   1     0     1     1  3.29       3.29       0.01000     0.0233   
   1   330   1     0     1     1  3.30       3.30       0.01000     0.0235   
   1   331   1     0     1     1  3.31       3.31       0.01000     0.0236   
   1   332   1     0     1     1  3.32       3.32       0.01000     0.0237   
   1   333   1     0     1     1  3.33       3.33       0.01000     0.0238   
   1   334   1     0     1     1  3.34       3.34       0.01000     0.0239   
   1   335   1     0     1     1  3.35       3.35       0.01000     0.0240   
   1   336   1     0     1     1  3.36       3.36       0.01000     0.0242   
   1   337   1     0     1     1  3.37       3.37       0.01000     0.0243   
   1   338   1     0     1     1  3.38       3.38       0.01000     0.0244   
   1   339   1     0     1     1  3.39       3.39       0.01000     0.0245   
   1   340   1     0     1     1  3.40       3.40       0.01000     0.0246   
   1   341   1     0     1     1  3.41       3.41       0.01000     0.0248   
   1   342   1     0     1     1  3.42       3.42       0.01000     0.0249   
   1   343   1     0     1     1  3.43       3.43       0.01000     0.0250   
   1   344   1     0     1     1  3.44       3.44       0.01000     0.0251   
   1   345   1     0     1     1  3.45       3.45       0.01000     0.0252   
   1   346   1     0     1     1  3.46       3.46       0.01000     0.0253   
   1   347   1     0     1     1  3.47       3.47       0.01000     0.0255   
   1   348   1     0     1     1  3.48       3.48       0.01000     0.0256   
   1   349   1     0     1     1  3.49       3.49       0.01000     0.0257   
   1   350   1     0     1     1  3.50       3.50       0.01000     0.0258   
   1   351   1     0     1     1  3.51       3.51       0.01000     0.0259   
   1   352   1     0     1     1  3.52       3.52       0.01000     0.0261   
   1   353   1     0     1     1  3.53       3.53       0.01000     0.0262   
   1   354   1     0     1     1  3.54       3.54       0.01000     0.0263   
   1   355   1     0     1     1  3.55       3.55       0.01000     0.0264   
   1   356   1     0     1     1  3.56       3.56       0.01000     0.0265   
   1   357   1     0     1     1  3.57       3.57       0.01000     0.0266   
   1   358   1     0     1     1  3.58       3.58       0.01000     0.0268   
   1   359   1     0     1     1  3.59       3.59       0.01000     0.0269   
   1   360   1     0     1     1  3.60       3.60       0.01000     0.0270   
   1   361   1     0     1     1  3.61       3.61       0.01000     0.0271   
   1   362   1     0     1     1  3.62       3.62       0.01000     0.0272   
   1   363   1     0     1     1  3.63       3.63       0.01000     0.0274   
   1   364   1     0     1     1  3.64       3.64       0.01000     0.0275   
   1   365   1     0     1     1  3.65       3.65       0.01000     0.0276   
   1   366   1     0     1     1  3.66       3.66       0.01000     0.0277   
   1   367   1     0     1     1  3.67       3.67       0.01000     0.0278   
   1   368   1     0     1     1  3.68       3.68       0.01000     0.0279   
   1   369   1     0     1     1  3.69       3.69       0.01000     0.0281   
   1   370   1     0     1     1  3.70       3.70       0.01000     0.0282   
   1   371   1     0     1     1  3.71       3.71       0.01000     0.0283   
   1   372   1     0     1     1  3.72       3.72       0.01000     0.0284   
   1   373   1     0     1     1  3.73       3.73       0.01000     0.0285   
   1   374   1     0     1     1  3.74       3.74       0.01000     0.0287   
   1   375   1     0     1     1  3.75       3.75       0.01000     0.0288   
   1   376   1     0     1     1  3.76       3.76       0.01000     0.0289   
   1   377   1     0     1     1  3.77       3.77       0.01000     0.0290   
   1   378   1     0     1     1  3.78       3.78       0.01000     0.0291   
   1   379   1     0     1     1  3.79       3.79       0.01000     0.0292   
   1   380   1     0     1     1  3.80       3.80       0.01000     0.0294   
   1   381   1     0     1     1  3.81       3.81       0.01000     0.0295   
   1   382   1     0     1     1  3.82       3.82       0.01000     0.0296   
   1   383   1     0     1     1  3.83       3.83       0.01000     0.0297   
   1   384   1     0     1     1  3.84       3.84       0.01000     0.0298   
   1   385   1     0     1     1  3.85       3.85       0.01000     0.0300   
   1   386   1     0     1     1  3.86       3.86       0.01000     0.0301   
   1   387   1     0     1     1  3.87       3.87       0.01000     0.0302   
   1   388   1     0     1     1  3.88       3.88       0.01000     0.0303   
   1   389   1     0     1     1  3.89       3.89       0.01000     0.0304   
   1   390   1     0     1     1  3.90       3.90       0.01000     0.0305   
   1   391   1     0     1     1  3.91       3.91       0.01000     0.0307   
   1   392   1     0     1     1  3.92       3.92       0.01000     0.0308   
   1   393   1     0     1     1  3.93       3.93       0.01000     0.0309   
   1   394   1     0     1     1  3.94       3.94       0.01000     0.0310   
   1   395   1     0     1     1  3.95       3.95       0.01000     0.0311   
   1   396   1     0     1     1  3.96       3.96       0.01000     0.0313   
   1   397   1     0     1     1  3.97       3.97       0.01000     0.0314   
   1   398   1     0     1     1  3.98       3.98       0.01000     0.0315   
   1   399   1     0     1     1  3.99       3.99       0.01000     0.0316   
   1   400   1     0     1     1  4.00       4.00       0.01000     0.0317   
   1   401   1     0     1     1  4.01       4.01       0.01000     0.0318   
   1   402   1     0     1     1  4.02       4.02       0.01000     0.0320   
   1   403   1     0     1     1  4.03       4.03       0.01000     0.0321   
   1   404   1     0     1     1  4.04       4.04       0.01000     0.0322   
   1   405   1     0     1     1  4.05       4.05       0.01000     0.0323   
   1   406   1     0     1     1  4.06       4.06       0.01000     0.0324   
   1   407   1     0     1     1  4.07       4.07       0.01000     0.0326   
   1   408   1     0     1     1  4.08       4.08       0.01000     0.0327   
   1   409   1     0     1     1  4.09       4.09       0.01000     0.0328   
   1   410   1     0     1     1  4.10       4.10       0.01000     0.0329   
   1   411   1     0     1     1  4.11       4.11       0.01000     0.0330   
   1   412   1     0     1     1  4.12       4.12       0.01000     0.0331   
   1   413   1     0     1     1  4.13       4.13       0.01000     0.0333   
   1   414   1     0     1     1  4.14       4.14       0.01000     0.0334   
   1   415   1     0     1     1  4.15       4.15       0.01000     0.0335   
   1   416   1     0     1     1  4.16       4.16       0.01000     0.0336   
   1   417   1     0     1     1  4.17       4.17       0.01000     0.0337   
   1   418   1     0     1     1  4.18       4.18       0.01000     0.0339   
   1   419   1     0     1     1  4.19       4.19       0.01000     0.0340   
   1   420   1     0     1     1  4.20       4.20       0.01000     0.0341   
   1   421   1     0     1     1  4.21       4.21       0.01000     0.0342   
   1   422   1     0     1     1  4.22       4.22       0.01000     0.0343   
   1   423   1     0     1     1  4.23       4.23       0.01000     0.0344   
   1   424   1     0     1     1  4.24       4.24       0.01000     0.0346   
   1   425   1     0     1     1  4.25       4.25       0.01000     0.0347   
   1   426   1     0     1     1  4.26       4.26       0.01000     0.0348   
   1   427   1     0     1     1  4.27       4.27       0.01000     0.0349   
   1   428   1     0     1     1  4.28       4.28       0.01000     0.0350   
   1   429   1     0     1     1  4.29       4.29       0.01000     0.0352   
   1   430   1     0     1     1  4.30       4.30       0.01000     0.0353   
   1   431   1     0     1     1  4.31       4.31       0.01000     0.0354   
   1   432   1     0     1     1  4.32       4.32       0.01000     0.0355   
   1   433   1     0     1     1  4.33       4.33       0.01000     0.0356   
   1   434   1     0     1     1  4.34       4.34       0.01000     0.0357   
   1   435   1     0     1     1  4.35       4.35       0.01000     0.0359   
   1   436   1     0     1     1  4.36       4.36       0.01000     0.0360   
   1   437   1     0     1     1  4.37       4.37       0.01000     0.0361   
   1   438   1     0     1     1  4.38       4.38       0.01000     0.0362   
   1   439   1     0     1     1  4.39       4.39       0.01000     0.0363   
   1   440   1     0     1     1  4.40       4.40       0.01000     0.0365   
   1   441   1     0     1     1  4.41       4.41       0.01000     0.0366   
   1   442   1     0     1     1  4.42       4.42       0.01000     0.0367   
   1   443   1     0     1     1  4.43       4.43       0.01000     0.0368   
   1   444   1     0     1     1  4.44       4.44       0.01000     0.0369   
   1   445   1     0     1     1  4.45       4.45       0.01000     0.0370   
   1   446   1     0     1     1  4.46       4.46       0.01000     0.0372   
   1   447   1     0     1     1  4.47       4.47       0.01000     0.0373   
   1   448   1     0     1     1  4.48       4.48       0.01000     0.0374   
   1   449   1     0     1     1  4.49       4.49       0.01000     0.0375   
   1   450   1     0     1     1  4.50       4.50       0.01000     0.0376   
   1   451   1     0     1     1  4.51       4.51       0.01000     0.0378   
   1   452   1     0     1     1  4.52       4.52       0.01000     0.0379   
   1   453   1     0     1     1  4.53       4.53       0.01000     0.0380   
   1   454   1     0     1     1  4.54       4.54       0.01000     0.0381   
   1   455   1     0     1     1  4.55       4.55       0.01000     0.0382   
   1   456   1     0     1     1  4.56       4.56       0.01000     0.0383   
   1   457   1     0     1     1  4.57       4.57       0.01000     0.0385   
   1   458   1     0     1     1  4.58       4.58       0.01000     0.0386   
   1   459   1     0     1     1  4.59       4.59       0.01000     0.0387   
   1   460   1     0     1     1  4.60       4.60       0.01000     0.0388   
   1   461   1     0     1     1  4.61       4.61       0.01000     0.0389   
   1   462   1     0     1     1  4.62       4.62       0.01000     0.0391   
   1   463   1     0     1     1  4.63       4.63       0.01000     0.0392   
   1   464   1     0     1     1  4.64       4.64       0.01000     0.0393   
   1   465   1     0     1     1  4.65       4.65       0.01000     0.0394   
   1   466   1     0     1     1  4.66       4.66       0.01000     0.0395   
   1   467   1     0     1     1  4.67       4.67       0.01000     0.0396   
   1   468   1     0     1     1  4.68       4.68       0.01000     0.0398   
   1   469   1     0     1     1  4.69       4.69       0.01000     0.0399   
   1   470   1     0     1     1  4.70       4.70       0.01000     0.0400   
   1   471   1     0     1     1  4.71       4.71       0.01000     0.0401   
   1   472   1     0     1     1  4.72       4.72       0.01000     0.0402   
   1   473   1     0     1     1  4.73       4.73       0.01000     0.0404   
   1   474   1     0     1     1  4.74       4.74       0.01000     0.0405   
   1   475   1     0     1     1  4.75       4.75       0.01000     0.0406   
   1   476   1     0     1     1  4.76       4.76       0.01000     0.0407   
   1   477   1     0     1     1  4.77       4.77       0.01000     0.0408   
   1   478   1     0     1     1  4.78       4.78       0.01000     0.0409   
   1   479   1     0     1     1  4.79       4.79       0.01000     0.0411   
   1   480   1     0     1     1  4.80       4.80       0.01000     0.0412   
   1   481   1     0     1     1  4.81       4.81       0.01000     0.0413   
   1   482   1     0     1     1  4.82       4.82       0.01000     0.0414   
   1   483   1     0     1     1  4.83       4.83       0.01000     0.0415   
   1   484   1     0     1     1  4.84       4.84       0.01000     0.0417   
   1   485   1     0     1     1  4.85       4.85       0.01000     0.0418   
   1   486   1     0     1     1  4.86       4.86       0.01000     0.0419   
   1   487   1     0     1     1  4.87       4.87       0.01000     0.0420   
   1   488   1     0     1     1  4.88       4.88       0.01000     0.0421   
   1   489   1     0     1     1  4.89       4.89       0.01000     0.0422   
   1   490   1     0     1     1  4.90       4.90       0.01000     0.0424   
   1   491   1     0     1     1  4.91       4.91       0.01000     0.0425   
   1   492   1     0     1     1  4.92       4.92       0.01000     0.0426   
   1   493   1     0     1     1  4.93       4.93       0.01000     0.0427   
   1   494   1     0     1     1  4.94       4.94       0.01000     0.0428   
   1   495   1     0     1     1  4.95       4.95       0.01000     0.0430   
   1   496   1     0     1     1  4.96       4.96       0.01000     0.0431   
   1   497   1     0     1     1  4.97       4.97       0.01000     0.0432   
   1   498   1     0     1     1  4.98       4.98       0.01000     0.0433   
   1   499   1     0     1     1  4.99       4.99       0.01000     0.0434   
   1   500   1     0     1     1  5.00       5.00       0.01000     0.0436   
   1   501   1     0     2     2  5.01       5.01       0.01000     0.0435   
   1   502   1     0     1     1  5.02       5.02       0.01000     0.0435   
   1   503   1     0     1     1  5.03       5.03       0.01000     0.0435   
   1   504   1     0     1     1  5.04       5.04       0.01000     0.0435   
   1   505   1     0     1     1  5.05       5.05       0.01000     0.0435   
   1   506   1     0     1     1  5.06       5.06       0.01000     0.0435   
   1   507   1     0     1     1  5.07       5.07       0.01000     0.0435   
   1   508   1     0     1     1  5.08       5.08       0.01000     0.0435   
   1   509   1     0     1     1  5.09       5.09       0.01000     0.0435   
   1   510   1     0     1     1  5.10       5.10       0.01000     0.0435   
   1   511   1     0     1     1  5.11       5.11       0.01000     0.0435   
   1   512   1     0     1     1  5.12       5.12       0.01000     0.0435   
   1   513   1     0     1     1  5.13       5.13       0.01000     0.0435   
   1   514   1     0     1     1  5.14       5.14       0.01000     0.0435   
   1   515   1     0     1     1  5.15       5.15       0.01000     0.0435   
   1   516   1     0     1     1  5.16       5.16       0.01000     0.0435   
   1   517   1     0     1     1  5.17       5.17       0.01000     0.0435   
   1   518   1     0     1     1  5.18       5.18       0.01000     0.0435   
   1   519   1     0     1     1  5.19       5.19       0.01000     0.0435   
   1   520   1     0     1     1  5.20       5.20       0.01000     0.0435   
   1   521   1     0     1     1  5.21       5.21       0.01000     0.0435   
   1   522   1     0     1     1  5.22       5.22       0.01000     0.0435   
   1   523   1     0     1     1  5.23       5.23       0.01000     0.0435   
   1   524   1     0     1     1  5.24       5.24       0.01000     0.0435   
   1   525   1     0     1     1  5.25       5.25       0.01000     0.0435   
   1   526   1     0     1     1  5.26       5.26       0.01000     0.0435   
   1   527   1     0     1     1  5.27       5.27       0.01000     0.0435   
   1   528   1     0     1     1  5.28       5.28       0.01000     0.0435   
   1   529   1     0     1     1  5.29       5.29       0.01000     0.0435   
   1   530   1     0     1     1  5.30       5.30       0.01000     0.0435   
   1   531   1     0     1     1  5.31       5.31       0.01000     0.0435   
   1   532   1     0     1     1  5.32       5.32       0.01000     0.0435   
   1   533   1     0     1     1  5.33       5.33       0.01000     0.0435   
   1   534   1     0     1     1  5.34       5.34       0.01000     0.0435   
   1   535   1     0     1     1  5.35       5.35       0.01000     0.0435   
   1   536   1     0     1     1  5.36       5.36       0.01000     0.0435   
   1   537   1     0     1     1  5.37       5.37       0.01000     0.0435   
   1   538   1     0     1     1  5.38       5.38       0.01000     0.0435   
   1   539   1     0     1     1  5.39       5.39       0.01000     0.0434   
   1   540   1     0     1     1  5.40       5.40       0.01000     0.0434   
   1   541   1     0     1     1  5.41       5.41       0.01000     0.0434   
   1   542   1     0     1     1  5.42       5.42       0.01000     0.0434   
   1   543   1     0     1     1  5.43       5.43       0.01000     0.0434   
   1   544   1     0     1     1  5.44       5.44       0.01000     0.0434   
   1   545   1     0     1     1  5.45       5.45       0.01000     0.0434   
   1   546   1     0     1     1  5.46       5.46       0.01000     0.0434   
   1   547   1     0     1     1  5.47       5.47       0.01000     0.0434   
   1   548   1     0     1     1  5.48       5.48       0.01000     0.0434   
   1   549   1     0     1     1  5.49       5.49       0.01000     0.0434   
   1   550   1     0     1     1  5.50       5.50       0.01000     0.0434   
   1   551   1     0     1     1  5.51       5.51       0.01000     0.0434   
   1   552   1     0     1     1  5.52       5.52       0.01000     0.0434   
   1   553   1     0     1     1  5.53       5.53       0.01000     0.0434   
   1   554   1     0     1     1  5.54       5.54       0.01000     0.0434   
   1   555   1     0     1     1  5.55       5.55       0.01000     0.0434   
   1   556   1     0     1     1  5.56       5.56       0.01000     0.0434   
   1   557   1     0     1     1  5.57       5.57       0.01000     0.0434   
   1   558   1     0     1     1  5.58       5.58       0.01000     0.0434   
   1   559   1     0     1     1  5.59       5.59       0.01000     0.0434   
   1   560   1     0     1     1  5.60       5.60       0.01000     0.0434   
   1   561   1     0     1     1  5.61       5.61       0.01000     0.0434   
   1   562   1     0     1     1  5.62       5.62       0.01000     0.0434   
   1   563   1     0     1     1  5.63       5.63       0.01000     0.0434   
   1   564   1     0     1     1  5.64       5.64       0.01000     0.0434   
   1   565   1     0     1     1  5.65       5.65       0.01000     0.0434   
   1   566   1     0     1     1  5.66       5.66       0.01000     0.0434   
   1   567   1     0     1     1  5.67       5.67       0.01000     0.0434   
   1   568   1     0     1     1  5.68       5.68       0.01000     0.0434   
   1   569   1     0     1     1  5.69       5.69       0.01000     0.0434   
   1   570   1     0     1     1  5.70       5.70       0.01000     0.0434   
   1   571   1     0     1     1  5.71       5.71       0.01000     0.0434   
   1   572   1     0     1     1  5.72       5.72       0.01000     0.0434   
   1   573   1     0     1     1  5.73       5.73       0.01000     0.0434   
   1   574   1     0     1     1  5.74       5.74       0.01000     0.0434   
   1   575   1     0     1     1  5.75       5.75       0.01000     0.0434   
   1   576   1     0     1     1  5.76       5.76       0.01000     0.0434   
   1   577   1     0     1     1  5.77       5.77       0.01000     0.0433   
   1   578   1     0     1     1  5.78       5.78       0.01000     0.0433   
   1   579   1     0     1     1  5.79       5.79       0.01000     0.0433   
   1   580   1     0     1     1  5.80       5.80       0.01000     0.0433   
   1   581   1     0     1     1  5.81       5.81       0.01000     0.0433   
   1   582   1     0     1     1  5.82       5.82       0.01000     0.0433   
   1   583   1     0     1     1  5.83       5.83       0.01000     0.0433   
   1   584   1     0     1     1  5.84       5.84       0.01000     0.0433   
   1   585   1     0     1     1  5.85       5.85       0.01000     0.0433   
   1   586   1     0     1     1  5.86       5.86       0.01000     0.0433   
   1   587   1     0     1     1  5.87       5.87       0.01000     0.0433   
   1   588   1     0     1     1  5.88       5.88       0.01000     0.0433   
   1   589   1     0     1     1  5.89       5.89       0.01000     0.0433   
   1   590   1     0     1     1  5.90       5.90       0.01000     0.0433   
   1   591   1     0     1     1  5.91       5.91       0.01000     0.0433   
   1   592   1     0     1     1  5.92       5.92       0.01000     0.0433   
   1   593   1     0     1     1  5.93       5.93       0.01000     0.0433   
   1   594   1     0     1     1  5.94       5.94       0.01000     0.0433   
   1   595   1     0     1     1  5.95       5.95       0.01000     0.0433   
   1   596   1     0     1     1  5.96       5.96       0.01000     0.0433   
   1   597   1     0     1     1  5.97       5.97       0.01000     0.0433   
   1   598   1     0     1     1  5.98       5.98       0.01000     0.0433   
   1   599   1     0     1     1  5.99       5.99       0.01000     0.0433   
   1   600   1     0     1     1  6.00       6.00       0.01000     0.0433   
   1   601   1     0     1     1  6.01       6.01       0.01000     0.0432   
   1   602   1     0     1     1  6.02       6.02       0.01000     0.0431   
   1   603   1     0     1     1  6.03       6.03       0.01000     0.0430   
   1   604   1     0     1     1  6.04       6.04       0.01000     0.0429   
   1   605   1     0     1     1  6.05       6.05       0.01000     0.0428   
   1   606   1     0     1     1  6.06       6.06       0.01000     0.0427   
   1   607   1     0     1     1  6.07       6.07       0.01000     0.0426   
   1   608   1     0     1     1  6.08       6.08       0.01000     0.0425   
   1   609   1     0     1     1  6.09       6.09       0.01000     0.0424   
   1   610   1     0     1     1  6.10       6.10       0.01000     0.0423   
   1   611   1     0     1     1  6.11       6.11       0.01000     0.0422   
   1   612   1     0     1     1  6.12       6.12       0.01000     0.0421   
   1   613   1     0     1     1  6.13       6.13       0.01000     0.0420   
   1   614   1     0     1     1  6.14       6.14       0.01000     0.0419   
   1   615   1     0     1     1  6.15       6.15       0.01000     0.0418   
   1   616   1     0     1     1  6.16       6.16       0.01000     0.0417   
   1   617   1     0     1     1  6.17       6.17       0.01000     0.0416   
   1   618   1     0     1     1  6.18       6.18       0.01000     0.0415   
   1   619   1     0     1     1  6.19       6.19       0.01000     0.0414   
   1   620   1     0     1     1  6.20       6.20       0.01000     0.0413   
   1   621   1     0     1     1  6.21       6.21       0.01000     0.0412   
   1   622   1     0     1     1  6.22       6.22       0.01000     0.0411   
   1   623   1     0     1     1  6.23       6.23       0.01000     0.0410   
   1   624   1     0     1     1  6.24       6.24       0.01000     0.0409   
   1   625   1     0     1     1  6.25       6.25       0.01000     0.0407   
   1   626   1     0     1     1  6.26       6.26       0.01000     0.0406   
   1   627   1     0     1     1  6.27       6.27       0.01000     0.0405   
   1   628   1     0     1     1  6.28       6.28       0.01000     0.0404   
   1   629   1     0     1     1  6.29       6.29       0.01000     0.0403   
   1   630   1     0     1     1  6.30       6.30       0.01000     0.0402   
   1   631   1     0     1     1  6.31       6.31       0.01000     0.0401   
   1   632   1     0     1     1  6.32       6.32       0.01000     0.0400   
   1   633   1     0     1     1  6.33       6.33       0.01000     0.0399   
   1   634   1     0     1     1  6.34       6.34       0.01000     0.0398   
   1   635   1     0     1     1  6.35       6.35       0.01000     0.0397   
   1   636   1     0     1     1  6.36       6.36       0.01000     0.0396   
   1   637   1     0     1     1  6.37       6.37       0.01000     0.0395   
   1   638   1     0     1     1  6.38       6.38       0.01000     0.0394   
   1   639   1     0     1     1  6.39       6.39       0.01000     0.0393   
   1   640   1     0     1     1  6.40       6.40       0.01000     0.0392   
   1   641   1     0     1     1  6.41       6.41       0.01000     0.0391   
   1   642   1     0     1     1  6.42       6.42       0.01000     0.0390   
   1   643   1     0     1     1  6.43       6.43       0.01000     0.0389   
   1   644   1     0     1     1  6.44       6.44       0.01000     0.0388   
   1   645   1     0     1     1  6.45       6.45       0.01000     0.0387   
   1   646   1     0     1     1  6.46       6.46       0.01000     0.0386   
   1   647   1     0     1     1  6.47       6.47       0.01000     0.0385   
   1   648   1     0     1     1  6.48       6.48       0.01000     0.0384   
   1   649   1     0     1     1  6.49       6.49       0.01000     0.0383   
   1   650   1     0     1     1  6.50       6.50       0.01000     0.0382   
   1   651   1     0     1     1  6.51       6.51       0.01000     0.0381   
   1   652   1     0     1     1  6.52       6.52       0.01000     0.0380   
   1   653   1     0     1     1  6.53       6.53       0.01000     0.0379   
   1   654   1     0     1     1  6.54       6.54       0.01000     0.0378   
   1   655   1     0     1     1  6.55       6.55       0.01000     0.0377   
   1   656   1     0     1     1  6.56       6.56       0.01000     0.0376   
   1   657   1     0     1     1  6.57       6.57       0.01000     0.0375   
   1   658   1     0     1     1  6.58       6.58       0.01000     0.0374   
   1   659   1     0     1     1  6.59       6.59       0.01000     0.0373   
   1   660   1     0     1     1  6.60       6.60       0.01000     0.0372   
   1   661   1     0     1     1  6.61       6.61       0.01000     0.0371   
   1   662   1     0     1     1  6.62       6.62       0.01000     0.0370   
   1   663   1     0     1     1  6.63       6.63       0.01000     0.0369   
   1   664   1     0     1     1  6.64       6.64       0.01000     0.0368   
   1   665   1     0     1     1  6.65       6.65       0.01000     0.0367   
   1   666   1     0     1     1  6.66       6.66       0.01000     0.0366   
   1   667   1     0     1     1  6.67       6.67       0.01000     0.0365   
   1   668   1     0     1     1  6.68       6.68       0.01000     0.0364   
   1   669   1     0     1     1  6.69       6.69       0.01000     0.0363   
   1   670   1     0     1     1  6.70       6.70       0.01000     0.0362   
   1   671   1     0     1     1  6.71       6.71       0.01000     0.0361   
   1   672   1     0     1     1  6.72       6.72       0.01000     0.0360   
   1   673   1     0     1     1  6.73       6.73       0.01000     0.0359   
   1   674   1     0     1     1  6.74       6.74       0.01000     0.0358   
   1   675   1     0     1     1  6.75       6.75       0.01000     0.0357   
   1   676   1     0     1     1  6.76       6.76       0.01000     0.0356   
   1   677   1     0     1     1  6.77       6.77       0.01000     0.0355   
   1   678   1     0     1     1  6.78       6.78       0.01000     0.0354   
   1   679   1     0     1     1  6.79       6.79       0.01000     0.0353   
   1   680   1     0     1     1  6.80       6.80       0.01000     0.0352   
   1   681   1     0     1     1  6.81       6.81       0.01000     0.0351   
   1   682   1     0     1     1  6.82       6.82       0.01000     0.0350   
   1   683   1     0     1     1  6.83       6.83       0.01000     0.0349   
   1   684   1     0     1     1  6.84       6.84       0.01000     0.0348   
   1   685   1     0     1     1  6.85       6.85       0.01000     0.0346   
   1   686   1     0     1     1  6.86       6.86       0.01000     0.0345   
   1   687   1     0     1     1  6.87       6.87       0.01000     0.0344   
   1   688   1     0     1     1  6.88       6.88       0.01000     0.0343   
   1   689   1     0     1     1  6.89       6.89       0.01000     0.0342   
   1   690   1     0     1     1  6.90       6.90       0.01000     0.0341   
   1   691   1     0     1     1  6.91       6.91       0.01000     0.0340   
   1   692   1     0     1     1  6.92       6.92       0.01000     0.0339   
   1   693   1     0     1     1  6.93       6.93       0.01000     0.0338   
   1   694   1     0     1     1  6.94       6.94       0.01000     0.0337   
   1   695   1     0     1     1  6.95       6.95       0.01000     0.0336   
   1   696   1     0     1     1  6.96       6.96       0.01000     0.0335   
   1   697   1     0     1     1  6.97       6.97       0.01000     0.0334   
   1   698   1     0     1     1  6.98       6.98       0.01000     0.0333   
   1   699   1     0     1     1  6.99       6.99       0.01000     0.0332   
   1   700   1     0     2     2  7.00       7.00       0.01000     0.0329   
   1   701   1     0     1     1  7.01       7.01       0.01000     0.0323   
   1   702   1     0     1     1  7.02       7.02       0.01000     0.0317   
   1   703   1     0     1     1  7.03       7.03       0.01000     0.0311   
   1   704   1     0     1     1  7.04       7.04       0.01000     0.0305   
   1   705   1     0     1     1  7.05       7.05       0.01000     0.0299   
   1   706   1     0     1     1  7.06       7.06       0.01000     0.0293   
   1   707   1     0     1     1  7.07       7.07       0.01000     0.0287   
   1   708   1     0     1     1  7.08       7.08       0.01000     0.0281   
   1   709   1     0     1     1  7.09       7.09       0.01000     0.0276   
   1   710   1     0     1     1  7.10       7.10       0.01000     0.0270   
   1   711   1     0     1     1  7.11       7.11       0.01000     0.0264   
   1   712   1     0     1     1  7.12       7.12       0.01000     0.0258   
   1   713   1     0     1     1  7.13       7.13       0.01000     0.0252   
   1   714   1     0     1     1  7.14       7.14       0.01000     0.0246   
   1   715   1     0     1     1  7.15       7.15       0.01000     0.0240   
   1   716   1     0     1     1  7.16       7.16       0.01000     0.0234   
   1   717   1     0     1     1  7.17       7.17       0.01000     0.0229   
   1   718   1     0     1     1  7.18       7.18       0.01000     0.0223   
   1   719   1     0     1     1  7.19       7.19       0.01000     0.0217   
   1   720   1     0     1     1  7.20       7.20       0.01000     0.0211   
   1   721   1     0     1     1  7.21       7.21       0.01000     0.0205   
   1   722   1     0     1     1  7.22       7.22       0.01000     0.0199   
   1   723   1     0     1     1  7.23       7.23       0.01000     0.0193   
   1   724   1     0     1     1  7.24       7.24       0.01000     0.0187   
   1   725   1     0     1     1  7.25       7.25       0.01000     0.0182   
   1   726   1     0     1     1  7.26       7.26       0.01000     0.0176   
   1   727   1     0     1     1  7.27       7.27       0.01000     0.0170   
   1   728   1     0     1     1  7.28       7.28       0.01000     0.0164   
   1   729   1     0     1     1  7.29       7.29       0.01000     0.0158   
   1   730   1     0     1     1  7.30       7.30       0.01000     0.0152   
   1   731   1     0     1     1  7.31       7.31       0.01000     0.0146   
   1   732   1     0     1     1  7.32       7.32       0.01000     0.0140   
   1   733   1     0     1     1  7.33       7.33       0.01000     0.0134   
   1   734   1     0     1     1  7.34       7.34       0.01000     0.0129   
   1   735   1     0     1     1  7.35       7.35       0.01000     0.0123   
   1   736   1     0     1     1  7.36       7.36       0.01000     0.0117   
   1   737   1     0     1     1  7.37       7.37       0.01000     0.0111   
   1   738   1     0     1     1  7.38       7.38       0.01000     0.0105   
   1   739   1     0     1     1  7.39       7.39       0.01000     0.00992  
   1   740   1     0     1     1  7.40       7.40       0.01000     0.00933  
   1   741   1     0     1     1  7.41       7.41       0.01000     0.00874  
   1   742   1     0     1     1  7.42       7.42       0.01000     0.00815  
   1   743   1     0     1     1  7.43       7.43       0.01000     0.00756  
   1   744   1     0     1     1  7.44       7.44       0.01000     0.00697  
   1   745   1     0     1     1  7.45       7.45       0.01000     0.00639  
   1   746   1     0     1     1  7.46       7.46       0.01000     0.00580  
   1   747   1     0     1     1  7.47       7.47       0.01000     0.00521  
   1   748   1     0     1     1  7.48       7.48       0.01000     0.00462  
   1   749   1     0     1     1  7.49       7.49       0.01000     0.00403  
   1   750   1     0     1     1  7.50       7.50       0.01000     0.00345  
   1   751   1     0     1     1  7.51       7.51       0.01000     0.00286  
   1   752   1     0     1     1  7.52       7.52       0.01000     0.00227  
   1   753   1     0     1     1  7.53       7.53       0.01000     0.00168  
   1   754   1     0     1     1  7.54       7.54       0.01000     0.00109  
   1   755   1     0     1     1  7.55       7.55       0.01000     0.000505 
   1   756   1     0     1     1  7.56       7.56       0.01000    -8.36e-05 
   1   757   1     0     1     1  7.57       7.57       0.01000    -0.000672 
   1   758   1     0     1     1  7.58       7.58       0.01000    -0.00126  
   1   759   1     0     1     1  7.59       7.59       0.01000    -0.00185  
   1   760   1     0     1     1  7.60       7.60       0.01000    -0.00244  
   1   761   1     0     1     1  7.61       7.61       0.01000    -0.00302  
   1   762   1     0     1     1  7.62       7.62       0.01000    -0.00361  
   1   763   1     0     1     1  7.63       7.63       0.01000    -0.00420  
   1   764   1     0     1     1  7.64       7.64       0.01000    -0.00479  
   1   765   1     0     1     1  7.65       7.65       0.01000    -0.00538  
   1   766   1     0     1     1  7.66       7.66       0.01000    -0.00597  
   1   767   1     0     1     1  7.67       7.67       0.01000    -0.00655  
   1   768   1     0     1     1  7.68       7.68       0.01000    -0.00714  
   1   769   1     0     1     1  7.69       7.69       0.01000    -0.00773  
   1   770   1     0     1     1  7.70       7.70       0.01000    -0.00832  
   1   771   1     0     1     1  7.71       7.71       0.01000    -0.00891  
   1   772   1     0     1     1  7.72       7.72       0.01000    -0.00949  
   1   773   1     0     1     1  7.73       7.73       0.01000    -0.0101   
   1   774   1     0     1     1  7.74       7.74       0.01000    -0.0107   
   1   775   1     0     1     1  7.75       7.75       0.01000    -0.0113   
   1   776   1     0     1     1  7.76       7.76       0.01000    -0.0118   
   1   777   1     0     1     1  7.77       7.77       0.01000    -0.0124   
   1   778   1     0     1     1  7.78       7.78       0.01000    -0.0130   
   1   779   1     0     1     1  7.79       7.79       0.01000    -0.0136   
   1   780   1     0     1     1  7.80       7.80       0.01000    -0.0142   
   1   781   1     0     1     1  7.81       7.81       0.01000    -0.0148   
   1   782   1     0     1     1  7.82       7.82       0.01000    -0.0154   
   1   783   1     0     1     1  7.83       7.83       0.01000    -0.0160   
   1   784   1     0     1     1  7.84       7.84       0.01000    -0.0166   
   1   785   1     0     1     1  7.85       7.85       0.01000    -0.0171   
   1   786   1     0     1     1  7.86       7.86       0.01000    -0.0177   
   1   787   1     0     1     1  7.87       7.87       0.01000    -0.0183   
   1   788   1     0     1     1  7.88       7.88       0.01000    -0.0189   
   1   789   1     0     1     1  7.89       7.89       0.01000    -0.0195   
   1   790   1     0     1     1  7.90       7.90       0.01000    -0.0201   
   1   791   1     0     1     1  7.91       7.91       0.01000    -0.0207   
   1   792   1     0     1     1  7.92       7.92       0.01000    -0.0213   
   1   793   1     0     1     1  7.93       7.93       0.01000    -0.0218   
   1   794   1     0     1     1  7.94       7.94       0.01000    -0.0224   
   1   795   1     0     1     1  7.95       7.95       0.01000    -0.0230   
   1   796   1     0     1     1  7.96       7.96       0.01000    -0.0236   
   1   797   1     0     1     1  7.97       7.97       0.01000    -0.0242   
   1   798   1     0     1     1  7.98       7.98       0.01000    -0.0248   
   1   799   1     0     1     1  7.99       7.99       0.01000    -0.0254   
   1   800   1     0     1     1  8.00       8.00       0.01000    -0.0260   
   1   801   1     0     2     2  8.01       8.01       0.01000    -0.0260   
   1   802   1     0     1     1  8.02       8.02       0.01000    -0.0260   
   1   803   1     0     1     1  8.03       8.03       0.01000    -0.0260   
   1   804   1     0     1     1  8.04       8.04       0.01000    -0.0260   
   1   805   1     0     1     1  8.05       8.05       0.01000    -0.0260   
   1   806   1     0     1     1  8.06       8.06       0.01000    -0.0259   
   1   807   1     0     1     1  8.07       8.07       0.01000    -0.0259   
   1   808   1     0     1     1  8.08       8.08       0.01000    -0.0259   
   1   809   1     0     1     1  8.09       8.09       0.01000    -0.0259   
   1   810   1     0     1     1  8.10       8.10       0.01000    -0.0259   
   1   811   1     0     1     1  8.11       8.11       0.01000    -0.0259   
   1   812   1     0     1     1  8.12       8.12       0.01000    -0.0259   
   1   813   1     0     1     1  8.13       8.13       0.01000    -0.0259   
   1   814   1     0     1     1  8.14       8.14       0.01000    -0.0259   
   1   815   1     0     1     1  8.15       8.15       0.01000    -0.0259   
   1   816   1     0     1     1  8.16       8.16       0.01000    -0.0259   
   1   817   1     0     1     1  8.17       8.17       0.01000    -0.0259   
   1   818   1     0     1     1  8.18       8.18       0.01000    -0.0259   
   1   819   1     0     1     1  8.19       8.19       0.01000    -0.0259   
   1   820   1     0     1     1  8.20       8.20       0.01000    -0.0259   
   1   821   1     0     1     1  8.21       8.21       0.01000    -0.0259   
   1   822   1     0     1     1  8.22       8.22       0.01000    -0.0259   
   1   823   1     0     1     1  8.23       8.23       0.01000    -0.0259   
   1   824   1     0     1     1  8.24       8.24       0.01000    -0.0259   
   1   825   1     0     1     1  8.25       8.25       0.01000    -0.0259   
   1   826   1     0     1     1  8.26       8.26       0.01000    -0.0259   
   1   827   1     0     1     1  8.27       8.27       0.01000    -0.0259   
   1   828   1     0     1     1  8.28       8.28       0.01000    -0.0259   
   1   829   1     0     1     1  8.29       8.29       0.01000    -0.0259   
   1   830   1     0     1     1  8.30       8.30       0.01000    -0.0259   
   1   831   1     0     1     1  8.31       8.31       0.01000    -0.0259   
   1   832   1     0     1     1  8.32       8.32       0.01000    -0.0259   
   1   833   1     0     1     1  8.33       8.33       0.01000    -0.0259   
   1   834   1     0     1     1  8.34       8.34       0.01000    -0.0259   
   1   835   1     0     1     1  8.35       8.35       0.01000    -0.0259   
   1   836   1     0     1     1  8.36       8.36       0.01000    -0.0259   
   1   837   1     0     1     1  8.37       8.37       0.01000    -0.0259   
   1   838   1     0     1     1  8.38       8.38       0.01000    -0.0259   
   1   839   1     0     1     1  8.39       8.39       0.01000    -0.0259   
   1   840   1     0     1     1  8.40       8.40       0.01000    -0.0259   
   1   841   1     0     1     1  8.41       8.41       0.01000    -0.0259   
   1   842   1     0     1     1  8.42       8.42       0.01000    -0.0259   
   1   843   1     0     1     1  8.43       8.43       0.01000    -0.0259   
   1   844   1     0     1     1  8.44       8.44       0.01000    -0.0258   
   1   845   1     0     1     1  8.45       8.45       0.01000    -0.0258   
   1   846   1     0     1     1  8.46       8.46       0.01000    -0.0258   
   1   847   1     0     1     1  8.47       8.47       0.01000    -0.0258   
   1   848   1     0     1     1  8.48       8.48       0.01000    -0.0258   
   1   849   1     0     1     1  8.49       8.49       0.01000    -0.0258   
   1   850   1     0     1     1  8.50       8.50       0.01000    -0.0258   
   1   851   1     0     1     1  8.51       8.51       0.01000    -0.0258   
   1   852   1     0     1     1  8.52       8.52       0.01000    -0.0258   
   1   853   1     0     1     1  8.53       8.53       0.01000    -0.0258   
   1   854   1     0     1     1  8.54       8.54       0.01000    -0.0258   
   1   855   1     0     1     1  8.55       8.55       0.01000    -0.0258   
   1   856   1     0     1     1  8.56       8.56       0.01000    -0.0258   
   1   857   1     0     1     1  8.57       8.57       0.01000    -0.0258   
   1   858   1     0     1     1  8.58       8.58       0.01000    -0.0258   
   1   859   1     0     1     1  8.59       8.59       0.01000    -0.0258   
   1   860   1     0     1     1  8.60       8.60       0.01000    -0.0258   
   1   861   1     0     1     1  8.61       8.61       0.01000    -0.0258   
   1   862   1     0     1     1  8.62       8.62       0.01000    -0.0258   
   1   863   1     0     1     1  8.63       8.63       0.01000    -0.0258   
   1   864   1     0     1     1  8.64       8.64       0.01000    -0.0258   
   1   865   1     0     1     1  8.65       8.65       0.01000    -0.0258   
   1   866   1     0     1     1  8.66       8.66       0.01000    -0.0258   
   1   867   1     0     1     1  8.67       8.67       0.01000    -0.0258   
   1   868   1     0     1     1  8.68       8.68       0.01000    -0.0258   
   1   869   1     0     1     1  8.69       8.69       0.01000    -0.0258   
   1   870   1     0     1     1  8.70       8.70       0.01000    -0.0258   
   1   871   1     0     1     1  8.71       8.71       0.01000    -0.0258   
   1   872   1     0     1     1  8.72       8.72       0.01000    -0.0258   
   1   873   1     0     1     1  8.73       8.73       0.01000    -0.0258   
   1   874   1     0     1     1  8.74       8.74       0.01000    -0.0258   
   1   875   1     0     1     1  8.75       8.75       0.01000    -0.0258   
   1   876   1     0     1     1  8.76       8.76       0.01000    -0.0258   
   1   877   1     0     1     1  8.77       8.77       0.01000    -0.0258   
   1   878   1     0     1     1  8.78       8.78       0.01000    -0.0258   
   1   879   1     0     1     1  8.79       8.79       0.01000    -0.0258   
   1   880   1     0     1     1  8.80       8.80       0.01000    -0.0258   
   1   881   1     0     1     1  8.81       8.81       0.01000    -0.0258   
   1   882   1     0     1     1  8.82       8.82       0.01000    -0.0258   
   1   883   1     0     1     1  8.83       8.83       0.01000    -0.0257   
   1   884   1     0     1     1  8.84       8.84       0.01000    -0.0257   
   1   885   1     0     1     1  8.85       8.85       0.01000    -0.0257   
   1   886   1     0     1     1  8.86       8.86       0.01000    -0.0257   
   1   887   1     0     1     1  8.87       8.87       0.01000    -0.0257   
   1   888   1     0     1     1  8.88       8.88       0.01000    -0.0257   
   1   889   1     0     1     1  8.89       8.89       0.01000    -0.0257   
   1   890   1     0     1     1  8.90       8.90       0.01000    -0.0257   
   1   891   1     0     1     1  8.91       8.91       0.01000    -0.0257   
   1   892   1     0     1     1  8.92       8.92       0.01000    -0.0257   
   1   893   1     0     1     1  8.93       8.93       0.01000    -0.0257   
   1   894   1     0     1     1  8.94       8.94       0.01000    -0.0257   
   1   895   1     0     1     1  8.95       8.95       0.01000    -0.0257   
   1   896   1     0     1     1  8.96       8.96       0.01000    -0.0257   
   1   897   1     0     1     1  8.97       8.97       0.01000    -0.0257   
   1   898   1     0     1     1  8.98       8.98       0.01000    -0.0257   
   1   899   1     0     1     1  8.99       8.99       0.01000    -0.0257   
   1   900   1     0     1     1  9.00       9.00       0.01000    -0.0257   
   1   901   1     0     1     1  9.01       9.01       0.01000    -0.0255   
   1   902   1     0     1     1  9.02       9.02       0.01000    -0.0253   
   1   903   1     0     1     1  9.03       9.03       0.01000    -0.0251   
   1   904   1     0     1     1  9.04       9.04       0.01000    -0.0249   
   1   905   1     0     1     1  9.05       9.05       0.01000    -0.0247   
   1   906   1     0     1     1  9.06       9.06       0.01000    -0.0245   
   1   907   1     0     1     1  9.07       9.07       0.01000    -0.0243   
   1   908   1     0     1     1  9.08       9.08       0.01000    -0.0241   
   1   909   1     0     1     1  9.09       9.09       0.01000    -0.0239   
   1   910   1     0     1     1  9.10       9.10       0.01000    -0.0236   
   1   911   1     0     1     1  9.11       9.11       0.01000    -0.0234   
   1   912   1     0     1     1  9.12       9.12       0.01000    -0.0232   
   1   913   1     0     1     1  9.13       9.13       0.01000    -0.0230   
   1   914   1     0     1     1  9.14       9.14       0.01000    -0.0228   
   1   915   1     0     1     1  9.15       9.15       0.01000    -0.0226   
   1   916   1     0     1     1  9.16       9.16       0.01000    -0.0224   
   1   917   1     0     1     1  9.17       9.17       0.01000    -0.0222   
   1   918   1     0     1     1  9.18       9.18       0.01000    -0.0220   
   1   919   1     0     1     1  9.19       9.19       0.01000    -0.0218   
   1   920   1     0     1     1  9.20       9.20       0.01000    -0.0216   
   1   921   1     0     1     1  9.21       9.21       0.01000    -0.0214   
   1   922   1     0     1     1  9.22       9.22       0.01000    -0.0212   
   1   923   1     0     1     1  9.23       9.23       0.01000    -0.0210   
   1   924   1     0     1     1  9.24       9.24       0.01000    -0.0208   
   1   925   1     0     1     1  9.25       9.25       0.01000    -0.0206   
   1   926   1     0     1     1  9.26       9.26       0.01000    -0.0204   
   1   927   1     0     1     1  9.27       9.27       0.01000    -0.0202   
   1   928   1     0     1     1  9.28       9.28       0.01000    -0.0199   
   1   929   1     0     1     1  9.29       9.29       0.01000    -0.0197   
   1   930   1     0     1     1  9.30       9.30       0.01000    -0.0195   
   1   931   1     0     1     1  9.31       9.31       0.01000    -0.0193   
   1   932   1     0     1     1  9.32       9.32       0.01000    -0.0191   
   1   933   1     0     1     1  9.33       9.33       0.01000    -0.0189   
   1   934   1     0     1     1  9.34       9.34       0.01000    -0.0187   
   1   935   1     0     1     1  9.35       9.35       0.01000    -0.0185   
   1   936   1     0     1     1  9.36       9.36       0.01000    -0.0183   
   1   937   1     0     1     1  9.37       9.37       0.01000    -0.0181   
   1   938   1     0     1     1  9.38       9.38       0.01000    -0.0179   
   1   939   1     0     1     1  9.39       9.39       0.01000    -0.0177   
   1   940   1     0     1     1  9.40       9.40       0.01000    -0.0175   
   1   941   1     0     1     1  9.41       9.41       0.01000    -0.0173   
   1   942   1     0     1     1  9.42       9.42       0.01000    -0.0171   
   1   943   1     0     1     1  9.43       9.43       0.01000    -0.0169   
   1   944   1     0     1     1  9.44       9.44       0.01000    -0.0167   
   1   945   1     0     1     1  9.45       9.45       0.01000    -0.0164   
   1   946   1     0     1     1  9.46       9.46       0.01000    -0.0162   
   1   947   1     0     1     1  9.47       9.47       0.01000    -0.0160   
   1   948   1     0     1     1  9.48       9.48       0.01000    -0.0158   
   1   949   1     0     1     1  9.49       9.49       0.01000    -0.0156   
   1   950   1     0     1     1  9.50       9.50       0.01000    -0.0154   
   1   951   1     0     1     1  9.51       9.51       0.01000    -0.0152   
   1   952   1     0     1     1  9.52       9.52       0.01000    -0.0150   
   1   953   1     0     1     1  9.53       9.53       0.01000    -0.0148   
   1   954   1     0     1     1  9.54       9.54       0.01000    -0.0146   
   1   955   1     0     1     1  9.55       9.55       0.01000    -0.0144   
   1   956   1     0     1     1  9.56       9.56       0.01000    -0.0142   
   1   957   1     0     1     1  9.57       9.57       0.01000    -0.0140   
   1   958   1     0     1     1  9.58       9.58       0.01000    -0.0138   
   1   959   1     0     1     1  9.59       9.59       0.01000    -0.0136   
   1   960   1     0     1     1  9.60       9.60       0.01000    -0.0134   
   1   961   1     0     1     1  9.61       9.61       0.01000    -0.0132   
   1   962   1     0     1     1  9.62       9.62       0.01000    -0.0130   
   1   963   1     0     1     1  9.63       9.63       0.01000    -0.0127   
   1   964   1     0     1     1  9.64       9.64       0.01000    -0.0125   
   1   965   1     0     1     1  9.65       9.65       0.01000    -0.0123   
   1   966   1     0     1     1  9.66       9.66       0.01000    -0.0121   
   1   967   1     0     1     1  9.67       9.67       0.01000    -0.0119   
   1   968   1     0     1     1  9.68       9.68       0.01000    -0.0117   
   1   969   1     0     1     1  9.69       9.69       0.01000    -0.0115   
   1   970   1     0     1     1  9.70       9.70       0.01000    -0.0113   
   1   971   1     0     1     1  9.71       9.71       0.01000    -0.0111   
   1   972   1     0     1     1  9.72       9.72       0.01000    -0.0109   
   1   973   1     0     1     1  9.73       9.73       0.01000    -0.0107   
   1   974   1     0     1     1  9.74       9.74       0.01000    -0.0105   
   1   975   1     0     1     1  9.75       9.75       0.01000    -0.0103   
   1   976   1     0     1     1  9.76       9.76       0.01000    -0.0101   
   1   977   1     0     1     1  9.77       9.77       0.01000    -0.00987  
   1   978   1     0     1     1  9.78       9.78       0.01000    -0.00966  
   1   979   1     0     1     1  9.79       9.79       0.01000    -0.00946  
   1   980   1     0     1     1  9.80       9.80       0.01000    -0.00925  
   1   981   1     0     1     1  9.81       9.81       0.01000    -0.00905  
   1   982   1     0     1     1  9.82       9.82       0.01000    -0.00884  
   1   983   1     0     1     1  9.83       9.83       0.01000    -0.00863  
   1   984   1     0     1     1  9.84       9.84       0.01000    -0.00843  
   1   985   1     0     1     1  9.85       9.85       0.01000    -0.00822  
   1   986   1     0     1     1  9.86       9.86       0.01000    -0.00802  
   1   987   1     0     1     1  9.87       9.87       0.01000    -0.00781  
   1   988   1     0     1     1  9.88       9.88       0.01000    -0.00761  
   1   989   1     0     1     1  9.89       9.89       0.01000    -0.00740  
   1   990   1     0     1     1  9.90       9.90       0.01000    -0.00719  
   1   991   1     0     1     1  9.91       9.91       0.01000    -0.00699  
   1   992   1     0     1     1  9.92       9.92       0.01000    -0.00678  
   1   993   1     0     1     1  9.93       9.93       0.01000    -0.00658  
   1   994   1     0     1     1  9.94       9.94       0.01000    -0.00637  
   1   995   1     0     1     1  9.95       9.95       0.01000    -0.00617  
   1   996   1     0     1     1  9.96       9.96       0.01000    -0.00596  
   1   997   1     0     1     1  9.97       9.97       0.01000    -0.00575  
   1   998   1     0     1     1  9.98       9.98       0.01000    -0.00555  
   1   999   1     0     1     1  9.99       9.99       0.01000    -0.00534  
   1  1000   1     0     2     2  10.0       10.0       0.01000    -0.00487  
   1  1001   1     0     1     1  10.0       10.0       0.01000    -0.00428  
   1  1002   1     0     1     1  10.0       10.0       0.01000    -0.00369  
   1  1003   1     0     1     1  10.0       10.0       0.01000    -0.00310  
   1  1004   1     0     1     1  10.0       10.0       0.01000    -0.00252  
   1  1005   1     0     1     1  10.0       10.0       0.01000    -0.00193  
   1  1006   1     0     1     1  10.1       10.1       0.01000    -0.00134  
   1  1007   1     0     1     1  10.1       10.1       0.01000    -0.000751 
   1  1008   1     0     1     1  10.1       10.1       0.01000    -0.000163 
   1  1009   1     0     1     1  10.1       10.1       0.01000     0.000426 
   1  1010   1     0     1     1  10.1       10.1       0.01000     0.00101  
   1  1011   1     0     1     1  10.1       10.1       0.01000     0.00160  
   1  1012   1     0     1     1  10.1       10.1       0.01000     0.00219  
   1  1013   1     0     1     1  10.1       10.1       0.01000     0.00278  
   1  1014   1     0     1     1  10.1       10.1       0.01000     0.00337  
   1  1015   1     0     1     1  10.1       10.1       0.01000     0.00395  
   1  1016   1     0     1     1  10.2       10.2       0.01000     0.00454  
   1  1017   1     0     1     1  10.2       10.2       0.01000     0.00513  
   1  1018   1     0     1     1  10.2       10.2       0.01000     0.00572  
   1  1019   1     0     1     1  10.2       10.2       0.01000     0.00631  
   1  1020   1     0     1     1  10.2       10.2       0.01000     0.00690  
   1  1021   1     0     1     1  10.2       10.2       0.01000     0.00748  
   1  1022   1     0     1     1  10.2       10.2       0.01000     0.00807  
   1  1023   1     0     1     1  10.2       10.2       0.01000     0.00866  
   1  1024   1     0     1     1  10.2       10.2       0.01000     0.00925  
   1  1025   1     0     1     1  10.2       10.2       0.01000     0.00984  
   1  1026   1     0     1     1  10.3       10.3       0.01000     0.0104   
   1  1027   1     0     1     1  10.3       10.3       0.01000     0.0110   
   1  1028   1     0     1     1  10.3       10.3       0.01000     0.0116   
   1  1029   1     0     1     1  10.3       10.3       0.01000     0.0122   
   1  1030   1     0     1     1  10.3       10.3       0.01000     0.0128   
   1  1031   1     0     1     1  10.3       10.3       0.01000     0.0134   
   1  1032   1     0     1     1  10.3       10.3       0.01000     0.0140   
   1  1033   1     0     1     1  10.3       10.3       0.01000     0.0145   
   1  1034   1     0     1     1  10.3       10.3       0.01000     0.0151   
   1  1035   1     0     1     1  10.3       10.3       0.01000     0.0157   
   1  1036   1     0     1     1  10.4       10.4       0.01000     0.0163   
   1  1037   1     0     1     1  10.4       10.4       0.01000     0.0169   
   1  1038   1     0     1     1  10.4       10.4       0.01000     0.0175   
   1  1039   1     0     1     1  10.4       10.4       0.01000     0.0181   
   1  1040   1     0     1     1  10.4       10.4       0.01000     0.0187   
   1  1041   1     0     1     1  10.4       10.4       0.01000     0.0192   
   1  1042   1     0     1     1  10.4       10.4       0.01000     0.0198   
   1  1043   1     0     1     1  10.4       10.4       0.01000     0.0204   
   1  1044   1     0     1     1  10.4       10.4       0.01000     0.0210   
   1  1045   1     0     1     1  10.4       10.4       0.01000     0.0216   
   1  1046   1     0     1     1  10.5       10.5       0.01000     0.0222   
   1  1047   1     0     1     1  10.5       10.5       0.01000     0.0228   
   1  1048   1     0     1     1  10.5       10.5       0.01000     0.0234   
   1  1049   1     0     1     1  10.5       10.5       0.01000     0.0240   
   1  1050   1     0     1     1  10.5       10.5       0.01000     0.0245   
   1  1051   1     0     1     1  10.5       10.5       0.01000     0.0251   
   1  1052   1     0     1     1  10.5       10.5       0.01000     0.0257   
   1  1053   1     0     1     1  10.5       10.5       0.01000     0.0263   
   1  1054   1     0     1     1  10.5       10.5       0.01000     0.0269   
   1  1055   1     0     1     1  10.5       10.5       0.01000     0.0275   
   1  1056   1     0     1     1  10.6       10.6       0.01000     0.0281   
   1  1057   1     0     1     1  10.6       10.6       0.01000     0.0287   
   1  1058   1     0     1     1  10.6       10.6       0.01000     0.0292   
   1  1059   1     0     1     1  10.6       10.6       0.01000     0.0298   
   1  1060   1     0     1     1  10.6       10.6       0.01000     0.0304   
   1  1061   1     0     1     1  10.6       10.6       0.01000     0.0310   
   1  1062   1     0     1     1  10.6       10.6       0.01000     0.0316   
   1  1063   1     0     1     1  10.6       10.6       0.01000     0.0322   
   1  1064   1     0     1     1  10.6       10.6       0.01000     0.0328   
   1  1065   1     0     1     1  10.6       10.6       0.01000     0.0334   
   1  1066   1     0     1     1  10.7       10.7       0.01000     0.0340   
   1  1067   1     0     1     1  10.7       10.7       0.01000     0.0345   
   1  1068   1     0     1     1  10.7       10.7       0.01000     0.0351   
   1  1069   1     0     1     1  10.7       10.7       0.01000     0.0357   
   1  1070   1     0     1     1  10.7       10.7       0.01000     0.0363   
   1  1071   1     0     1     1  10.7       10.7       0.01000     0.0369   
   1  1072   1     0     1     1  10.7       10.7       0.01000     0.0375   
   1  1073   1     0     1     1  10.7       10.7       0.01000     0.0381   
   1  1074   1     0     1     1  10.7       10.7       0.01000     0.0387   
   1  1075   1     0     1     1  10.7       10.7       0.01000     0.0392   
   1  1076   1     0     1     1  10.8       10.8       0.01000     0.0398   
   1  1077   1     0     1     1  10.8       10.8       0.01000     0.0404   
   1  1078   1     0     1     1  10.8       10.8       0.01000     0.0410   
   1  1079   1     0     1     1  10.8       10.8       0.01000     0.0416   
   1  1080   1     0     1     1  10.8       10.8       0.01000     0.0422   
   1  1081   1     0     1     1  10.8       10.8       0.01000     0.0428   
   1  1082   1     0     1     1  10.8       10.8       0.01000     0.0434   
   1  1083   1     0     1     1  10.8       10.8       0.01000     0.0440   
   1  1084   1     0     1     1  10.8       10.8       0.01000     0.0445   
   1  1085   1     0     1     1  10.8       10.8       0.01000     0.0451   
   1  1086   1     0     1     1  10.9       10.9       0.01000     0.0457   
   1  1087   1     0     1     1  10.9       10.9       0.01000     0.0463   
   1  1088   1     0     1     1  10.9       10.9       0.01000     0.0469   
   1  1089   1     0     1     1  10.9       10.9       0.01000     0.0475   
   1  1090   1     0     1     1  10.9       10.9       0.01000     0.0481   
   1  1091   1     0     1     1  10.9       10.9       0.01000     0.0487   
   1  1092   1     0     1     1  10.9       10.9       0.01000     0.0492   
   1  1093   1     0     1     1  10.9       10.9       0.01000     0.0498   
   1  1094   1     0     1     1  10.9       10.9       0.01000     0.0504   
   1  1095   1     0     1     1  10.9       10.9       0.01000     0.0510   
   1  1096   1     0     1     1  11.0       11.0       0.01000     0.0516   
   1  1097   1     0     1     1  11.0       11.0       0.01000     0.0522   
   1  1098   1     0     1     1  11.0       11.0       0.01000     0.0528   
   1  1099   1     0     1     1  11.0       11.0       0.01000     0.0534   
   1  1100   1     0     1     1  11.0       11.0       0.01000     0.0540   
                          
 THE ANALYSIS HAS COMPLETED SUCCESSFULLY
