Analysis initiated from SIMULIA established products
Abaqus JOB ME759_assign2_part_a_theta_1.0
Abaqus 3DEXPERIENCE R2018x
Abaqus License Manager checked out the following licenses:
Abaqus/Standard checked out 5 tokens from Flexnet server localhost.
<1019 out of 1024 licenses remain available>.
Begin Compiling Abaqus/Standard User Subroutines
3/19/2022 11:42:38 PM
Intel(R) Fortran Intel(R) 64 Compiler Classic for applications running on Intel(R) 64, Version 2021.5.0 Build 20211109_000000
Copyright (C) 1985-2021 Intel Corporation.  All rights reserved.

End Compiling Abaqus/Standard User Subroutines
Begin Linking Abaqus/Standard User Subroutines
   Creating library standardU.lib and object standardU.exp
End Linking Abaqus/Standard User Subroutines
3/19/2022 11:42:39 PM
Begin Analysis Input File Processor
3/19/2022 11:42:39 PM
Run pre.exe
3/19/2022 11:42:42 PM
End Analysis Input File Processor
Begin Abaqus/Standard Analysis
3/19/2022 11:42:42 PM
Run standard.exe
3/19/2022 11:42:49 PM
End Abaqus/Standard Analysis
Begin Convert MFS to SFS
3/19/2022 11:42:51 PM
Run SMASimUtility.exe
3/19/2022 11:42:51 PM
End Convert MFS to SFS
Abaqus JOB ME759_assign2_part_a_theta_1.0 COMPLETED
