 Abaqus/Standard 3DEXPERIENCE R2018x                  DATE 23-Mar-2022 TIME 14:22:06
 SUMMARY OF JOB INFORMATION:
 MONITOR NODE:       3  INSTANCE: PART-1-1    DOF:  1
 STEP  INC ATT SEVERE EQUIL TOTAL  TOTAL      STEP       INC OF       DOF    IF
               DISCON ITERS ITERS  TIME/    TIME/LPF    TIME/LPF    MONITOR RIKS
               ITERS               FREQ
   1     1   1     0     1     1  0.400      0.400      0.4000      0.00200  
   1     2   1     0     1     1  0.800      0.800      0.4000      0.00400  
   1     3   1     0     1     1  1.20       1.20       0.4000      0.00600  
   1     4   1     0     1     1  1.60       1.60       0.4000      0.00800  
   1     5   1     0     1     1  2.00       2.00       0.4000      0.0100   
   1     6   1     0     1     1  2.40       2.40       0.4000      0.0120   
   1     7   1     0     1     1  2.80       2.80       0.4000      0.0140   
   1     8   1     0     1     1  3.20       3.20       0.4000      0.0160   
   1     9   1     0     1     1  3.60       3.60       0.4000      0.0180   
   1    10   1     0     1     1  4.00       4.00       0.4000      0.0200   
   1    11   1     0     1     1  4.40       4.40       0.4000      0.0220   
   1    12   1     0     1     1  4.80       4.80       0.4000      0.0240   
   1    13   1     0     1     1  5.20       5.20       0.4000      0.0260   
   1    14   1     0     1     1  5.60       5.60       0.4000      0.0280   
   1    15   1     0     1     1  6.00       6.00       0.4000      0.0300   
                          
 THE ANALYSIS HAS COMPLETED SUCCESSFULLY
